Build on ubuntu-latest for linux	Set up job	ï»¿2026-01-31T22:07:08.2264494Z Current runner version: '2.331.0'
Build on ubuntu-latest for linux	Set up job	2026-01-31T22:07:08.2290093Z ##[group]Runner Image Provisioner
Build on ubuntu-latest for linux	Set up job	2026-01-31T22:07:08.2291008Z Hosted Compute Agent
Build on ubuntu-latest for linux	Set up job	2026-01-31T22:07:08.2291597Z Version: 20260123.484
Build on ubuntu-latest for linux	Set up job	2026-01-31T22:07:08.2292155Z Commit: 6bd6555ca37d84114959e1c76d2c01448ff61c5d
Build on ubuntu-latest for linux	Set up job	2026-01-31T22:07:08.2292882Z Build Date: 2026-01-23T19:41:17Z
Build on ubuntu-latest for linux	Set up job	2026-01-31T22:07:08.2293514Z Worker ID: {b5cf1c32-5778-42c8-82b8-8125c9127346}
Build on ubuntu-latest for linux	Set up job	2026-01-31T22:07:08.2294228Z Azure Region: eastus
Build on ubuntu-latest for linux	Set up job	2026-01-31T22:07:08.2294755Z ##[endgroup]
Build on ubuntu-latest for linux	Set up job	2026-01-31T22:07:08.2296895Z ##[group]Operating System
Build on ubuntu-latest for linux	Set up job	2026-01-31T22:07:08.2297520Z Ubuntu
Build on ubuntu-latest for linux	Set up job	2026-01-31T22:07:08.2298016Z 24.04.3
Build on ubuntu-latest for linux	Set up job	2026-01-31T22:07:08.2298487Z LTS
Build on ubuntu-latest for linux	Set up job	2026-01-31T22:07:08.2298913Z ##[endgroup]
Build on ubuntu-latest for linux	Set up job	2026-01-31T22:07:08.2299470Z ##[group]Runner Image
Build on ubuntu-latest for linux	Set up job	2026-01-31T22:07:08.2300006Z Image: ubuntu-24.04
Build on ubuntu-latest for linux	Set up job	2026-01-31T22:07:08.2300512Z Version: 20260126.10.1
Build on ubuntu-latest for linux	Set up job	2026-01-31T22:07:08.2301513Z Included Software: https://github.com/actions/runner-images/blob/ubuntu24/20260126.10/images/ubuntu/Ubuntu2404-Readme.md
Build on ubuntu-latest for linux	Set up job	2026-01-31T22:07:08.2303171Z Image Release: https://github.com/actions/runner-images/releases/tag/ubuntu24%2F20260126.10
Build on ubuntu-latest for linux	Set up job	2026-01-31T22:07:08.2304160Z ##[endgroup]
Build on ubuntu-latest for linux	Set up job	2026-01-31T22:07:08.2305139Z ##[group]GITHUB_TOKEN Permissions
Build on ubuntu-latest for linux	Set up job	2026-01-31T22:07:08.2307402Z Contents: write
Build on ubuntu-latest for linux	Set up job	2026-01-31T22:07:08.2307931Z Metadata: read
Build on ubuntu-latest for linux	Set up job	2026-01-31T22:07:08.2308428Z ##[endgroup]
Build on ubuntu-latest for linux	Set up job	2026-01-31T22:07:08.2310345Z Secret source: Actions
Build on ubuntu-latest for linux	Set up job	2026-01-31T22:07:08.2311441Z Prepare workflow directory
Build on ubuntu-latest for linux	Set up job	2026-01-31T22:07:08.2633262Z Prepare all required actions
Build on ubuntu-latest for linux	Set up job	2026-01-31T22:07:08.2672038Z Getting action download info
Build on ubuntu-latest for linux	Set up job	2026-01-31T22:07:08.4991795Z Download action repository 'actions/checkout@v4' (SHA:34e114876b0b11c390a56381ad16ebd13914f8d5)
Build on ubuntu-latest for linux	Set up job	2026-01-31T22:07:08.5964100Z Download action repository 'actions/upload-artifact@v4' (SHA:ea165f8d65b6e75b540449e92b4886f43607fa02)
Build on ubuntu-latest for linux	Set up job	2026-01-31T22:07:08.8102144Z Complete job name: Build on ubuntu-latest for linux
Build on ubuntu-latest for linux	Checkout code	ï»¿2026-01-31T22:07:08.8798355Z ##[group]Run actions/checkout@v4
Build on ubuntu-latest for linux	Checkout code	2026-01-31T22:07:08.8799242Z with:
Build on ubuntu-latest for linux	Checkout code	2026-01-31T22:07:08.8799669Z   submodules: recursive
Build on ubuntu-latest for linux	Checkout code	2026-01-31T22:07:08.8800143Z   repository: oudeis01/motor-curve-control
Build on ubuntu-latest for linux	Checkout code	2026-01-31T22:07:08.8800872Z   token: ***
Build on ubuntu-latest for linux	Checkout code	2026-01-31T22:07:08.8801259Z   ssh-strict: true
Build on ubuntu-latest for linux	Checkout code	2026-01-31T22:07:08.8801646Z   ssh-user: git
Build on ubuntu-latest for linux	Checkout code	2026-01-31T22:07:08.8802097Z   persist-credentials: true
Build on ubuntu-latest for linux	Checkout code	2026-01-31T22:07:08.8802533Z   clean: true
Build on ubuntu-latest for linux	Checkout code	2026-01-31T22:07:08.8802929Z   sparse-checkout-cone-mode: true
Build on ubuntu-latest for linux	Checkout code	2026-01-31T22:07:08.8803405Z   fetch-depth: 1
Build on ubuntu-latest for linux	Checkout code	2026-01-31T22:07:08.8803786Z   fetch-tags: false
Build on ubuntu-latest for linux	Checkout code	2026-01-31T22:07:08.8804180Z   show-progress: true
Build on ubuntu-latest for linux	Checkout code	2026-01-31T22:07:08.8804576Z   lfs: false
Build on ubuntu-latest for linux	Checkout code	2026-01-31T22:07:08.8804948Z   set-safe-directory: true
Build on ubuntu-latest for linux	Checkout code	2026-01-31T22:07:08.8805601Z ##[endgroup]
Build on ubuntu-latest for linux	Checkout code	2026-01-31T22:07:08.9857474Z Syncing repository: oudeis01/motor-curve-control
Build on ubuntu-latest for linux	Checkout code	2026-01-31T22:07:08.9859192Z ##[group]Getting Git version info
Build on ubuntu-latest for linux	Checkout code	2026-01-31T22:07:08.9860013Z Working directory is '/home/runner/work/motor-curve-control/motor-curve-control'
Build on ubuntu-latest for linux	Checkout code	2026-01-31T22:07:08.9861138Z [command]/usr/bin/git version
Build on ubuntu-latest for linux	Checkout code	2026-01-31T22:07:08.9944972Z git version 2.52.0
Build on ubuntu-latest for linux	Checkout code	2026-01-31T22:07:08.9970763Z ##[endgroup]
Build on ubuntu-latest for linux	Checkout code	2026-01-31T22:07:08.9986678Z Temporarily overriding HOME='/home/runner/work/_temp/15f7cccb-06f3-431a-ba0e-ddf722e29a56' before making global git config changes
Build on ubuntu-latest for linux	Checkout code	2026-01-31T22:07:08.9989086Z Adding repository directory to the temporary git global config as a safe directory
Build on ubuntu-latest for linux	Checkout code	2026-01-31T22:07:09.0000229Z [command]/usr/bin/git config --global --add safe.directory /home/runner/work/motor-curve-control/motor-curve-control
Build on ubuntu-latest for linux	Checkout code	2026-01-31T22:07:09.0040822Z Deleting the contents of '/home/runner/work/motor-curve-control/motor-curve-control'
Build on ubuntu-latest for linux	Checkout code	2026-01-31T22:07:09.0044659Z ##[group]Initializing the repository
Build on ubuntu-latest for linux	Checkout code	2026-01-31T22:07:09.0049733Z [command]/usr/bin/git init /home/runner/work/motor-curve-control/motor-curve-control
Build on ubuntu-latest for linux	Checkout code	2026-01-31T22:07:09.0155479Z hint: Using 'master' as the name for the initial branch. This default branch name
Build on ubuntu-latest for linux	Checkout code	2026-01-31T22:07:09.0157025Z hint: will change to "main" in Git 3.0. To configure the initial branch name
Build on ubuntu-latest for linux	Checkout code	2026-01-31T22:07:09.0158501Z hint: to use in all of your new repositories, which will suppress this warning,
Build on ubuntu-latest for linux	Checkout code	2026-01-31T22:07:09.0159212Z hint: call:
Build on ubuntu-latest for linux	Checkout code	2026-01-31T22:07:09.0159572Z hint:
Build on ubuntu-latest for linux	Checkout code	2026-01-31T22:07:09.0160039Z hint: 	git config --global init.defaultBranch <name>
Build on ubuntu-latest for linux	Checkout code	2026-01-31T22:07:09.0161042Z hint:
Build on ubuntu-latest for linux	Checkout code	2026-01-31T22:07:09.0161794Z hint: Names commonly chosen instead of 'master' are 'main', 'trunk' and
Build on ubuntu-latest for linux	Checkout code	2026-01-31T22:07:09.0163006Z hint: 'development'. The just-created branch can be renamed via this command:
Build on ubuntu-latest for linux	Checkout code	2026-01-31T22:07:09.0164297Z hint:
Build on ubuntu-latest for linux	Checkout code	2026-01-31T22:07:09.0164985Z hint: 	git branch -m <name>
Build on ubuntu-latest for linux	Checkout code	2026-01-31T22:07:09.0165780Z hint:
Build on ubuntu-latest for linux	Checkout code	2026-01-31T22:07:09.0167025Z hint: Disable this message with "git config set advice.defaultBranchName false"
Build on ubuntu-latest for linux	Checkout code	2026-01-31T22:07:09.0169075Z Initialized empty Git repository in /home/runner/work/motor-curve-control/motor-curve-control/.git/
Build on ubuntu-latest for linux	Checkout code	2026-01-31T22:07:09.0174816Z [command]/usr/bin/git remote add origin https://github.com/oudeis01/motor-curve-control
Build on ubuntu-latest for linux	Checkout code	2026-01-31T22:07:09.0208614Z ##[endgroup]
Build on ubuntu-latest for linux	Checkout code	2026-01-31T22:07:09.0209842Z ##[group]Disabling automatic garbage collection
Build on ubuntu-latest for linux	Checkout code	2026-01-31T22:07:09.0213470Z [command]/usr/bin/git config --local gc.auto 0
Build on ubuntu-latest for linux	Checkout code	2026-01-31T22:07:09.0242036Z ##[endgroup]
Build on ubuntu-latest for linux	Checkout code	2026-01-31T22:07:09.0243221Z ##[group]Setting up auth
Build on ubuntu-latest for linux	Checkout code	2026-01-31T22:07:09.0249461Z [command]/usr/bin/git config --local --name-only --get-regexp core\.sshCommand
Build on ubuntu-latest for linux	Checkout code	2026-01-31T22:07:09.0280164Z [command]/usr/bin/git submodule foreach --recursive sh -c "git config --local --name-only --get-regexp 'core\.sshCommand' && git config --local --unset-all 'core.sshCommand' || :"
Build on ubuntu-latest for linux	Checkout code	2026-01-31T22:07:09.0631264Z [command]/usr/bin/git config --local --name-only --get-regexp http\.https\:\/\/github\.com\/\.extraheader
Build on ubuntu-latest for linux	Checkout code	2026-01-31T22:07:09.0663965Z [command]/usr/bin/git submodule foreach --recursive sh -c "git config --local --name-only --get-regexp 'http\.https\:\/\/github\.com\/\.extraheader' && git config --local --unset-all 'http.https://github.com/.extraheader' || :"
Build on ubuntu-latest for linux	Checkout code	2026-01-31T22:07:09.0883529Z [command]/usr/bin/git config --local --name-only --get-regexp ^includeIf\.gitdir:
Build on ubuntu-latest for linux	Checkout code	2026-01-31T22:07:09.0913907Z [command]/usr/bin/git submodule foreach --recursive git config --local --show-origin --name-only --get-regexp remote.origin.url
Build on ubuntu-latest for linux	Checkout code	2026-01-31T22:07:09.1142701Z [command]/usr/bin/git config --local http.https://github.com/.extraheader AUTHORIZATION: basic ***
Build on ubuntu-latest for linux	Checkout code	2026-01-31T22:07:09.1176693Z ##[endgroup]
Build on ubuntu-latest for linux	Checkout code	2026-01-31T22:07:09.1177925Z ##[group]Fetching the repository
Build on ubuntu-latest for linux	Checkout code	2026-01-31T22:07:09.1186710Z [command]/usr/bin/git -c protocol.version=2 fetch --no-tags --prune --no-recurse-submodules --depth=1 origin +810083f43d5bb3ddd867efdbb105ea24d55b2d15:refs/tags/v1.0.2
Build on ubuntu-latest for linux	Checkout code	2026-01-31T22:07:09.2753405Z From https://github.com/oudeis01/motor-curve-control
Build on ubuntu-latest for linux	Checkout code	2026-01-31T22:07:09.2755779Z  * [new ref]         810083f43d5bb3ddd867efdbb105ea24d55b2d15 -> v1.0.2
Build on ubuntu-latest for linux	Checkout code	2026-01-31T22:07:09.2784543Z ##[endgroup]
Build on ubuntu-latest for linux	Checkout code	2026-01-31T22:07:09.2785298Z ##[group]Determining the checkout info
Build on ubuntu-latest for linux	Checkout code	2026-01-31T22:07:09.2786680Z ##[endgroup]
Build on ubuntu-latest for linux	Checkout code	2026-01-31T22:07:09.2791525Z [command]/usr/bin/git sparse-checkout disable
Build on ubuntu-latest for linux	Checkout code	2026-01-31T22:07:09.2832382Z [command]/usr/bin/git config --local --unset-all extensions.worktreeConfig
Build on ubuntu-latest for linux	Checkout code	2026-01-31T22:07:09.2858049Z ##[group]Checking out the ref
Build on ubuntu-latest for linux	Checkout code	2026-01-31T22:07:09.2861075Z [command]/usr/bin/git checkout --progress --force refs/tags/v1.0.2
Build on ubuntu-latest for linux	Checkout code	2026-01-31T22:07:09.3568406Z Note: switching to 'refs/tags/v1.0.2'.
Build on ubuntu-latest for linux	Checkout code	2026-01-31T22:07:09.3569041Z 
Build on ubuntu-latest for linux	Checkout code	2026-01-31T22:07:09.3569442Z You are in 'detached HEAD' state. You can look around, make experimental
Build on ubuntu-latest for linux	Checkout code	2026-01-31T22:07:09.3570775Z changes and commit them, and you can discard any commits you make in this
Build on ubuntu-latest for linux	Checkout code	2026-01-31T22:07:09.3571977Z state without impacting any branches by switching back to a branch.
Build on ubuntu-latest for linux	Checkout code	2026-01-31T22:07:09.3572499Z 
Build on ubuntu-latest for linux	Checkout code	2026-01-31T22:07:09.3572838Z If you want to create a new branch to retain commits you create, you may
Build on ubuntu-latest for linux	Checkout code	2026-01-31T22:07:09.3573650Z do so (now or later) by using -c with the switch command. Example:
Build on ubuntu-latest for linux	Checkout code	2026-01-31T22:07:09.3574120Z 
Build on ubuntu-latest for linux	Checkout code	2026-01-31T22:07:09.3574347Z   git switch -c <new-branch-name>
Build on ubuntu-latest for linux	Checkout code	2026-01-31T22:07:09.3574667Z 
Build on ubuntu-latest for linux	Checkout code	2026-01-31T22:07:09.3575106Z Or undo this operation with:
Build on ubuntu-latest for linux	Checkout code	2026-01-31T22:07:09.3575418Z 
Build on ubuntu-latest for linux	Checkout code	2026-01-31T22:07:09.3575586Z   git switch -
Build on ubuntu-latest for linux	Checkout code	2026-01-31T22:07:09.3575815Z 
Build on ubuntu-latest for linux	Checkout code	2026-01-31T22:07:09.3576509Z Turn off this advice by setting config variable advice.detachedHead to false
Build on ubuntu-latest for linux	Checkout code	2026-01-31T22:07:09.3577292Z 
Build on ubuntu-latest for linux	Checkout code	2026-01-31T22:07:09.3577798Z HEAD is now at 810083f fix: restore missing imgui_filedialog declaration and simplify FetchContent
Build on ubuntu-latest for linux	Checkout code	2026-01-31T22:07:09.3814455Z ##[endgroup]
Build on ubuntu-latest for linux	Checkout code	2026-01-31T22:07:09.3815736Z ##[group]Setting up auth for fetching submodules
Build on ubuntu-latest for linux	Checkout code	2026-01-31T22:07:09.3820818Z [command]/usr/bin/git config --global http.https://github.com/.extraheader AUTHORIZATION: basic ***
Build on ubuntu-latest for linux	Checkout code	2026-01-31T22:07:09.3856939Z [command]/usr/bin/git config --global --unset-all url.https://github.com/.insteadOf
Build on ubuntu-latest for linux	Checkout code	2026-01-31T22:07:09.3886192Z [command]/usr/bin/git config --global --add url.https://github.com/.insteadOf git@github.com:
Build on ubuntu-latest for linux	Checkout code	2026-01-31T22:07:09.3915510Z [command]/usr/bin/git config --global --add url.https://github.com/.insteadOf org-181175220@github.com:
Build on ubuntu-latest for linux	Checkout code	2026-01-31T22:07:09.3942014Z ##[endgroup]
Build on ubuntu-latest for linux	Checkout code	2026-01-31T22:07:09.3943108Z ##[group]Fetching submodules
Build on ubuntu-latest for linux	Checkout code	2026-01-31T22:07:09.3946810Z [command]/usr/bin/git submodule sync --recursive
Build on ubuntu-latest for linux	Checkout code	2026-01-31T22:07:09.4172492Z [command]/usr/bin/git -c protocol.version=2 submodule update --init --force --depth=1 --recursive
Build on ubuntu-latest for linux	Checkout code	2026-01-31T22:07:09.4395764Z [command]/usr/bin/git submodule foreach --recursive git config --local gc.auto 0
Build on ubuntu-latest for linux	Checkout code	2026-01-31T22:07:09.4619358Z ##[endgroup]
Build on ubuntu-latest for linux	Checkout code	2026-01-31T22:07:09.4620592Z ##[group]Persisting credentials for submodules
Build on ubuntu-latest for linux	Checkout code	2026-01-31T22:07:09.4627879Z [command]/usr/bin/git submodule foreach --recursive sh -c "git config --local --name-only --get-regexp 'url\.https\:\/\/github\.com\/\.insteadOf' && git config --local --unset-all 'url.https://github.com/.insteadOf' || :"
Build on ubuntu-latest for linux	Checkout code	2026-01-31T22:07:09.4849741Z [command]/usr/bin/git submodule foreach --recursive sh -c "git config --local 'http.https://github.com/.extraheader' 'AUTHORIZATION: basic ***' && git config --local --show-origin --name-only --get-regexp remote.origin.url"
Build on ubuntu-latest for linux	Checkout code	2026-01-31T22:07:09.5068498Z [command]/usr/bin/git submodule foreach --recursive git config --local --add 'url.https://github.com/.insteadOf' 'git@github.com:'
Build on ubuntu-latest for linux	Checkout code	2026-01-31T22:07:09.5323410Z [command]/usr/bin/git submodule foreach --recursive git config --local --add 'url.https://github.com/.insteadOf' 'org-181175220@github.com:'
Build on ubuntu-latest for linux	Checkout code	2026-01-31T22:07:09.5524453Z ##[endgroup]
Build on ubuntu-latest for linux	Checkout code	2026-01-31T22:07:09.5558882Z [command]/usr/bin/git log -1 --format=%H
Build on ubuntu-latest for linux	Checkout code	2026-01-31T22:07:09.5581582Z 810083f43d5bb3ddd867efdbb105ea24d55b2d15
Build on ubuntu-latest for linux	Install Dependencies (Linux)	ï»¿2026-01-31T22:07:09.5796244Z ##[group]Run sudo apt-get update
Build on ubuntu-latest for linux	Install Dependencies (Linux)	2026-01-31T22:07:09.5797285Z [36;1msudo apt-get update[0m
Build on ubuntu-latest for linux	Install Dependencies (Linux)	2026-01-31T22:07:09.5799915Z [36;1msudo apt-get install -y libglfw3-dev libglew-dev libglu1-mesa-dev mesa-common-dev libx11-dev libxrandr-dev libxinerama-dev libxcursor-dev libxi-dev[0m
Build on ubuntu-latest for linux	Install Dependencies (Linux)	2026-01-31T22:07:09.5837748Z shell: /usr/bin/bash -e {0}
Build on ubuntu-latest for linux	Install Dependencies (Linux)	2026-01-31T22:07:09.5838581Z ##[endgroup]
Build on ubuntu-latest for linux	Install Dependencies (Linux)	2026-01-31T22:07:09.6701729Z Get:1 file:/etc/apt/apt-mirrors.txt Mirrorlist [144 B]
Build on ubuntu-latest for linux	Install Dependencies (Linux)	2026-01-31T22:07:09.7105631Z Hit:2 http://azure.archive.ubuntu.com/ubuntu noble InRelease
Build on ubuntu-latest for linux	Install Dependencies (Linux)	2026-01-31T22:07:09.7111616Z Hit:6 https://packages.microsoft.com/repos/azure-cli noble InRelease
Build on ubuntu-latest for linux	Install Dependencies (Linux)	2026-01-31T22:07:09.7114719Z Get:7 https://packages.microsoft.com/ubuntu/24.04/prod noble InRelease [3600 B]
Build on ubuntu-latest for linux	Install Dependencies (Linux)	2026-01-31T22:07:09.7136343Z Get:3 http://azure.archive.ubuntu.com/ubuntu noble-updates InRelease [126 kB]
Build on ubuntu-latest for linux	Install Dependencies (Linux)	2026-01-31T22:07:09.7190031Z Get:4 http://azure.archive.ubuntu.com/ubuntu noble-backports InRelease [126 kB]
Build on ubuntu-latest for linux	Install Dependencies (Linux)	2026-01-31T22:07:09.7222184Z Get:5 http://azure.archive.ubuntu.com/ubuntu noble-security InRelease [126 kB]
Build on ubuntu-latest for linux	Install Dependencies (Linux)	2026-01-31T22:07:09.8799093Z Get:8 https://packages.microsoft.com/ubuntu/24.04/prod noble/main amd64 Packages [87.8 kB]
Build on ubuntu-latest for linux	Install Dependencies (Linux)	2026-01-31T22:07:09.8916157Z Get:9 https://packages.microsoft.com/ubuntu/24.04/prod noble/main arm64 Packages [67.6 kB]
Build on ubuntu-latest for linux	Install Dependencies (Linux)	2026-01-31T22:07:09.9228902Z Get:10 http://azure.archive.ubuntu.com/ubuntu noble-updates/main amd64 Packages [1717 kB]
Build on ubuntu-latest for linux	Install Dependencies (Linux)	2026-01-31T22:07:09.9374603Z Get:11 http://azure.archive.ubuntu.com/ubuntu noble-updates/main Translation-en [317 kB]
Build on ubuntu-latest for linux	Install Dependencies (Linux)	2026-01-31T22:07:09.9411421Z Get:12 http://azure.archive.ubuntu.com/ubuntu noble-updates/main amd64 Components [175 kB]
Build on ubuntu-latest for linux	Install Dependencies (Linux)	2026-01-31T22:07:09.9444338Z Get:13 http://azure.archive.ubuntu.com/ubuntu noble-updates/main amd64 c-n-f Metadata [16.0 kB]
Build on ubuntu-latest for linux	Install Dependencies (Linux)	2026-01-31T22:07:09.9472198Z Get:14 http://azure.archive.ubuntu.com/ubuntu noble-updates/universe amd64 Packages [1525 kB]
Build on ubuntu-latest for linux	Install Dependencies (Linux)	2026-01-31T22:07:09.9573888Z Get:15 http://azure.archive.ubuntu.com/ubuntu noble-updates/universe Translation-en [312 kB]
Build on ubuntu-latest for linux	Install Dependencies (Linux)	2026-01-31T22:07:09.9619808Z Get:16 http://azure.archive.ubuntu.com/ubuntu noble-updates/universe amd64 Components [386 kB]
Build on ubuntu-latest for linux	Install Dependencies (Linux)	2026-01-31T22:07:09.9643268Z Get:17 http://azure.archive.ubuntu.com/ubuntu noble-updates/universe amd64 c-n-f Metadata [31.8 kB]
Build on ubuntu-latest for linux	Install Dependencies (Linux)	2026-01-31T22:07:09.9657625Z Get:18 http://azure.archive.ubuntu.com/ubuntu noble-updates/restricted amd64 Packages [2536 kB]
Build on ubuntu-latest for linux	Install Dependencies (Linux)	2026-01-31T22:07:09.9810312Z Get:19 http://azure.archive.ubuntu.com/ubuntu noble-updates/restricted Translation-en [580 kB]
Build on ubuntu-latest for linux	Install Dependencies (Linux)	2026-01-31T22:07:10.0272414Z Get:20 http://azure.archive.ubuntu.com/ubuntu noble-updates/restricted amd64 Components [212 B]
Build on ubuntu-latest for linux	Install Dependencies (Linux)	2026-01-31T22:07:10.0286277Z Get:21 http://azure.archive.ubuntu.com/ubuntu noble-updates/restricted amd64 c-n-f Metadata [556 B]
Build on ubuntu-latest for linux	Install Dependencies (Linux)	2026-01-31T22:07:10.0299920Z Get:22 http://azure.archive.ubuntu.com/ubuntu noble-updates/multiverse amd64 Packages [32.1 kB]
Build on ubuntu-latest for linux	Install Dependencies (Linux)	2026-01-31T22:07:10.0317369Z Get:23 http://azure.archive.ubuntu.com/ubuntu noble-updates/multiverse Translation-en [6816 B]
Build on ubuntu-latest for linux	Install Dependencies (Linux)	2026-01-31T22:07:10.0332350Z Get:24 http://azure.archive.ubuntu.com/ubuntu noble-updates/multiverse amd64 Components [940 B]
Build on ubuntu-latest for linux	Install Dependencies (Linux)	2026-01-31T22:07:10.0348868Z Get:25 http://azure.archive.ubuntu.com/ubuntu noble-updates/multiverse amd64 c-n-f Metadata [496 B]
Build on ubuntu-latest for linux	Install Dependencies (Linux)	2026-01-31T22:07:10.0364876Z Get:26 http://azure.archive.ubuntu.com/ubuntu noble-backports/main amd64 Components [7300 B]
Build on ubuntu-latest for linux	Install Dependencies (Linux)	2026-01-31T22:07:10.0377585Z Get:27 http://azure.archive.ubuntu.com/ubuntu noble-backports/universe amd64 Components [10.5 kB]
Build on ubuntu-latest for linux	Install Dependencies (Linux)	2026-01-31T22:07:10.0391233Z Get:28 http://azure.archive.ubuntu.com/ubuntu noble-backports/restricted amd64 Components [216 B]
Build on ubuntu-latest for linux	Install Dependencies (Linux)	2026-01-31T22:07:10.0409727Z Get:29 http://azure.archive.ubuntu.com/ubuntu noble-backports/multiverse amd64 Components [212 B]
Build on ubuntu-latest for linux	Install Dependencies (Linux)	2026-01-31T22:07:10.0541895Z Get:30 http://azure.archive.ubuntu.com/ubuntu noble-security/main amd64 Packages [1410 kB]
Build on ubuntu-latest for linux	Install Dependencies (Linux)	2026-01-31T22:07:10.0628341Z Get:31 http://azure.archive.ubuntu.com/ubuntu noble-security/main Translation-en [229 kB]
Build on ubuntu-latest for linux	Install Dependencies (Linux)	2026-01-31T22:07:10.0653596Z Get:32 http://azure.archive.ubuntu.com/ubuntu noble-security/main amd64 Components [21.5 kB]
Build on ubuntu-latest for linux	Install Dependencies (Linux)	2026-01-31T22:07:10.0667210Z Get:33 http://azure.archive.ubuntu.com/ubuntu noble-security/main amd64 c-n-f Metadata [9820 B]
Build on ubuntu-latest for linux	Install Dependencies (Linux)	2026-01-31T22:07:10.1118992Z Get:34 http://azure.archive.ubuntu.com/ubuntu noble-security/universe amd64 Packages [925 kB]
Build on ubuntu-latest for linux	Install Dependencies (Linux)	2026-01-31T22:07:10.1172156Z Get:35 http://azure.archive.ubuntu.com/ubuntu noble-security/universe Translation-en [209 kB]
Build on ubuntu-latest for linux	Install Dependencies (Linux)	2026-01-31T22:07:10.1195659Z Get:36 http://azure.archive.ubuntu.com/ubuntu noble-security/universe amd64 Components [74.2 kB]
Build on ubuntu-latest for linux	Install Dependencies (Linux)	2026-01-31T22:07:10.1214100Z Get:37 http://azure.archive.ubuntu.com/ubuntu noble-security/universe amd64 c-n-f Metadata [19.7 kB]
Build on ubuntu-latest for linux	Install Dependencies (Linux)	2026-01-31T22:07:10.1232956Z Get:38 http://azure.archive.ubuntu.com/ubuntu noble-security/restricted amd64 Packages [2369 kB]
Build on ubuntu-latest for linux	Install Dependencies (Linux)	2026-01-31T22:07:10.1359010Z Get:39 http://azure.archive.ubuntu.com/ubuntu noble-security/restricted Translation-en [543 kB]
Build on ubuntu-latest for linux	Install Dependencies (Linux)	2026-01-31T22:07:10.1398896Z Get:40 http://azure.archive.ubuntu.com/ubuntu noble-security/restricted amd64 Components [208 B]
Build on ubuntu-latest for linux	Install Dependencies (Linux)	2026-01-31T22:07:10.1412318Z Get:41 http://azure.archive.ubuntu.com/ubuntu noble-security/restricted amd64 c-n-f Metadata [536 B]
Build on ubuntu-latest for linux	Install Dependencies (Linux)	2026-01-31T22:07:10.1425469Z Get:42 http://azure.archive.ubuntu.com/ubuntu noble-security/multiverse amd64 Packages [28.8 kB]
Build on ubuntu-latest for linux	Install Dependencies (Linux)	2026-01-31T22:07:10.1447654Z Get:43 http://azure.archive.ubuntu.com/ubuntu noble-security/multiverse Translation-en [6492 B]
Build on ubuntu-latest for linux	Install Dependencies (Linux)	2026-01-31T22:07:10.1462724Z Get:44 http://azure.archive.ubuntu.com/ubuntu noble-security/multiverse amd64 Components [212 B]
Build on ubuntu-latest for linux	Install Dependencies (Linux)	2026-01-31T22:07:10.1478470Z Get:45 http://azure.archive.ubuntu.com/ubuntu noble-security/multiverse amd64 c-n-f Metadata [396 B]
Build on ubuntu-latest for linux	Install Dependencies (Linux)	2026-01-31T22:07:18.9367193Z Fetched 14.0 MB in 2s (8358 kB/s)
Build on ubuntu-latest for linux	Install Dependencies (Linux)	2026-01-31T22:07:19.7167564Z Reading package lists...
Build on ubuntu-latest for linux	Install Dependencies (Linux)	2026-01-31T22:07:19.7493323Z Reading package lists...
Build on ubuntu-latest for linux	Install Dependencies (Linux)	2026-01-31T22:07:19.9445493Z Building dependency tree...
Build on ubuntu-latest for linux	Install Dependencies (Linux)	2026-01-31T22:07:19.9453338Z Reading state information...
Build on ubuntu-latest for linux	Install Dependencies (Linux)	2026-01-31T22:07:20.1387253Z The following additional packages will be installed:
Build on ubuntu-latest for linux	Install Dependencies (Linux)	2026-01-31T22:07:20.1388517Z   libdrm-amdgpu1 libdrm-common libdrm-dev libdrm-intel1 libdrm-nouveau2
Build on ubuntu-latest for linux	Install Dependencies (Linux)	2026-01-31T22:07:20.1389368Z   libdrm-radeon1 libdrm2 libegl-dev libegl-mesa0 libegl1 libegl1-mesa-dev
Build on ubuntu-latest for linux	Install Dependencies (Linux)	2026-01-31T22:07:20.1390316Z   libgbm1 libgl-dev libgl1-mesa-dri libgles-dev libgles1 libgles2 libglew2.2
Build on ubuntu-latest for linux	Install Dependencies (Linux)	2026-01-31T22:07:20.1391161Z   libglfw3 libglu1-mesa libglvnd-core-dev libglvnd-dev libglx-dev libglx-mesa0
Build on ubuntu-latest for linux	Install Dependencies (Linux)	2026-01-31T22:07:20.1391950Z   libopengl-dev libopengl0 libpciaccess-dev libpthread-stubs0-dev
Build on ubuntu-latest for linux	Install Dependencies (Linux)	2026-01-31T22:07:20.1397345Z   libvulkan-dev libwayland-bin libwayland-dev libxau-dev libxcb1-dev
Build on ubuntu-latest for linux	Install Dependencies (Linux)	2026-01-31T22:07:20.1398267Z   libxdmcp-dev libxext-dev libxfixes-dev libxrender-dev mesa-libgallium
Build on ubuntu-latest for linux	Install Dependencies (Linux)	2026-01-31T22:07:20.1398960Z   x11proto-dev xorg-sgml-doctools xtrans-dev
Build on ubuntu-latest for linux	Install Dependencies (Linux)	2026-01-31T22:07:20.1404031Z Suggested packages:
Build on ubuntu-latest for linux	Install Dependencies (Linux)	2026-01-31T22:07:20.1404847Z   glew-utils libosmesa6 libglfw3-doc libwayland-doc libx11-doc libxcb-doc
Build on ubuntu-latest for linux	Install Dependencies (Linux)	2026-01-31T22:07:20.1405500Z   libxext-doc
Build on ubuntu-latest for linux	Install Dependencies (Linux)	2026-01-31T22:07:20.1790986Z The following NEW packages will be installed:
Build on ubuntu-latest for linux	Install Dependencies (Linux)	2026-01-31T22:07:20.1791799Z   libdrm-dev libdrm-nouveau2 libdrm-radeon1 libegl-dev libegl-mesa0 libegl1
Build on ubuntu-latest for linux	Install Dependencies (Linux)	2026-01-31T22:07:20.1792645Z   libegl1-mesa-dev libgl-dev libgles-dev libgles1 libgles2 libglew-dev
Build on ubuntu-latest for linux	Install Dependencies (Linux)	2026-01-31T22:07:20.1793163Z   libglew2.2 libglfw3 libglfw3-dev libglu1-mesa libglu1-mesa-dev
Build on ubuntu-latest for linux	Install Dependencies (Linux)	2026-01-31T22:07:20.1793635Z   libglvnd-core-dev libglvnd-dev libglx-dev libopengl-dev libopengl0
Build on ubuntu-latest for linux	Install Dependencies (Linux)	2026-01-31T22:07:20.1794787Z   libpciaccess-dev libpthread-stubs0-dev libvulkan-dev libwayland-bin
Build on ubuntu-latest for linux	Install Dependencies (Linux)	2026-01-31T22:07:20.1795699Z   libwayland-dev libx11-dev libxau-dev libxcb1-dev libxcursor-dev libxdmcp-dev
Build on ubuntu-latest for linux	Install Dependencies (Linux)	2026-01-31T22:07:20.1796788Z   libxext-dev libxfixes-dev libxi-dev libxinerama-dev libxrandr-dev
Build on ubuntu-latest for linux	Install Dependencies (Linux)	2026-01-31T22:07:20.1800208Z   libxrender-dev mesa-common-dev x11proto-dev xorg-sgml-doctools xtrans-dev
Build on ubuntu-latest for linux	Install Dependencies (Linux)	2026-01-31T22:07:20.1807316Z The following packages will be upgraded:
Build on ubuntu-latest for linux	Install Dependencies (Linux)	2026-01-31T22:07:20.1808522Z   libdrm-amdgpu1 libdrm-common libdrm-intel1 libdrm2 libgbm1 libgl1-mesa-dri
Build on ubuntu-latest for linux	Install Dependencies (Linux)	2026-01-31T22:07:20.1814606Z   libglx-mesa0 mesa-libgallium
Build on ubuntu-latest for linux	Install Dependencies (Linux)	2026-01-31T22:07:20.2016685Z 8 upgraded, 42 newly installed, 0 to remove and 78 not upgraded.
Build on ubuntu-latest for linux	Install Dependencies (Linux)	2026-01-31T22:07:20.2017292Z Need to get 19.3 MB of archives.
Build on ubuntu-latest for linux	Install Dependencies (Linux)	2026-01-31T22:07:20.2017627Z After this operation, 50.4 MB of additional disk space will be used.
Build on ubuntu-latest for linux	Install Dependencies (Linux)	2026-01-31T22:07:20.2018023Z Get:1 file:/etc/apt/apt-mirrors.txt Mirrorlist [144 B]
Build on ubuntu-latest for linux	Install Dependencies (Linux)	2026-01-31T22:07:20.3090468Z Get:2 http://azure.archive.ubuntu.com/ubuntu noble-updates/main amd64 libdrm-common all 2.4.125-1ubuntu0.1~24.04.1 [9174 B]
Build on ubuntu-latest for linux	Install Dependencies (Linux)	2026-01-31T22:07:20.3180676Z Get:3 http://azure.archive.ubuntu.com/ubuntu noble-updates/main amd64 libdrm2 amd64 2.4.125-1ubuntu0.1~24.04.1 [41.3 kB]
Build on ubuntu-latest for linux	Install Dependencies (Linux)	2026-01-31T22:07:20.3272295Z Get:4 http://azure.archive.ubuntu.com/ubuntu noble-updates/main amd64 libdrm-amdgpu1 amd64 2.4.125-1ubuntu0.1~24.04.1 [21.4 kB]
Build on ubuntu-latest for linux	Install Dependencies (Linux)	2026-01-31T22:07:20.3355499Z Get:5 http://azure.archive.ubuntu.com/ubuntu noble-updates/main amd64 libdrm-intel1 amd64 2.4.125-1ubuntu0.1~24.04.1 [63.8 kB]
Build on ubuntu-latest for linux	Install Dependencies (Linux)	2026-01-31T22:07:20.3464969Z Get:6 http://azure.archive.ubuntu.com/ubuntu noble-updates/main amd64 libdrm-radeon1 amd64 2.4.125-1ubuntu0.1~24.04.1 [20.8 kB]
Build on ubuntu-latest for linux	Install Dependencies (Linux)	2026-01-31T22:07:20.3547717Z Get:7 http://azure.archive.ubuntu.com/ubuntu noble-updates/main amd64 libdrm-nouveau2 amd64 2.4.125-1ubuntu0.1~24.04.1 [17.7 kB]
Build on ubuntu-latest for linux	Install Dependencies (Linux)	2026-01-31T22:07:20.3629425Z Get:8 http://azure.archive.ubuntu.com/ubuntu noble-updates/main amd64 libpciaccess-dev amd64 0.17-3ubuntu0.24.04.2 [22.0 kB]
Build on ubuntu-latest for linux	Install Dependencies (Linux)	2026-01-31T22:07:20.3709707Z Get:9 http://azure.archive.ubuntu.com/ubuntu noble-updates/main amd64 libdrm-dev amd64 2.4.125-1ubuntu0.1~24.04.1 [314 kB]
Build on ubuntu-latest for linux	Install Dependencies (Linux)	2026-01-31T22:07:20.3826641Z Get:10 http://azure.archive.ubuntu.com/ubuntu noble-updates/main amd64 libgl1-mesa-dri amd64 25.2.8-0ubuntu0.24.04.1 [37.9 kB]
Build on ubuntu-latest for linux	Install Dependencies (Linux)	2026-01-31T22:07:20.3906922Z Get:11 http://azure.archive.ubuntu.com/ubuntu noble-updates/main amd64 libglx-mesa0 amd64 25.2.8-0ubuntu0.24.04.1 [110 kB]
Build on ubuntu-latest for linux	Install Dependencies (Linux)	2026-01-31T22:07:20.4018194Z Get:12 http://azure.archive.ubuntu.com/ubuntu noble-updates/main amd64 libgbm1 amd64 25.2.8-0ubuntu0.24.04.1 [34.2 kB]
Build on ubuntu-latest for linux	Install Dependencies (Linux)	2026-01-31T22:07:20.4101636Z Get:13 http://azure.archive.ubuntu.com/ubuntu noble-updates/main amd64 mesa-libgallium amd64 25.2.8-0ubuntu0.24.04.1 [10.8 MB]
Build on ubuntu-latest for linux	Install Dependencies (Linux)	2026-01-31T22:07:20.5253621Z Get:14 http://azure.archive.ubuntu.com/ubuntu noble-updates/main amd64 libegl-mesa0 amd64 25.2.8-0ubuntu0.24.04.1 [117 kB]
Build on ubuntu-latest for linux	Install Dependencies (Linux)	2026-01-31T22:07:20.5342890Z Get:15 http://azure.archive.ubuntu.com/ubuntu noble/main amd64 libegl1 amd64 1.7.0-1build1 [28.7 kB]
Build on ubuntu-latest for linux	Install Dependencies (Linux)	2026-01-31T22:07:20.5431471Z Get:16 http://azure.archive.ubuntu.com/ubuntu noble/main amd64 xorg-sgml-doctools all 1:1.11-1.1 [10.9 kB]
Build on ubuntu-latest for linux	Install Dependencies (Linux)	2026-01-31T22:07:20.5509119Z Get:17 http://azure.archive.ubuntu.com/ubuntu noble/main amd64 x11proto-dev all 2023.2-1 [602 kB]
Build on ubuntu-latest for linux	Install Dependencies (Linux)	2026-01-31T22:07:20.5658055Z Get:18 http://azure.archive.ubuntu.com/ubuntu noble/main amd64 libxau-dev amd64 1:1.0.9-1build6 [9570 B]
Build on ubuntu-latest for linux	Install Dependencies (Linux)	2026-01-31T22:07:20.5737457Z Get:19 http://azure.archive.ubuntu.com/ubuntu noble/main amd64 libxdmcp-dev amd64 1:1.1.3-0ubuntu6 [26.5 kB]
Build on ubuntu-latest for linux	Install Dependencies (Linux)	2026-01-31T22:07:20.6254897Z Get:20 http://azure.archive.ubuntu.com/ubuntu noble/main amd64 xtrans-dev all 1.4.0-1 [68.9 kB]
Build on ubuntu-latest for linux	Install Dependencies (Linux)	2026-01-31T22:07:20.6341184Z Get:21 http://azure.archive.ubuntu.com/ubuntu noble/main amd64 libpthread-stubs0-dev amd64 0.4-1build3 [4746 B]
Build on ubuntu-latest for linux	Install Dependencies (Linux)	2026-01-31T22:07:20.6424535Z Get:22 http://azure.archive.ubuntu.com/ubuntu noble/main amd64 libxcb1-dev amd64 1.15-1ubuntu2 [85.8 kB]
Build on ubuntu-latest for linux	Install Dependencies (Linux)	2026-01-31T22:07:20.6511585Z Get:23 http://azure.archive.ubuntu.com/ubuntu noble/main amd64 libx11-dev amd64 2:1.8.7-1build1 [732 kB]
Build on ubuntu-latest for linux	Install Dependencies (Linux)	2026-01-31T22:07:20.6667467Z Get:24 http://azure.archive.ubuntu.com/ubuntu noble/main amd64 libglx-dev amd64 1.7.0-1build1 [14.2 kB]
Build on ubuntu-latest for linux	Install Dependencies (Linux)	2026-01-31T22:07:20.6750897Z Get:25 http://azure.archive.ubuntu.com/ubuntu noble/main amd64 libgl-dev amd64 1.7.0-1build1 [102 kB]
Build on ubuntu-latest for linux	Install Dependencies (Linux)	2026-01-31T22:07:20.6840960Z Get:26 http://azure.archive.ubuntu.com/ubuntu noble/main amd64 libegl-dev amd64 1.7.0-1build1 [18.2 kB]
Build on ubuntu-latest for linux	Install Dependencies (Linux)	2026-01-31T22:07:20.6921648Z Get:27 http://azure.archive.ubuntu.com/ubuntu noble/main amd64 libglvnd-core-dev amd64 1.7.0-1build1 [13.6 kB]
Build on ubuntu-latest for linux	Install Dependencies (Linux)	2026-01-31T22:07:20.7003963Z Get:28 http://azure.archive.ubuntu.com/ubuntu noble/main amd64 libgles1 amd64 1.7.0-1build1 [11.6 kB]
Build on ubuntu-latest for linux	Install Dependencies (Linux)	2026-01-31T22:07:20.7087174Z Get:29 http://azure.archive.ubuntu.com/ubuntu noble/main amd64 libgles2 amd64 1.7.0-1build1 [17.1 kB]
Build on ubuntu-latest for linux	Install Dependencies (Linux)	2026-01-31T22:07:20.7168945Z Get:30 http://azure.archive.ubuntu.com/ubuntu noble/main amd64 libgles-dev amd64 1.7.0-1build1 [50.5 kB]
Build on ubuntu-latest for linux	Install Dependencies (Linux)	2026-01-31T22:07:20.7252531Z Get:31 http://azure.archive.ubuntu.com/ubuntu noble/main amd64 libopengl0 amd64 1.7.0-1build1 [32.8 kB]
Build on ubuntu-latest for linux	Install Dependencies (Linux)	2026-01-31T22:07:20.7332787Z Get:32 http://azure.archive.ubuntu.com/ubuntu noble/main amd64 libopengl-dev amd64 1.7.0-1build1 [3454 B]
Build on ubuntu-latest for linux	Install Dependencies (Linux)	2026-01-31T22:07:20.7418517Z Get:33 http://azure.archive.ubuntu.com/ubuntu noble/main amd64 libglvnd-dev amd64 1.7.0-1build1 [3198 B]
Build on ubuntu-latest for linux	Install Dependencies (Linux)	2026-01-31T22:07:20.7497663Z Get:34 http://azure.archive.ubuntu.com/ubuntu noble-updates/main amd64 libegl1-mesa-dev amd64 25.2.8-0ubuntu0.24.04.1 [26.4 kB]
Build on ubuntu-latest for linux	Install Dependencies (Linux)	2026-01-31T22:07:20.7579203Z Get:35 http://azure.archive.ubuntu.com/ubuntu noble/universe amd64 libglew2.2 amd64 2.2.0-4build1 [187 kB]
Build on ubuntu-latest for linux	Install Dependencies (Linux)	2026-01-31T22:07:20.7680134Z Get:36 http://azure.archive.ubuntu.com/ubuntu noble/main amd64 libglu1-mesa amd64 9.0.2-1.1build1 [152 kB]
Build on ubuntu-latest for linux	Install Dependencies (Linux)	2026-01-31T22:07:20.7773440Z Get:37 http://azure.archive.ubuntu.com/ubuntu noble/main amd64 libglu1-mesa-dev amd64 9.0.2-1.1build1 [237 kB]
Build on ubuntu-latest for linux	Install Dependencies (Linux)	2026-01-31T22:07:20.7875658Z Get:38 http://azure.archive.ubuntu.com/ubuntu noble/universe amd64 libglew-dev amd64 2.2.0-4build1 [280 kB]
Build on ubuntu-latest for linux	Install Dependencies (Linux)	2026-01-31T22:07:20.8459081Z Get:39 http://azure.archive.ubuntu.com/ubuntu noble/universe amd64 libglfw3 amd64 3.3.10-1build1 [80.5 kB]
Build on ubuntu-latest for linux	Install Dependencies (Linux)	2026-01-31T22:07:20.8547230Z Get:40 http://azure.archive.ubuntu.com/ubuntu noble/universe amd64 libglfw3-dev amd64 3.3.10-1build1 [41.5 kB]
Build on ubuntu-latest for linux	Install Dependencies (Linux)	2026-01-31T22:07:20.8633028Z Get:41 http://azure.archive.ubuntu.com/ubuntu noble/main amd64 libvulkan-dev amd64 1.3.275.0-1build1 [1239 kB]
Build on ubuntu-latest for linux	Install Dependencies (Linux)	2026-01-31T22:07:20.8844438Z Get:42 http://azure.archive.ubuntu.com/ubuntu noble/main amd64 libxrender-dev amd64 1:0.9.10-1.1build1 [26.3 kB]
Build on ubuntu-latest for linux	Install Dependencies (Linux)	2026-01-31T22:07:20.8927885Z Get:43 http://azure.archive.ubuntu.com/ubuntu noble/main amd64 libxfixes-dev amd64 1:6.0.0-2build1 [12.1 kB]
Build on ubuntu-latest for linux	Install Dependencies (Linux)	2026-01-31T22:07:20.9011852Z Get:44 http://azure.archive.ubuntu.com/ubuntu noble/main amd64 libxcursor-dev amd64 1:1.2.1-1build1 [31.8 kB]
Build on ubuntu-latest for linux	Install Dependencies (Linux)	2026-01-31T22:07:20.9100681Z Get:45 http://azure.archive.ubuntu.com/ubuntu noble/main amd64 libxext-dev amd64 2:1.3.4-1build2 [83.5 kB]
Build on ubuntu-latest for linux	Install Dependencies (Linux)	2026-01-31T22:07:20.9187026Z Get:46 http://azure.archive.ubuntu.com/ubuntu noble/main amd64 libxi-dev amd64 2:1.8.1-1build1 [194 kB]
Build on ubuntu-latest for linux	Install Dependencies (Linux)	2026-01-31T22:07:20.9281853Z Get:47 http://azure.archive.ubuntu.com/ubuntu noble/main amd64 libxinerama-dev amd64 2:1.1.4-3build1 [7988 B]
Build on ubuntu-latest for linux	Install Dependencies (Linux)	2026-01-31T22:07:20.9365041Z Get:48 http://azure.archive.ubuntu.com/ubuntu noble/main amd64 libxrandr-dev amd64 2:1.5.2-2build1 [26.4 kB]
Build on ubuntu-latest for linux	Install Dependencies (Linux)	2026-01-31T22:07:20.9447120Z Get:49 http://azure.archive.ubuntu.com/ubuntu noble-updates/main amd64 mesa-common-dev amd64 25.2.8-0ubuntu0.24.04.1 [3133 kB]
Build on ubuntu-latest for linux	Install Dependencies (Linux)	2026-01-31T22:07:20.9810979Z Get:50 http://azure.archive.ubuntu.com/ubuntu noble/main amd64 libwayland-bin amd64 1.22.0-2.1build1 [20.6 kB]
Build on ubuntu-latest for linux	Install Dependencies (Linux)	2026-01-31T22:07:20.9883720Z Get:51 http://azure.archive.ubuntu.com/ubuntu noble/main amd64 libwayland-dev amd64 1.22.0-2.1build1 [71.3 kB]
Build on ubuntu-latest for linux	Install Dependencies (Linux)	2026-01-31T22:07:21.2926604Z Fetched 19.3 MB in 1s (24.1 MB/s)
Build on ubuntu-latest for linux	Install Dependencies (Linux)	2026-01-31T22:07:21.3484886Z (Reading database ... 
Build on ubuntu-latest for linux	Install Dependencies (Linux)	2026-01-31T22:07:21.3485416Z (Reading database ... 5%
Build on ubuntu-latest for linux	Install Dependencies (Linux)	2026-01-31T22:07:21.3485887Z (Reading database ... 10%
Build on ubuntu-latest for linux	Install Dependencies (Linux)	2026-01-31T22:07:21.3486503Z (Reading database ... 15%
Build on ubuntu-latest for linux	Install Dependencies (Linux)	2026-01-31T22:07:21.3486790Z (Reading database ... 20%
Build on ubuntu-latest for linux	Install Dependencies (Linux)	2026-01-31T22:07:21.3487059Z (Reading database ... 25%
Build on ubuntu-latest for linux	Install Dependencies (Linux)	2026-01-31T22:07:21.3487456Z (Reading database ... 30%
Build on ubuntu-latest for linux	Install Dependencies (Linux)	2026-01-31T22:07:21.3487732Z (Reading database ... 35%
Build on ubuntu-latest for linux	Install Dependencies (Linux)	2026-01-31T22:07:21.3488001Z (Reading database ... 40%
Build on ubuntu-latest for linux	Install Dependencies (Linux)	2026-01-31T22:07:21.3488263Z (Reading database ... 45%
Build on ubuntu-latest for linux	Install Dependencies (Linux)	2026-01-31T22:07:21.3488534Z (Reading database ... 50%
Build on ubuntu-latest for linux	Install Dependencies (Linux)	2026-01-31T22:07:21.3576922Z (Reading database ... 55%
Build on ubuntu-latest for linux	Install Dependencies (Linux)	2026-01-31T22:07:21.4343927Z (Reading database ... 60%
Build on ubuntu-latest for linux	Install Dependencies (Linux)	2026-01-31T22:07:21.5112319Z (Reading database ... 65%
Build on ubuntu-latest for linux	Install Dependencies (Linux)	2026-01-31T22:07:21.5572909Z (Reading database ... 70%
Build on ubuntu-latest for linux	Install Dependencies (Linux)	2026-01-31T22:07:21.6030087Z (Reading database ... 75%
Build on ubuntu-latest for linux	Install Dependencies (Linux)	2026-01-31T22:07:21.7255745Z (Reading database ... 80%
Build on ubuntu-latest for linux	Install Dependencies (Linux)	2026-01-31T22:07:21.8065488Z (Reading database ... 85%
Build on ubuntu-latest for linux	Install Dependencies (Linux)	2026-01-31T22:07:21.9374888Z (Reading database ... 90%
Build on ubuntu-latest for linux	Install Dependencies (Linux)	2026-01-31T22:07:22.0861533Z (Reading database ... 95%
Build on ubuntu-latest for linux	Install Dependencies (Linux)	2026-01-31T22:07:22.0862020Z (Reading database ... 100%
Build on ubuntu-latest for linux	Install Dependencies (Linux)	2026-01-31T22:07:22.0862512Z (Reading database ... 217639 files and directories currently installed.)
Build on ubuntu-latest for linux	Install Dependencies (Linux)	2026-01-31T22:07:22.0907345Z Preparing to unpack .../00-libdrm-common_2.4.125-1ubuntu0.1~24.04.1_all.deb ...
Build on ubuntu-latest for linux	Install Dependencies (Linux)	2026-01-31T22:07:22.0955018Z Unpacking libdrm-common (2.4.125-1ubuntu0.1~24.04.1) over (2.4.122-1~ubuntu0.24.04.2) ...
Build on ubuntu-latest for linux	Install Dependencies (Linux)	2026-01-31T22:07:22.1352828Z Preparing to unpack .../01-libdrm2_2.4.125-1ubuntu0.1~24.04.1_amd64.deb ...
Build on ubuntu-latest for linux	Install Dependencies (Linux)	2026-01-31T22:07:22.1396411Z Unpacking libdrm2:amd64 (2.4.125-1ubuntu0.1~24.04.1) over (2.4.122-1~ubuntu0.24.04.2) ...
Build on ubuntu-latest for linux	Install Dependencies (Linux)	2026-01-31T22:07:22.1788961Z Preparing to unpack .../02-libdrm-amdgpu1_2.4.125-1ubuntu0.1~24.04.1_amd64.deb ...
Build on ubuntu-latest for linux	Install Dependencies (Linux)	2026-01-31T22:07:22.1848926Z Unpacking libdrm-amdgpu1:amd64 (2.4.125-1ubuntu0.1~24.04.1) over (2.4.122-1~ubuntu0.24.04.2) ...
Build on ubuntu-latest for linux	Install Dependencies (Linux)	2026-01-31T22:07:22.2236583Z Preparing to unpack .../03-libdrm-intel1_2.4.125-1ubuntu0.1~24.04.1_amd64.deb ...
Build on ubuntu-latest for linux	Install Dependencies (Linux)	2026-01-31T22:07:22.2269875Z Unpacking libdrm-intel1:amd64 (2.4.125-1ubuntu0.1~24.04.1) over (2.4.122-1~ubuntu0.24.04.2) ...
Build on ubuntu-latest for linux	Install Dependencies (Linux)	2026-01-31T22:07:22.2528622Z Selecting previously unselected package libdrm-radeon1:amd64.
Build on ubuntu-latest for linux	Install Dependencies (Linux)	2026-01-31T22:07:22.2667109Z Preparing to unpack .../04-libdrm-radeon1_2.4.125-1ubuntu0.1~24.04.1_amd64.deb ...
Build on ubuntu-latest for linux	Install Dependencies (Linux)	2026-01-31T22:07:22.2679096Z Unpacking libdrm-radeon1:amd64 (2.4.125-1ubuntu0.1~24.04.1) ...
Build on ubuntu-latest for linux	Install Dependencies (Linux)	2026-01-31T22:07:22.2921147Z Selecting previously unselected package libdrm-nouveau2:amd64.
Build on ubuntu-latest for linux	Install Dependencies (Linux)	2026-01-31T22:07:22.3057929Z Preparing to unpack .../05-libdrm-nouveau2_2.4.125-1ubuntu0.1~24.04.1_amd64.deb ...
Build on ubuntu-latest for linux	Install Dependencies (Linux)	2026-01-31T22:07:22.3069628Z Unpacking libdrm-nouveau2:amd64 (2.4.125-1ubuntu0.1~24.04.1) ...
Build on ubuntu-latest for linux	Install Dependencies (Linux)	2026-01-31T22:07:22.3293067Z Selecting previously unselected package libpciaccess-dev:amd64.
Build on ubuntu-latest for linux	Install Dependencies (Linux)	2026-01-31T22:07:22.3427986Z Preparing to unpack .../06-libpciaccess-dev_0.17-3ubuntu0.24.04.2_amd64.deb ...
Build on ubuntu-latest for linux	Install Dependencies (Linux)	2026-01-31T22:07:22.3440434Z Unpacking libpciaccess-dev:amd64 (0.17-3ubuntu0.24.04.2) ...
Build on ubuntu-latest for linux	Install Dependencies (Linux)	2026-01-31T22:07:22.3676138Z Selecting previously unselected package libdrm-dev:amd64.
Build on ubuntu-latest for linux	Install Dependencies (Linux)	2026-01-31T22:07:22.3811702Z Preparing to unpack .../07-libdrm-dev_2.4.125-1ubuntu0.1~24.04.1_amd64.deb ...
Build on ubuntu-latest for linux	Install Dependencies (Linux)	2026-01-31T22:07:22.3823379Z Unpacking libdrm-dev:amd64 (2.4.125-1ubuntu0.1~24.04.1) ...
Build on ubuntu-latest for linux	Install Dependencies (Linux)	2026-01-31T22:07:22.4380854Z Preparing to unpack .../08-libgl1-mesa-dri_25.2.8-0ubuntu0.24.04.1_amd64.deb ...
Build on ubuntu-latest for linux	Install Dependencies (Linux)	2026-01-31T22:07:22.4541192Z Unpacking libgl1-mesa-dri:amd64 (25.2.8-0ubuntu0.24.04.1) over (25.0.7-0ubuntu0.24.04.2) ...
Build on ubuntu-latest for linux	Install Dependencies (Linux)	2026-01-31T22:07:22.5050907Z Preparing to unpack .../09-libglx-mesa0_25.2.8-0ubuntu0.24.04.1_amd64.deb ...
Build on ubuntu-latest for linux	Install Dependencies (Linux)	2026-01-31T22:07:22.5082792Z Unpacking libglx-mesa0:amd64 (25.2.8-0ubuntu0.24.04.1) over (25.0.7-0ubuntu0.24.04.2) ...
Build on ubuntu-latest for linux	Install Dependencies (Linux)	2026-01-31T22:07:22.5486483Z Preparing to unpack .../10-libgbm1_25.2.8-0ubuntu0.24.04.1_amd64.deb ...
Build on ubuntu-latest for linux	Install Dependencies (Linux)	2026-01-31T22:07:22.5518545Z Unpacking libgbm1:amd64 (25.2.8-0ubuntu0.24.04.1) over (25.0.7-0ubuntu0.24.04.2) ...
Build on ubuntu-latest for linux	Install Dependencies (Linux)	2026-01-31T22:07:22.5949863Z Preparing to unpack .../11-mesa-libgallium_25.2.8-0ubuntu0.24.04.1_amd64.deb ...
Build on ubuntu-latest for linux	Install Dependencies (Linux)	2026-01-31T22:07:22.5982976Z Unpacking mesa-libgallium:amd64 (25.2.8-0ubuntu0.24.04.1) over (25.0.7-0ubuntu0.24.04.2) ...
Build on ubuntu-latest for linux	Install Dependencies (Linux)	2026-01-31T22:07:22.7850904Z Selecting previously unselected package libegl-mesa0:amd64.
Build on ubuntu-latest for linux	Install Dependencies (Linux)	2026-01-31T22:07:22.7988575Z Preparing to unpack .../12-libegl-mesa0_25.2.8-0ubuntu0.24.04.1_amd64.deb ...
Build on ubuntu-latest for linux	Install Dependencies (Linux)	2026-01-31T22:07:22.7999795Z Unpacking libegl-mesa0:amd64 (25.2.8-0ubuntu0.24.04.1) ...
Build on ubuntu-latest for linux	Install Dependencies (Linux)	2026-01-31T22:07:22.8253478Z Selecting previously unselected package libegl1:amd64.
Build on ubuntu-latest for linux	Install Dependencies (Linux)	2026-01-31T22:07:22.8388015Z Preparing to unpack .../13-libegl1_1.7.0-1build1_amd64.deb ...
Build on ubuntu-latest for linux	Install Dependencies (Linux)	2026-01-31T22:07:22.8398839Z Unpacking libegl1:amd64 (1.7.0-1build1) ...
Build on ubuntu-latest for linux	Install Dependencies (Linux)	2026-01-31T22:07:22.8625755Z Selecting previously unselected package xorg-sgml-doctools.
Build on ubuntu-latest for linux	Install Dependencies (Linux)	2026-01-31T22:07:22.8761068Z Preparing to unpack .../14-xorg-sgml-doctools_1%3a1.11-1.1_all.deb ...
Build on ubuntu-latest for linux	Install Dependencies (Linux)	2026-01-31T22:07:22.8775302Z Unpacking xorg-sgml-doctools (1:1.11-1.1) ...
Build on ubuntu-latest for linux	Install Dependencies (Linux)	2026-01-31T22:07:22.9043007Z Selecting previously unselected package x11proto-dev.
Build on ubuntu-latest for linux	Install Dependencies (Linux)	2026-01-31T22:07:22.9178531Z Preparing to unpack .../15-x11proto-dev_2023.2-1_all.deb ...
Build on ubuntu-latest for linux	Install Dependencies (Linux)	2026-01-31T22:07:22.9189570Z Unpacking x11proto-dev (2023.2-1) ...
Build on ubuntu-latest for linux	Install Dependencies (Linux)	2026-01-31T22:07:22.9739403Z Selecting previously unselected package libxau-dev:amd64.
Build on ubuntu-latest for linux	Install Dependencies (Linux)	2026-01-31T22:07:22.9878329Z Preparing to unpack .../16-libxau-dev_1%3a1.0.9-1build6_amd64.deb ...
Build on ubuntu-latest for linux	Install Dependencies (Linux)	2026-01-31T22:07:22.9888336Z Unpacking libxau-dev:amd64 (1:1.0.9-1build6) ...
Build on ubuntu-latest for linux	Install Dependencies (Linux)	2026-01-31T22:07:23.0131134Z Selecting previously unselected package libxdmcp-dev:amd64.
Build on ubuntu-latest for linux	Install Dependencies (Linux)	2026-01-31T22:07:23.0266623Z Preparing to unpack .../17-libxdmcp-dev_1%3a1.1.3-0ubuntu6_amd64.deb ...
Build on ubuntu-latest for linux	Install Dependencies (Linux)	2026-01-31T22:07:23.0278306Z Unpacking libxdmcp-dev:amd64 (1:1.1.3-0ubuntu6) ...
Build on ubuntu-latest for linux	Install Dependencies (Linux)	2026-01-31T22:07:23.0494918Z Selecting previously unselected package xtrans-dev.
Build on ubuntu-latest for linux	Install Dependencies (Linux)	2026-01-31T22:07:23.0630725Z Preparing to unpack .../18-xtrans-dev_1.4.0-1_all.deb ...
Build on ubuntu-latest for linux	Install Dependencies (Linux)	2026-01-31T22:07:23.0642566Z Unpacking xtrans-dev (1.4.0-1) ...
Build on ubuntu-latest for linux	Install Dependencies (Linux)	2026-01-31T22:07:23.0976713Z Selecting previously unselected package libpthread-stubs0-dev:amd64.
Build on ubuntu-latest for linux	Install Dependencies (Linux)	2026-01-31T22:07:23.1110447Z Preparing to unpack .../19-libpthread-stubs0-dev_0.4-1build3_amd64.deb ...
Build on ubuntu-latest for linux	Install Dependencies (Linux)	2026-01-31T22:07:23.1120677Z Unpacking libpthread-stubs0-dev:amd64 (0.4-1build3) ...
Build on ubuntu-latest for linux	Install Dependencies (Linux)	2026-01-31T22:07:23.1337741Z Selecting previously unselected package libxcb1-dev:amd64.
Build on ubuntu-latest for linux	Install Dependencies (Linux)	2026-01-31T22:07:23.1471608Z Preparing to unpack .../20-libxcb1-dev_1.15-1ubuntu2_amd64.deb ...
Build on ubuntu-latest for linux	Install Dependencies (Linux)	2026-01-31T22:07:23.1482987Z Unpacking libxcb1-dev:amd64 (1.15-1ubuntu2) ...
Build on ubuntu-latest for linux	Install Dependencies (Linux)	2026-01-31T22:07:23.1732060Z Selecting previously unselected package libx11-dev:amd64.
Build on ubuntu-latest for linux	Install Dependencies (Linux)	2026-01-31T22:07:23.1866712Z Preparing to unpack .../21-libx11-dev_2%3a1.8.7-1build1_amd64.deb ...
Build on ubuntu-latest for linux	Install Dependencies (Linux)	2026-01-31T22:07:23.1876993Z Unpacking libx11-dev:amd64 (2:1.8.7-1build1) ...
Build on ubuntu-latest for linux	Install Dependencies (Linux)	2026-01-31T22:07:23.2202129Z Selecting previously unselected package libglx-dev:amd64.
Build on ubuntu-latest for linux	Install Dependencies (Linux)	2026-01-31T22:07:23.2337120Z Preparing to unpack .../22-libglx-dev_1.7.0-1build1_amd64.deb ...
Build on ubuntu-latest for linux	Install Dependencies (Linux)	2026-01-31T22:07:23.2347831Z Unpacking libglx-dev:amd64 (1.7.0-1build1) ...
Build on ubuntu-latest for linux	Install Dependencies (Linux)	2026-01-31T22:07:23.2573004Z Selecting previously unselected package libgl-dev:amd64.
Build on ubuntu-latest for linux	Install Dependencies (Linux)	2026-01-31T22:07:23.2707803Z Preparing to unpack .../23-libgl-dev_1.7.0-1build1_amd64.deb ...
Build on ubuntu-latest for linux	Install Dependencies (Linux)	2026-01-31T22:07:23.2719491Z Unpacking libgl-dev:amd64 (1.7.0-1build1) ...
Build on ubuntu-latest for linux	Install Dependencies (Linux)	2026-01-31T22:07:23.2987040Z Selecting previously unselected package libegl-dev:amd64.
Build on ubuntu-latest for linux	Install Dependencies (Linux)	2026-01-31T22:07:23.3122418Z Preparing to unpack .../24-libegl-dev_1.7.0-1build1_amd64.deb ...
Build on ubuntu-latest for linux	Install Dependencies (Linux)	2026-01-31T22:07:23.3132967Z Unpacking libegl-dev:amd64 (1.7.0-1build1) ...
Build on ubuntu-latest for linux	Install Dependencies (Linux)	2026-01-31T22:07:23.3482748Z Selecting previously unselected package libglvnd-core-dev:amd64.
Build on ubuntu-latest for linux	Install Dependencies (Linux)	2026-01-31T22:07:23.3617613Z Preparing to unpack .../25-libglvnd-core-dev_1.7.0-1build1_amd64.deb ...
Build on ubuntu-latest for linux	Install Dependencies (Linux)	2026-01-31T22:07:23.3627978Z Unpacking libglvnd-core-dev:amd64 (1.7.0-1build1) ...
Build on ubuntu-latest for linux	Install Dependencies (Linux)	2026-01-31T22:07:23.3860883Z Selecting previously unselected package libgles1:amd64.
Build on ubuntu-latest for linux	Install Dependencies (Linux)	2026-01-31T22:07:23.3994628Z Preparing to unpack .../26-libgles1_1.7.0-1build1_amd64.deb ...
Build on ubuntu-latest for linux	Install Dependencies (Linux)	2026-01-31T22:07:23.4004455Z Unpacking libgles1:amd64 (1.7.0-1build1) ...
Build on ubuntu-latest for linux	Install Dependencies (Linux)	2026-01-31T22:07:23.4250165Z Selecting previously unselected package libgles2:amd64.
Build on ubuntu-latest for linux	Install Dependencies (Linux)	2026-01-31T22:07:23.4386243Z Preparing to unpack .../27-libgles2_1.7.0-1build1_amd64.deb ...
Build on ubuntu-latest for linux	Install Dependencies (Linux)	2026-01-31T22:07:23.4398167Z Unpacking libgles2:amd64 (1.7.0-1build1) ...
Build on ubuntu-latest for linux	Install Dependencies (Linux)	2026-01-31T22:07:23.4648948Z Selecting previously unselected package libgles-dev:amd64.
Build on ubuntu-latest for linux	Install Dependencies (Linux)	2026-01-31T22:07:23.4785475Z Preparing to unpack .../28-libgles-dev_1.7.0-1build1_amd64.deb ...
Build on ubuntu-latest for linux	Install Dependencies (Linux)	2026-01-31T22:07:23.4801298Z Unpacking libgles-dev:amd64 (1.7.0-1build1) ...
Build on ubuntu-latest for linux	Install Dependencies (Linux)	2026-01-31T22:07:23.5087016Z Selecting previously unselected package libopengl0:amd64.
Build on ubuntu-latest for linux	Install Dependencies (Linux)	2026-01-31T22:07:23.5222706Z Preparing to unpack .../29-libopengl0_1.7.0-1build1_amd64.deb ...
Build on ubuntu-latest for linux	Install Dependencies (Linux)	2026-01-31T22:07:23.5235198Z Unpacking libopengl0:amd64 (1.7.0-1build1) ...
Build on ubuntu-latest for linux	Install Dependencies (Linux)	2026-01-31T22:07:23.5461146Z Selecting previously unselected package libopengl-dev:amd64.
Build on ubuntu-latest for linux	Install Dependencies (Linux)	2026-01-31T22:07:23.5599033Z Preparing to unpack .../30-libopengl-dev_1.7.0-1build1_amd64.deb ...
Build on ubuntu-latest for linux	Install Dependencies (Linux)	2026-01-31T22:07:23.5609755Z Unpacking libopengl-dev:amd64 (1.7.0-1build1) ...
Build on ubuntu-latest for linux	Install Dependencies (Linux)	2026-01-31T22:07:23.5830874Z Selecting previously unselected package libglvnd-dev:amd64.
Build on ubuntu-latest for linux	Install Dependencies (Linux)	2026-01-31T22:07:23.5966599Z Preparing to unpack .../31-libglvnd-dev_1.7.0-1build1_amd64.deb ...
Build on ubuntu-latest for linux	Install Dependencies (Linux)	2026-01-31T22:07:23.5983355Z Unpacking libglvnd-dev:amd64 (1.7.0-1build1) ...
Build on ubuntu-latest for linux	Install Dependencies (Linux)	2026-01-31T22:07:23.6194736Z Selecting previously unselected package libegl1-mesa-dev:amd64.
Build on ubuntu-latest for linux	Install Dependencies (Linux)	2026-01-31T22:07:23.6330517Z Preparing to unpack .../32-libegl1-mesa-dev_25.2.8-0ubuntu0.24.04.1_amd64.deb ...
Build on ubuntu-latest for linux	Install Dependencies (Linux)	2026-01-31T22:07:23.6342078Z Unpacking libegl1-mesa-dev:amd64 (25.2.8-0ubuntu0.24.04.1) ...
Build on ubuntu-latest for linux	Install Dependencies (Linux)	2026-01-31T22:07:23.6577539Z Selecting previously unselected package libglew2.2:amd64.
Build on ubuntu-latest for linux	Install Dependencies (Linux)	2026-01-31T22:07:23.6711467Z Preparing to unpack .../33-libglew2.2_2.2.0-4build1_amd64.deb ...
Build on ubuntu-latest for linux	Install Dependencies (Linux)	2026-01-31T22:07:23.6722920Z Unpacking libglew2.2:amd64 (2.2.0-4build1) ...
Build on ubuntu-latest for linux	Install Dependencies (Linux)	2026-01-31T22:07:23.7008571Z Selecting previously unselected package libglu1-mesa:amd64.
Build on ubuntu-latest for linux	Install Dependencies (Linux)	2026-01-31T22:07:23.7144124Z Preparing to unpack .../34-libglu1-mesa_9.0.2-1.1build1_amd64.deb ...
Build on ubuntu-latest for linux	Install Dependencies (Linux)	2026-01-31T22:07:23.7155551Z Unpacking libglu1-mesa:amd64 (9.0.2-1.1build1) ...
Build on ubuntu-latest for linux	Install Dependencies (Linux)	2026-01-31T22:07:23.7401155Z Selecting previously unselected package libglu1-mesa-dev:amd64.
Build on ubuntu-latest for linux	Install Dependencies (Linux)	2026-01-31T22:07:23.7535013Z Preparing to unpack .../35-libglu1-mesa-dev_9.0.2-1.1build1_amd64.deb ...
Build on ubuntu-latest for linux	Install Dependencies (Linux)	2026-01-31T22:07:23.7546297Z Unpacking libglu1-mesa-dev:amd64 (9.0.2-1.1build1) ...
Build on ubuntu-latest for linux	Install Dependencies (Linux)	2026-01-31T22:07:23.7790513Z Selecting previously unselected package libglew-dev:amd64.
Build on ubuntu-latest for linux	Install Dependencies (Linux)	2026-01-31T22:07:23.7923625Z Preparing to unpack .../36-libglew-dev_2.2.0-4build1_amd64.deb ...
Build on ubuntu-latest for linux	Install Dependencies (Linux)	2026-01-31T22:07:23.7933905Z Unpacking libglew-dev:amd64 (2.2.0-4build1) ...
Build on ubuntu-latest for linux	Install Dependencies (Linux)	2026-01-31T22:07:23.8273146Z Selecting previously unselected package libglfw3:amd64.
Build on ubuntu-latest for linux	Install Dependencies (Linux)	2026-01-31T22:07:23.8406879Z Preparing to unpack .../37-libglfw3_3.3.10-1build1_amd64.deb ...
Build on ubuntu-latest for linux	Install Dependencies (Linux)	2026-01-31T22:07:23.8416796Z Unpacking libglfw3:amd64 (3.3.10-1build1) ...
Build on ubuntu-latest for linux	Install Dependencies (Linux)	2026-01-31T22:07:23.8638388Z Selecting previously unselected package libglfw3-dev:amd64.
Build on ubuntu-latest for linux	Install Dependencies (Linux)	2026-01-31T22:07:23.8770352Z Preparing to unpack .../38-libglfw3-dev_3.3.10-1build1_amd64.deb ...
Build on ubuntu-latest for linux	Install Dependencies (Linux)	2026-01-31T22:07:23.8780293Z Unpacking libglfw3-dev:amd64 (3.3.10-1build1) ...
Build on ubuntu-latest for linux	Install Dependencies (Linux)	2026-01-31T22:07:23.9010737Z Selecting previously unselected package libvulkan-dev:amd64.
Build on ubuntu-latest for linux	Install Dependencies (Linux)	2026-01-31T22:07:23.9143773Z Preparing to unpack .../39-libvulkan-dev_1.3.275.0-1build1_amd64.deb ...
Build on ubuntu-latest for linux	Install Dependencies (Linux)	2026-01-31T22:07:23.9153405Z Unpacking libvulkan-dev:amd64 (1.3.275.0-1build1) ...
Build on ubuntu-latest for linux	Install Dependencies (Linux)	2026-01-31T22:07:24.0233405Z Selecting previously unselected package libxrender-dev:amd64.
Build on ubuntu-latest for linux	Install Dependencies (Linux)	2026-01-31T22:07:24.0366954Z Preparing to unpack .../40-libxrender-dev_1%3a0.9.10-1.1build1_amd64.deb ...
Build on ubuntu-latest for linux	Install Dependencies (Linux)	2026-01-31T22:07:24.0376532Z Unpacking libxrender-dev:amd64 (1:0.9.10-1.1build1) ...
Build on ubuntu-latest for linux	Install Dependencies (Linux)	2026-01-31T22:07:24.0653937Z Selecting previously unselected package libxfixes-dev:amd64.
Build on ubuntu-latest for linux	Install Dependencies (Linux)	2026-01-31T22:07:24.0788502Z Preparing to unpack .../41-libxfixes-dev_1%3a6.0.0-2build1_amd64.deb ...
Build on ubuntu-latest for linux	Install Dependencies (Linux)	2026-01-31T22:07:24.0799142Z Unpacking libxfixes-dev:amd64 (1:6.0.0-2build1) ...
Build on ubuntu-latest for linux	Install Dependencies (Linux)	2026-01-31T22:07:24.1020538Z Selecting previously unselected package libxcursor-dev:amd64.
Build on ubuntu-latest for linux	Install Dependencies (Linux)	2026-01-31T22:07:24.1153105Z Preparing to unpack .../42-libxcursor-dev_1%3a1.2.1-1build1_amd64.deb ...
Build on ubuntu-latest for linux	Install Dependencies (Linux)	2026-01-31T22:07:24.1162959Z Unpacking libxcursor-dev:amd64 (1:1.2.1-1build1) ...
Build on ubuntu-latest for linux	Install Dependencies (Linux)	2026-01-31T22:07:24.1429882Z Selecting previously unselected package libxext-dev:amd64.
Build on ubuntu-latest for linux	Install Dependencies (Linux)	2026-01-31T22:07:24.1561641Z Preparing to unpack .../43-libxext-dev_2%3a1.3.4-1build2_amd64.deb ...
Build on ubuntu-latest for linux	Install Dependencies (Linux)	2026-01-31T22:07:24.1572367Z Unpacking libxext-dev:amd64 (2:1.3.4-1build2) ...
Build on ubuntu-latest for linux	Install Dependencies (Linux)	2026-01-31T22:07:24.1884424Z Selecting previously unselected package libxi-dev:amd64.
Build on ubuntu-latest for linux	Install Dependencies (Linux)	2026-01-31T22:07:24.2018169Z Preparing to unpack .../44-libxi-dev_2%3a1.8.1-1build1_amd64.deb ...
Build on ubuntu-latest for linux	Install Dependencies (Linux)	2026-01-31T22:07:24.2028547Z Unpacking libxi-dev:amd64 (2:1.8.1-1build1) ...
Build on ubuntu-latest for linux	Install Dependencies (Linux)	2026-01-31T22:07:24.2372279Z Selecting previously unselected package libxinerama-dev:amd64.
Build on ubuntu-latest for linux	Install Dependencies (Linux)	2026-01-31T22:07:24.2508927Z Preparing to unpack .../45-libxinerama-dev_2%3a1.1.4-3build1_amd64.deb ...
Build on ubuntu-latest for linux	Install Dependencies (Linux)	2026-01-31T22:07:24.2519515Z Unpacking libxinerama-dev:amd64 (2:1.1.4-3build1) ...
Build on ubuntu-latest for linux	Install Dependencies (Linux)	2026-01-31T22:07:24.2754297Z Selecting previously unselected package libxrandr-dev:amd64.
Build on ubuntu-latest for linux	Install Dependencies (Linux)	2026-01-31T22:07:24.2887981Z Preparing to unpack .../46-libxrandr-dev_2%3a1.5.2-2build1_amd64.deb ...
Build on ubuntu-latest for linux	Install Dependencies (Linux)	2026-01-31T22:07:24.2898911Z Unpacking libxrandr-dev:amd64 (2:1.5.2-2build1) ...
Build on ubuntu-latest for linux	Install Dependencies (Linux)	2026-01-31T22:07:24.3127502Z Selecting previously unselected package mesa-common-dev:amd64.
Build on ubuntu-latest for linux	Install Dependencies (Linux)	2026-01-31T22:07:24.3259877Z Preparing to unpack .../47-mesa-common-dev_25.2.8-0ubuntu0.24.04.1_amd64.deb ...
Build on ubuntu-latest for linux	Install Dependencies (Linux)	2026-01-31T22:07:24.3270726Z Unpacking mesa-common-dev:amd64 (25.2.8-0ubuntu0.24.04.1) ...
Build on ubuntu-latest for linux	Install Dependencies (Linux)	2026-01-31T22:07:24.4412855Z Selecting previously unselected package libwayland-bin.
Build on ubuntu-latest for linux	Install Dependencies (Linux)	2026-01-31T22:07:24.4550692Z Preparing to unpack .../48-libwayland-bin_1.22.0-2.1build1_amd64.deb ...
Build on ubuntu-latest for linux	Install Dependencies (Linux)	2026-01-31T22:07:24.4560701Z Unpacking libwayland-bin (1.22.0-2.1build1) ...
Build on ubuntu-latest for linux	Install Dependencies (Linux)	2026-01-31T22:07:24.4780970Z Selecting previously unselected package libwayland-dev:amd64.
Build on ubuntu-latest for linux	Install Dependencies (Linux)	2026-01-31T22:07:24.4915046Z Preparing to unpack .../49-libwayland-dev_1.22.0-2.1build1_amd64.deb ...
Build on ubuntu-latest for linux	Install Dependencies (Linux)	2026-01-31T22:07:24.4926116Z Unpacking libwayland-dev:amd64 (1.22.0-2.1build1) ...
Build on ubuntu-latest for linux	Install Dependencies (Linux)	2026-01-31T22:07:24.5403916Z Setting up libglfw3:amd64 (3.3.10-1build1) ...
Build on ubuntu-latest for linux	Install Dependencies (Linux)	2026-01-31T22:07:24.5432132Z Setting up libvulkan-dev:amd64 (1.3.275.0-1build1) ...
Build on ubuntu-latest for linux	Install Dependencies (Linux)	2026-01-31T22:07:24.5459508Z Setting up libpciaccess-dev:amd64 (0.17-3ubuntu0.24.04.2) ...
Build on ubuntu-latest for linux	Install Dependencies (Linux)	2026-01-31T22:07:24.5484555Z Setting up libglvnd-core-dev:amd64 (1.7.0-1build1) ...
Build on ubuntu-latest for linux	Install Dependencies (Linux)	2026-01-31T22:07:24.5513967Z Setting up libpthread-stubs0-dev:amd64 (0.4-1build3) ...
Build on ubuntu-latest for linux	Install Dependencies (Linux)	2026-01-31T22:07:24.5541882Z Setting up libopengl0:amd64 (1.7.0-1build1) ...
Build on ubuntu-latest for linux	Install Dependencies (Linux)	2026-01-31T22:07:24.5568775Z Setting up xtrans-dev (1.4.0-1) ...
Build on ubuntu-latest for linux	Install Dependencies (Linux)	2026-01-31T22:07:24.5595159Z Setting up libwayland-bin (1.22.0-2.1build1) ...
Build on ubuntu-latest for linux	Install Dependencies (Linux)	2026-01-31T22:07:24.5652196Z Setting up libgles2:amd64 (1.7.0-1build1) ...
Build on ubuntu-latest for linux	Install Dependencies (Linux)	2026-01-31T22:07:24.5678840Z Setting up libgles1:amd64 (1.7.0-1build1) ...
Build on ubuntu-latest for linux	Install Dependencies (Linux)	2026-01-31T22:07:24.5706039Z Setting up libglew2.2:amd64 (2.2.0-4build1) ...
Build on ubuntu-latest for linux	Install Dependencies (Linux)	2026-01-31T22:07:24.5727660Z Setting up xorg-sgml-doctools (1:1.11-1.1) ...
Build on ubuntu-latest for linux	Install Dependencies (Linux)	2026-01-31T22:07:24.5747806Z Setting up libglu1-mesa:amd64 (9.0.2-1.1build1) ...
Build on ubuntu-latest for linux	Install Dependencies (Linux)	2026-01-31T22:07:24.5771521Z Setting up libopengl-dev:amd64 (1.7.0-1build1) ...
Build on ubuntu-latest for linux	Install Dependencies (Linux)	2026-01-31T22:07:24.5793982Z Setting up libdrm-common (2.4.125-1ubuntu0.1~24.04.1) ...
Build on ubuntu-latest for linux	Install Dependencies (Linux)	2026-01-31T22:07:24.5815736Z Setting up libwayland-dev:amd64 (1.22.0-2.1build1) ...
Build on ubuntu-latest for linux	Install Dependencies (Linux)	2026-01-31T22:07:24.5836424Z Setting up libdrm2:amd64 (2.4.125-1ubuntu0.1~24.04.1) ...
Build on ubuntu-latest for linux	Install Dependencies (Linux)	2026-01-31T22:07:24.5859047Z Setting up libdrm-amdgpu1:amd64 (2.4.125-1ubuntu0.1~24.04.1) ...
Build on ubuntu-latest for linux	Install Dependencies (Linux)	2026-01-31T22:07:24.5879247Z Setting up libdrm-nouveau2:amd64 (2.4.125-1ubuntu0.1~24.04.1) ...
Build on ubuntu-latest for linux	Install Dependencies (Linux)	2026-01-31T22:07:24.5899071Z Setting up libdrm-radeon1:amd64 (2.4.125-1ubuntu0.1~24.04.1) ...
Build on ubuntu-latest for linux	Install Dependencies (Linux)	2026-01-31T22:07:24.5918373Z Setting up libdrm-intel1:amd64 (2.4.125-1ubuntu0.1~24.04.1) ...
Build on ubuntu-latest for linux	Install Dependencies (Linux)	2026-01-31T22:07:24.5944921Z Setting up mesa-libgallium:amd64 (25.2.8-0ubuntu0.24.04.1) ...
Build on ubuntu-latest for linux	Install Dependencies (Linux)	2026-01-31T22:07:24.5965055Z Setting up libdrm-dev:amd64 (2.4.125-1ubuntu0.1~24.04.1) ...
Build on ubuntu-latest for linux	Install Dependencies (Linux)	2026-01-31T22:07:24.5984855Z Setting up libgbm1:amd64 (25.2.8-0ubuntu0.24.04.1) ...
Build on ubuntu-latest for linux	Install Dependencies (Linux)	2026-01-31T22:07:24.6006215Z Setting up libgl1-mesa-dri:amd64 (25.2.8-0ubuntu0.24.04.1) ...
Build on ubuntu-latest for linux	Install Dependencies (Linux)	2026-01-31T22:07:24.6079695Z Setting up libegl-mesa0:amd64 (25.2.8-0ubuntu0.24.04.1) ...
Build on ubuntu-latest for linux	Install Dependencies (Linux)	2026-01-31T22:07:24.6102866Z Setting up libegl1:amd64 (1.7.0-1build1) ...
Build on ubuntu-latest for linux	Install Dependencies (Linux)	2026-01-31T22:07:24.6122940Z Setting up libglx-mesa0:amd64 (25.2.8-0ubuntu0.24.04.1) ...
Build on ubuntu-latest for linux	Install Dependencies (Linux)	2026-01-31T22:07:24.6260336Z Processing triggers for libc-bin (2.39-0ubuntu8.6) ...
Build on ubuntu-latest for linux	Install Dependencies (Linux)	2026-01-31T22:07:24.6616381Z Processing triggers for man-db (2.12.0-4build2) ...
Build on ubuntu-latest for linux	Install Dependencies (Linux)	2026-01-31T22:07:24.6641613Z Not building database; man-db/auto-update is not 'true'.
Build on ubuntu-latest for linux	Install Dependencies (Linux)	2026-01-31T22:07:24.6674536Z Processing triggers for sgml-base (1.31) ...
Build on ubuntu-latest for linux	Install Dependencies (Linux)	2026-01-31T22:07:24.6861662Z Setting up x11proto-dev (2023.2-1) ...
Build on ubuntu-latest for linux	Install Dependencies (Linux)	2026-01-31T22:07:24.6916822Z Setting up libxau-dev:amd64 (1:1.0.9-1build6) ...
Build on ubuntu-latest for linux	Install Dependencies (Linux)	2026-01-31T22:07:24.6956203Z Setting up libxdmcp-dev:amd64 (1:1.1.3-0ubuntu6) ...
Build on ubuntu-latest for linux	Install Dependencies (Linux)	2026-01-31T22:07:24.7008893Z Setting up libxcb1-dev:amd64 (1.15-1ubuntu2) ...
Build on ubuntu-latest for linux	Install Dependencies (Linux)	2026-01-31T22:07:24.7042101Z Setting up libx11-dev:amd64 (2:1.8.7-1build1) ...
Build on ubuntu-latest for linux	Install Dependencies (Linux)	2026-01-31T22:07:24.7066824Z Setting up libxfixes-dev:amd64 (1:6.0.0-2build1) ...
Build on ubuntu-latest for linux	Install Dependencies (Linux)	2026-01-31T22:07:24.7097332Z Setting up libxext-dev:amd64 (2:1.3.4-1build2) ...
Build on ubuntu-latest for linux	Install Dependencies (Linux)	2026-01-31T22:07:24.7121570Z Setting up libglx-dev:amd64 (1.7.0-1build1) ...
Build on ubuntu-latest for linux	Install Dependencies (Linux)	2026-01-31T22:07:24.7149884Z Setting up libxi-dev:amd64 (2:1.8.1-1build1) ...
Build on ubuntu-latest for linux	Install Dependencies (Linux)	2026-01-31T22:07:24.7171771Z Setting up libxrender-dev:amd64 (1:0.9.10-1.1build1) ...
Build on ubuntu-latest for linux	Install Dependencies (Linux)	2026-01-31T22:07:24.7201802Z Setting up libgl-dev:amd64 (1.7.0-1build1) ...
Build on ubuntu-latest for linux	Install Dependencies (Linux)	2026-01-31T22:07:24.7234375Z Setting up libegl-dev:amd64 (1.7.0-1build1) ...
Build on ubuntu-latest for linux	Install Dependencies (Linux)	2026-01-31T22:07:24.7255441Z Setting up libxcursor-dev:amd64 (1:1.2.1-1build1) ...
Build on ubuntu-latest for linux	Install Dependencies (Linux)	2026-01-31T22:07:24.7283413Z Setting up libxrandr-dev:amd64 (2:1.5.2-2build1) ...
Build on ubuntu-latest for linux	Install Dependencies (Linux)	2026-01-31T22:07:24.7308772Z Setting up libglu1-mesa-dev:amd64 (9.0.2-1.1build1) ...
Build on ubuntu-latest for linux	Install Dependencies (Linux)	2026-01-31T22:07:24.7347621Z Setting up libxinerama-dev:amd64 (2:1.1.4-3build1) ...
Build on ubuntu-latest for linux	Install Dependencies (Linux)	2026-01-31T22:07:24.7371403Z Setting up mesa-common-dev:amd64 (25.2.8-0ubuntu0.24.04.1) ...
Build on ubuntu-latest for linux	Install Dependencies (Linux)	2026-01-31T22:07:24.7393421Z Setting up libgles-dev:amd64 (1.7.0-1build1) ...
Build on ubuntu-latest for linux	Install Dependencies (Linux)	2026-01-31T22:07:24.7426445Z Setting up libglvnd-dev:amd64 (1.7.0-1build1) ...
Build on ubuntu-latest for linux	Install Dependencies (Linux)	2026-01-31T22:07:24.7467380Z Setting up libglew-dev:amd64 (2.2.0-4build1) ...
Build on ubuntu-latest for linux	Install Dependencies (Linux)	2026-01-31T22:07:24.7490864Z Setting up libegl1-mesa-dev:amd64 (25.2.8-0ubuntu0.24.04.1) ...
Build on ubuntu-latest for linux	Install Dependencies (Linux)	2026-01-31T22:07:24.7517890Z Setting up libglfw3-dev:amd64 (3.3.10-1build1) ...
Build on ubuntu-latest for linux	Install Dependencies (Linux)	2026-01-31T22:07:25.4155393Z 
Build on ubuntu-latest for linux	Install Dependencies (Linux)	2026-01-31T22:07:25.4156174Z Running kernel seems to be up-to-date.
Build on ubuntu-latest for linux	Install Dependencies (Linux)	2026-01-31T22:07:25.4156563Z 
Build on ubuntu-latest for linux	Install Dependencies (Linux)	2026-01-31T22:07:25.4159382Z No services need to be restarted.
Build on ubuntu-latest for linux	Install Dependencies (Linux)	2026-01-31T22:07:25.4159701Z 
Build on ubuntu-latest for linux	Install Dependencies (Linux)	2026-01-31T22:07:25.4159887Z No containers need to be restarted.
Build on ubuntu-latest for linux	Install Dependencies (Linux)	2026-01-31T22:07:25.4160186Z 
Build on ubuntu-latest for linux	Install Dependencies (Linux)	2026-01-31T22:07:25.4160364Z No user sessions are running outdated binaries.
Build on ubuntu-latest for linux	Install Dependencies (Linux)	2026-01-31T22:07:25.4160687Z 
Build on ubuntu-latest for linux	Install Dependencies (Linux)	2026-01-31T22:07:25.4160899Z No VM guests are running outdated hypervisor (qemu) binaries on this host.
Build on ubuntu-latest for linux	Configure CMake	ï»¿2026-01-31T22:07:26.3245318Z ##[group]Run cmake -B build-linux -S . -DBUILD_SHARED_LIBS=ON -DCMAKE_BUILD_TYPE=Release
Build on ubuntu-latest for linux	Configure CMake	2026-01-31T22:07:26.3246240Z [36;1mcmake -B build-linux -S . -DBUILD_SHARED_LIBS=ON -DCMAKE_BUILD_TYPE=Release[0m
Build on ubuntu-latest for linux	Configure CMake	2026-01-31T22:07:26.3279211Z shell: /usr/bin/bash -e {0}
Build on ubuntu-latest for linux	Configure CMake	2026-01-31T22:07:26.3279461Z ##[endgroup]
Build on ubuntu-latest for linux	Configure CMake	2026-01-31T22:07:26.5048778Z -- The C compiler identification is GNU 13.3.0
Build on ubuntu-latest for linux	Configure CMake	2026-01-31T22:07:26.6141498Z -- The CXX compiler identification is GNU 13.3.0
Build on ubuntu-latest for linux	Configure CMake	2026-01-31T22:07:26.6308616Z -- Detecting C compiler ABI info
Build on ubuntu-latest for linux	Configure CMake	2026-01-31T22:07:26.6927630Z -- Detecting C compiler ABI info - done
Build on ubuntu-latest for linux	Configure CMake	2026-01-31T22:07:26.7185610Z -- Check for working C compiler: /usr/bin/cc - skipped
Build on ubuntu-latest for linux	Configure CMake	2026-01-31T22:07:26.7191782Z -- Detecting C compile features
Build on ubuntu-latest for linux	Configure CMake	2026-01-31T22:07:26.7198751Z -- Detecting C compile features - done
Build on ubuntu-latest for linux	Configure CMake	2026-01-31T22:07:26.7327422Z -- Detecting CXX compiler ABI info
Build on ubuntu-latest for linux	Configure CMake	2026-01-31T22:07:26.7964117Z -- Detecting CXX compiler ABI info - done
Build on ubuntu-latest for linux	Configure CMake	2026-01-31T22:07:26.8143620Z -- Check for working CXX compiler: /usr/bin/c++ - skipped
Build on ubuntu-latest for linux	Configure CMake	2026-01-31T22:07:26.8147969Z -- Detecting CXX compile features
Build on ubuntu-latest for linux	Configure CMake	2026-01-31T22:07:26.8154631Z -- Detecting CXX compile features - done
Build on ubuntu-latest for linux	Configure CMake	2026-01-31T22:07:26.8519130Z -- Downloading Korean font...
Build on ubuntu-latest for linux	Configure CMake	2026-01-31T22:07:27.6355135Z -- [download 0% complete]
Build on ubuntu-latest for linux	Configure CMake	2026-01-31T22:07:27.6392936Z -- [download 1% complete]
Build on ubuntu-latest for linux	Configure CMake	2026-01-31T22:07:27.6414893Z -- [download 2% complete]
Build on ubuntu-latest for linux	Configure CMake	2026-01-31T22:07:27.6433687Z -- [download 3% complete]
Build on ubuntu-latest for linux	Configure CMake	2026-01-31T22:07:27.6452046Z -- [download 4% complete]
Build on ubuntu-latest for linux	Configure CMake	2026-01-31T22:07:27.6467949Z -- [download 5% complete]
Build on ubuntu-latest for linux	Configure CMake	2026-01-31T22:07:27.6483497Z -- [download 6% complete]
Build on ubuntu-latest for linux	Configure CMake	2026-01-31T22:07:27.6499639Z -- [download 7% complete]
Build on ubuntu-latest for linux	Configure CMake	2026-01-31T22:07:27.6515532Z -- [download 8% complete]
Build on ubuntu-latest for linux	Configure CMake	2026-01-31T22:07:27.6531808Z -- [download 9% complete]
Build on ubuntu-latest for linux	Configure CMake	2026-01-31T22:07:27.6548123Z -- [download 10% complete]
Build on ubuntu-latest for linux	Configure CMake	2026-01-31T22:07:27.6565062Z -- [download 11% complete]
Build on ubuntu-latest for linux	Configure CMake	2026-01-31T22:07:27.6580578Z -- [download 12% complete]
Build on ubuntu-latest for linux	Configure CMake	2026-01-31T22:07:27.6596703Z -- [download 13% complete]
Build on ubuntu-latest for linux	Configure CMake	2026-01-31T22:07:27.6612103Z -- [download 14% complete]
Build on ubuntu-latest for linux	Configure CMake	2026-01-31T22:07:27.6628215Z -- [download 15% complete]
Build on ubuntu-latest for linux	Configure CMake	2026-01-31T22:07:27.6644072Z -- [download 16% complete]
Build on ubuntu-latest for linux	Configure CMake	2026-01-31T22:07:27.6660234Z -- [download 17% complete]
Build on ubuntu-latest for linux	Configure CMake	2026-01-31T22:07:27.6676330Z -- [download 18% complete]
Build on ubuntu-latest for linux	Configure CMake	2026-01-31T22:07:27.6693270Z -- [download 19% complete]
Build on ubuntu-latest for linux	Configure CMake	2026-01-31T22:07:27.6709391Z -- [download 20% complete]
Build on ubuntu-latest for linux	Configure CMake	2026-01-31T22:07:27.6725636Z -- [download 21% complete]
Build on ubuntu-latest for linux	Configure CMake	2026-01-31T22:07:27.6742497Z -- [download 22% complete]
Build on ubuntu-latest for linux	Configure CMake	2026-01-31T22:07:27.6758889Z -- [download 23% complete]
Build on ubuntu-latest for linux	Configure CMake	2026-01-31T22:07:27.6774691Z -- [download 24% complete]
Build on ubuntu-latest for linux	Configure CMake	2026-01-31T22:07:27.6790402Z -- [download 25% complete]
Build on ubuntu-latest for linux	Configure CMake	2026-01-31T22:07:27.6806465Z -- [download 26% complete]
Build on ubuntu-latest for linux	Configure CMake	2026-01-31T22:07:27.6823732Z -- [download 27% complete]
Build on ubuntu-latest for linux	Configure CMake	2026-01-31T22:07:27.6839335Z -- [download 28% complete]
Build on ubuntu-latest for linux	Configure CMake	2026-01-31T22:07:27.6855594Z -- [download 29% complete]
Build on ubuntu-latest for linux	Configure CMake	2026-01-31T22:07:27.6871192Z -- [download 30% complete]
Build on ubuntu-latest for linux	Configure CMake	2026-01-31T22:07:27.6887579Z -- [download 31% complete]
Build on ubuntu-latest for linux	Configure CMake	2026-01-31T22:07:27.6903529Z -- [download 32% complete]
Build on ubuntu-latest for linux	Configure CMake	2026-01-31T22:07:27.6920714Z -- [download 33% complete]
Build on ubuntu-latest for linux	Configure CMake	2026-01-31T22:07:27.6937716Z -- [download 34% complete]
Build on ubuntu-latest for linux	Configure CMake	2026-01-31T22:07:27.6953288Z -- [download 35% complete]
Build on ubuntu-latest for linux	Configure CMake	2026-01-31T22:07:27.6969184Z -- [download 36% complete]
Build on ubuntu-latest for linux	Configure CMake	2026-01-31T22:07:27.6985194Z -- [download 37% complete]
Build on ubuntu-latest for linux	Configure CMake	2026-01-31T22:07:27.7001062Z -- [download 38% complete]
Build on ubuntu-latest for linux	Configure CMake	2026-01-31T22:07:27.7017033Z -- [download 39% complete]
Build on ubuntu-latest for linux	Configure CMake	2026-01-31T22:07:27.7033269Z -- [download 40% complete]
Build on ubuntu-latest for linux	Configure CMake	2026-01-31T22:07:27.7049383Z -- [download 41% complete]
Build on ubuntu-latest for linux	Configure CMake	2026-01-31T22:07:27.7065356Z -- [download 42% complete]
Build on ubuntu-latest for linux	Configure CMake	2026-01-31T22:07:27.7082264Z -- [download 43% complete]
Build on ubuntu-latest for linux	Configure CMake	2026-01-31T22:07:27.7098179Z -- [download 44% complete]
Build on ubuntu-latest for linux	Configure CMake	2026-01-31T22:07:27.7113409Z -- [download 45% complete]
Build on ubuntu-latest for linux	Configure CMake	2026-01-31T22:07:27.7129088Z -- [download 46% complete]
Build on ubuntu-latest for linux	Configure CMake	2026-01-31T22:07:27.7144853Z -- [download 47% complete]
Build on ubuntu-latest for linux	Configure CMake	2026-01-31T22:07:27.7161251Z -- [download 48% complete]
Build on ubuntu-latest for linux	Configure CMake	2026-01-31T22:07:27.7177478Z -- [download 49% complete]
Build on ubuntu-latest for linux	Configure CMake	2026-01-31T22:07:27.7193865Z -- [download 50% complete]
Build on ubuntu-latest for linux	Configure CMake	2026-01-31T22:07:27.7210209Z -- [download 51% complete]
Build on ubuntu-latest for linux	Configure CMake	2026-01-31T22:07:27.7227435Z -- [download 52% complete]
Build on ubuntu-latest for linux	Configure CMake	2026-01-31T22:07:27.7243639Z -- [download 53% complete]
Build on ubuntu-latest for linux	Configure CMake	2026-01-31T22:07:27.7259404Z -- [download 54% complete]
Build on ubuntu-latest for linux	Configure CMake	2026-01-31T22:07:27.7277049Z -- [download 55% complete]
Build on ubuntu-latest for linux	Configure CMake	2026-01-31T22:07:27.7293031Z -- [download 56% complete]
Build on ubuntu-latest for linux	Configure CMake	2026-01-31T22:07:27.7309297Z -- [download 57% complete]
Build on ubuntu-latest for linux	Configure CMake	2026-01-31T22:07:27.7325061Z -- [download 58% complete]
Build on ubuntu-latest for linux	Configure CMake	2026-01-31T22:07:27.7341966Z -- [download 59% complete]
Build on ubuntu-latest for linux	Configure CMake	2026-01-31T22:07:27.7358185Z -- [download 60% complete]
Build on ubuntu-latest for linux	Configure CMake	2026-01-31T22:07:27.7374716Z -- [download 61% complete]
Build on ubuntu-latest for linux	Configure CMake	2026-01-31T22:07:27.7391044Z -- [download 62% complete]
Build on ubuntu-latest for linux	Configure CMake	2026-01-31T22:07:27.7407159Z -- [download 63% complete]
Build on ubuntu-latest for linux	Configure CMake	2026-01-31T22:07:27.7423304Z -- [download 64% complete]
Build on ubuntu-latest for linux	Configure CMake	2026-01-31T22:07:27.7440494Z -- [download 65% complete]
Build on ubuntu-latest for linux	Configure CMake	2026-01-31T22:07:27.7456235Z -- [download 66% complete]
Build on ubuntu-latest for linux	Configure CMake	2026-01-31T22:07:27.7471901Z -- [download 67% complete]
Build on ubuntu-latest for linux	Configure CMake	2026-01-31T22:07:27.7488391Z -- [download 68% complete]
Build on ubuntu-latest for linux	Configure CMake	2026-01-31T22:07:27.7504429Z -- [download 69% complete]
Build on ubuntu-latest for linux	Configure CMake	2026-01-31T22:07:27.7519883Z -- [download 70% complete]
Build on ubuntu-latest for linux	Configure CMake	2026-01-31T22:07:27.7534866Z -- [download 71% complete]
Build on ubuntu-latest for linux	Configure CMake	2026-01-31T22:07:27.7549950Z -- [download 72% complete]
Build on ubuntu-latest for linux	Configure CMake	2026-01-31T22:07:27.7566491Z -- [download 73% complete]
Build on ubuntu-latest for linux	Configure CMake	2026-01-31T22:07:27.7581458Z -- [download 74% complete]
Build on ubuntu-latest for linux	Configure CMake	2026-01-31T22:07:27.7596251Z -- [download 75% complete]
Build on ubuntu-latest for linux	Configure CMake	2026-01-31T22:07:27.7656708Z -- [download 76% complete]
Build on ubuntu-latest for linux	Configure CMake	2026-01-31T22:07:27.7676545Z -- [download 77% complete]
Build on ubuntu-latest for linux	Configure CMake	2026-01-31T22:07:27.7694111Z -- [download 78% complete]
Build on ubuntu-latest for linux	Configure CMake	2026-01-31T22:07:27.7710132Z -- [download 79% complete]
Build on ubuntu-latest for linux	Configure CMake	2026-01-31T22:07:27.7725770Z -- [download 80% complete]
Build on ubuntu-latest for linux	Configure CMake	2026-01-31T22:07:27.7742483Z -- [download 81% complete]
Build on ubuntu-latest for linux	Configure CMake	2026-01-31T22:07:27.7758474Z -- [download 82% complete]
Build on ubuntu-latest for linux	Configure CMake	2026-01-31T22:07:27.7774250Z -- [download 83% complete]
Build on ubuntu-latest for linux	Configure CMake	2026-01-31T22:07:27.7790354Z -- [download 84% complete]
Build on ubuntu-latest for linux	Configure CMake	2026-01-31T22:07:27.7805355Z -- [download 85% complete]
Build on ubuntu-latest for linux	Configure CMake	2026-01-31T22:07:27.7821863Z -- [download 86% complete]
Build on ubuntu-latest for linux	Configure CMake	2026-01-31T22:07:27.7837451Z -- [download 87% complete]
Build on ubuntu-latest for linux	Configure CMake	2026-01-31T22:07:27.7854100Z -- [download 88% complete]
Build on ubuntu-latest for linux	Configure CMake	2026-01-31T22:07:27.7869443Z -- [download 89% complete]
Build on ubuntu-latest for linux	Configure CMake	2026-01-31T22:07:27.7886231Z -- [download 90% complete]
Build on ubuntu-latest for linux	Configure CMake	2026-01-31T22:07:27.7901836Z -- [download 91% complete]
Build on ubuntu-latest for linux	Configure CMake	2026-01-31T22:07:27.7918080Z -- [download 92% complete]
Build on ubuntu-latest for linux	Configure CMake	2026-01-31T22:07:27.7934559Z -- [download 93% complete]
Build on ubuntu-latest for linux	Configure CMake	2026-01-31T22:07:27.7950366Z -- [download 94% complete]
Build on ubuntu-latest for linux	Configure CMake	2026-01-31T22:07:27.7966216Z -- [download 95% complete]
Build on ubuntu-latest for linux	Configure CMake	2026-01-31T22:07:27.7981845Z -- [download 96% complete]
Build on ubuntu-latest for linux	Configure CMake	2026-01-31T22:07:27.7997335Z -- [download 97% complete]
Build on ubuntu-latest for linux	Configure CMake	2026-01-31T22:07:27.8012204Z -- [download 98% complete]
Build on ubuntu-latest for linux	Configure CMake	2026-01-31T22:07:27.8027081Z -- [download 99% complete]
Build on ubuntu-latest for linux	Configure CMake	2026-01-31T22:07:27.8043215Z -- [download 100% complete]
Build on ubuntu-latest for linux	Configure CMake	2026-01-31T22:07:27.8069439Z -- Downloading Chinese font...
Build on ubuntu-latest for linux	Configure CMake	2026-01-31T22:07:28.1957425Z -- [download 0% complete]
Build on ubuntu-latest for linux	Configure CMake	2026-01-31T22:07:28.1978102Z -- [download 1% complete]
Build on ubuntu-latest for linux	Configure CMake	2026-01-31T22:07:28.2010188Z -- [download 2% complete]
Build on ubuntu-latest for linux	Configure CMake	2026-01-31T22:07:28.2025734Z -- [download 3% complete]
Build on ubuntu-latest for linux	Configure CMake	2026-01-31T22:07:28.2042211Z -- [download 4% complete]
Build on ubuntu-latest for linux	Configure CMake	2026-01-31T22:07:28.2056100Z -- [download 5% complete]
Build on ubuntu-latest for linux	Configure CMake	2026-01-31T22:07:28.2071199Z -- [download 6% complete]
Build on ubuntu-latest for linux	Configure CMake	2026-01-31T22:07:28.2086254Z -- [download 7% complete]
Build on ubuntu-latest for linux	Configure CMake	2026-01-31T22:07:28.2101160Z -- [download 8% complete]
Build on ubuntu-latest for linux	Configure CMake	2026-01-31T22:07:28.2116528Z -- [download 9% complete]
Build on ubuntu-latest for linux	Configure CMake	2026-01-31T22:07:28.2132338Z -- [download 10% complete]
Build on ubuntu-latest for linux	Configure CMake	2026-01-31T22:07:28.2147090Z -- [download 11% complete]
Build on ubuntu-latest for linux	Configure CMake	2026-01-31T22:07:28.2161484Z -- [download 12% complete]
Build on ubuntu-latest for linux	Configure CMake	2026-01-31T22:07:28.2176476Z -- [download 13% complete]
Build on ubuntu-latest for linux	Configure CMake	2026-01-31T22:07:28.2191807Z -- [download 14% complete]
Build on ubuntu-latest for linux	Configure CMake	2026-01-31T22:07:28.2206292Z -- [download 15% complete]
Build on ubuntu-latest for linux	Configure CMake	2026-01-31T22:07:28.2221769Z -- [download 16% complete]
Build on ubuntu-latest for linux	Configure CMake	2026-01-31T22:07:28.2236670Z -- [download 17% complete]
Build on ubuntu-latest for linux	Configure CMake	2026-01-31T22:07:28.2250779Z -- [download 18% complete]
Build on ubuntu-latest for linux	Configure CMake	2026-01-31T22:07:28.2266584Z -- [download 19% complete]
Build on ubuntu-latest for linux	Configure CMake	2026-01-31T22:07:28.2280904Z -- [download 20% complete]
Build on ubuntu-latest for linux	Configure CMake	2026-01-31T22:07:28.2296863Z -- [download 21% complete]
Build on ubuntu-latest for linux	Configure CMake	2026-01-31T22:07:28.2311824Z -- [download 22% complete]
Build on ubuntu-latest for linux	Configure CMake	2026-01-31T22:07:28.2326320Z -- [download 23% complete]
Build on ubuntu-latest for linux	Configure CMake	2026-01-31T22:07:28.2341358Z -- [download 24% complete]
Build on ubuntu-latest for linux	Configure CMake	2026-01-31T22:07:28.2356296Z -- [download 25% complete]
Build on ubuntu-latest for linux	Configure CMake	2026-01-31T22:07:28.2372342Z -- [download 26% complete]
Build on ubuntu-latest for linux	Configure CMake	2026-01-31T22:07:28.2389116Z -- [download 27% complete]
Build on ubuntu-latest for linux	Configure CMake	2026-01-31T22:07:28.2402237Z -- [download 28% complete]
Build on ubuntu-latest for linux	Configure CMake	2026-01-31T22:07:28.2417188Z -- [download 29% complete]
Build on ubuntu-latest for linux	Configure CMake	2026-01-31T22:07:28.2432066Z -- [download 30% complete]
Build on ubuntu-latest for linux	Configure CMake	2026-01-31T22:07:28.2448124Z -- [download 31% complete]
Build on ubuntu-latest for linux	Configure CMake	2026-01-31T22:07:28.2463209Z -- [download 32% complete]
Build on ubuntu-latest for linux	Configure CMake	2026-01-31T22:07:28.2478365Z -- [download 33% complete]
Build on ubuntu-latest for linux	Configure CMake	2026-01-31T22:07:28.2493448Z -- [download 34% complete]
Build on ubuntu-latest for linux	Configure CMake	2026-01-31T22:07:28.2507831Z -- [download 35% complete]
Build on ubuntu-latest for linux	Configure CMake	2026-01-31T22:07:28.2523088Z -- [download 36% complete]
Build on ubuntu-latest for linux	Configure CMake	2026-01-31T22:07:28.2537581Z -- [download 37% complete]
Build on ubuntu-latest for linux	Configure CMake	2026-01-31T22:07:28.2551969Z -- [download 38% complete]
Build on ubuntu-latest for linux	Configure CMake	2026-01-31T22:07:28.2566613Z -- [download 39% complete]
Build on ubuntu-latest for linux	Configure CMake	2026-01-31T22:07:28.2581132Z -- [download 40% complete]
Build on ubuntu-latest for linux	Configure CMake	2026-01-31T22:07:28.2595606Z -- [download 41% complete]
Build on ubuntu-latest for linux	Configure CMake	2026-01-31T22:07:28.2611290Z -- [download 42% complete]
Build on ubuntu-latest for linux	Configure CMake	2026-01-31T22:07:28.2677824Z -- [download 43% complete]
Build on ubuntu-latest for linux	Configure CMake	2026-01-31T22:07:28.2693994Z -- [download 44% complete]
Build on ubuntu-latest for linux	Configure CMake	2026-01-31T22:07:28.2708013Z -- [download 45% complete]
Build on ubuntu-latest for linux	Configure CMake	2026-01-31T22:07:28.2723761Z -- [download 46% complete]
Build on ubuntu-latest for linux	Configure CMake	2026-01-31T22:07:28.2737798Z -- [download 47% complete]
Build on ubuntu-latest for linux	Configure CMake	2026-01-31T22:07:28.2752517Z -- [download 48% complete]
Build on ubuntu-latest for linux	Configure CMake	2026-01-31T22:07:28.2767236Z -- [download 49% complete]
Build on ubuntu-latest for linux	Configure CMake	2026-01-31T22:07:28.2782846Z -- [download 50% complete]
Build on ubuntu-latest for linux	Configure CMake	2026-01-31T22:07:28.2797653Z -- [download 51% complete]
Build on ubuntu-latest for linux	Configure CMake	2026-01-31T22:07:28.2811993Z -- [download 52% complete]
Build on ubuntu-latest for linux	Configure CMake	2026-01-31T22:07:28.2827120Z -- [download 53% complete]
Build on ubuntu-latest for linux	Configure CMake	2026-01-31T22:07:28.2841752Z -- [download 54% complete]
Build on ubuntu-latest for linux	Configure CMake	2026-01-31T22:07:28.2855755Z -- [download 55% complete]
Build on ubuntu-latest for linux	Configure CMake	2026-01-31T22:07:28.2870810Z -- [download 56% complete]
Build on ubuntu-latest for linux	Configure CMake	2026-01-31T22:07:28.2886837Z -- [download 57% complete]
Build on ubuntu-latest for linux	Configure CMake	2026-01-31T22:07:28.2901827Z -- [download 58% complete]
Build on ubuntu-latest for linux	Configure CMake	2026-01-31T22:07:28.2916743Z -- [download 59% complete]
Build on ubuntu-latest for linux	Configure CMake	2026-01-31T22:07:28.2931663Z -- [download 60% complete]
Build on ubuntu-latest for linux	Configure CMake	2026-01-31T22:07:28.2946405Z -- [download 61% complete]
Build on ubuntu-latest for linux	Configure CMake	2026-01-31T22:07:28.2962282Z -- [download 62% complete]
Build on ubuntu-latest for linux	Configure CMake	2026-01-31T22:07:28.2975636Z -- [download 63% complete]
Build on ubuntu-latest for linux	Configure CMake	2026-01-31T22:07:28.2991517Z -- [download 64% complete]
Build on ubuntu-latest for linux	Configure CMake	2026-01-31T22:07:28.3007357Z -- [download 65% complete]
Build on ubuntu-latest for linux	Configure CMake	2026-01-31T22:07:28.3021636Z -- [download 66% complete]
Build on ubuntu-latest for linux	Configure CMake	2026-01-31T22:07:28.3036553Z -- [download 67% complete]
Build on ubuntu-latest for linux	Configure CMake	2026-01-31T22:07:28.3051241Z -- [download 68% complete]
Build on ubuntu-latest for linux	Configure CMake	2026-01-31T22:07:28.3066470Z -- [download 69% complete]
Build on ubuntu-latest for linux	Configure CMake	2026-01-31T22:07:28.3081211Z -- [download 70% complete]
Build on ubuntu-latest for linux	Configure CMake	2026-01-31T22:07:28.3096445Z -- [download 71% complete]
Build on ubuntu-latest for linux	Configure CMake	2026-01-31T22:07:28.3111101Z -- [download 72% complete]
Build on ubuntu-latest for linux	Configure CMake	2026-01-31T22:07:28.3125845Z -- [download 73% complete]
Build on ubuntu-latest for linux	Configure CMake	2026-01-31T22:07:28.3141599Z -- [download 74% complete]
Build on ubuntu-latest for linux	Configure CMake	2026-01-31T22:07:28.3155807Z -- [download 75% complete]
Build on ubuntu-latest for linux	Configure CMake	2026-01-31T22:07:28.3170843Z -- [download 76% complete]
Build on ubuntu-latest for linux	Configure CMake	2026-01-31T22:07:28.3186588Z -- [download 77% complete]
Build on ubuntu-latest for linux	Configure CMake	2026-01-31T22:07:28.3202098Z -- [download 78% complete]
Build on ubuntu-latest for linux	Configure CMake	2026-01-31T22:07:28.3216616Z -- [download 79% complete]
Build on ubuntu-latest for linux	Configure CMake	2026-01-31T22:07:28.3230876Z -- [download 80% complete]
Build on ubuntu-latest for linux	Configure CMake	2026-01-31T22:07:28.3245787Z -- [download 81% complete]
Build on ubuntu-latest for linux	Configure CMake	2026-01-31T22:07:28.3261579Z -- [download 82% complete]
Build on ubuntu-latest for linux	Configure CMake	2026-01-31T22:07:28.3276786Z -- [download 83% complete]
Build on ubuntu-latest for linux	Configure CMake	2026-01-31T22:07:28.3291920Z -- [download 84% complete]
Build on ubuntu-latest for linux	Configure CMake	2026-01-31T22:07:28.3307496Z -- [download 85% complete]
Build on ubuntu-latest for linux	Configure CMake	2026-01-31T22:07:28.3321341Z -- [download 86% complete]
Build on ubuntu-latest for linux	Configure CMake	2026-01-31T22:07:28.3336220Z -- [download 87% complete]
Build on ubuntu-latest for linux	Configure CMake	2026-01-31T22:07:28.3351129Z -- [download 88% complete]
Build on ubuntu-latest for linux	Configure CMake	2026-01-31T22:07:28.3365843Z -- [download 89% complete]
Build on ubuntu-latest for linux	Configure CMake	2026-01-31T22:07:28.3380814Z -- [download 90% complete]
Build on ubuntu-latest for linux	Configure CMake	2026-01-31T22:07:28.3395090Z -- [download 91% complete]
Build on ubuntu-latest for linux	Configure CMake	2026-01-31T22:07:28.3410403Z -- [download 92% complete]
Build on ubuntu-latest for linux	Configure CMake	2026-01-31T22:07:28.3425709Z -- [download 93% complete]
Build on ubuntu-latest for linux	Configure CMake	2026-01-31T22:07:28.3441567Z -- [download 94% complete]
Build on ubuntu-latest for linux	Configure CMake	2026-01-31T22:07:28.3455506Z -- [download 95% complete]
Build on ubuntu-latest for linux	Configure CMake	2026-01-31T22:07:28.3470379Z -- [download 96% complete]
Build on ubuntu-latest for linux	Configure CMake	2026-01-31T22:07:28.3484606Z -- [download 97% complete]
Build on ubuntu-latest for linux	Configure CMake	2026-01-31T22:07:28.3499391Z -- [download 98% complete]
Build on ubuntu-latest for linux	Configure CMake	2026-01-31T22:07:28.3514002Z -- [download 99% complete]
Build on ubuntu-latest for linux	Configure CMake	2026-01-31T22:07:28.3528088Z -- [download 100% complete]
Build on ubuntu-latest for linux	Configure CMake	2026-01-31T22:07:28.5627836Z -- Found Python3: /usr/bin/python3.12 (found version "3.12.3") found components: Interpreter
Build on ubuntu-latest for linux	Configure CMake	2026-01-31T22:07:38.6089767Z -- Performing Test CMAKE_HAVE_LIBC_PTHREAD
Build on ubuntu-latest for linux	Configure CMake	2026-01-31T22:07:38.6871871Z -- Performing Test CMAKE_HAVE_LIBC_PTHREAD - Success
Build on ubuntu-latest for linux	Configure CMake	2026-01-31T22:07:38.6882601Z -- Found Threads: TRUE
Build on ubuntu-latest for linux	Configure CMake	2026-01-31T22:07:38.7010922Z -- Could NOT find Doxygen (missing: DOXYGEN_EXECUTABLE) 
Build on ubuntu-latest for linux	Configure CMake	2026-01-31T22:07:38.7012349Z -- Using X11 for window creation
Build on ubuntu-latest for linux	Configure CMake	2026-01-31T22:07:38.7666614Z -- Found X11: /usr/include
Build on ubuntu-latest for linux	Configure CMake	2026-01-31T22:07:38.7757394Z -- Looking for XOpenDisplay in /usr/lib/x86_64-linux-gnu/libX11.so;/usr/lib/x86_64-linux-gnu/libXext.so
Build on ubuntu-latest for linux	Configure CMake	2026-01-31T22:07:38.8361930Z -- Looking for XOpenDisplay in /usr/lib/x86_64-linux-gnu/libX11.so;/usr/lib/x86_64-linux-gnu/libXext.so - found
Build on ubuntu-latest for linux	Configure CMake	2026-01-31T22:07:38.8362952Z -- Looking for gethostbyname
Build on ubuntu-latest for linux	Configure CMake	2026-01-31T22:07:38.8883824Z -- Looking for gethostbyname - found
Build on ubuntu-latest for linux	Configure CMake	2026-01-31T22:07:38.8884725Z -- Looking for connect
Build on ubuntu-latest for linux	Configure CMake	2026-01-31T22:07:38.9417250Z -- Looking for connect - found
Build on ubuntu-latest for linux	Configure CMake	2026-01-31T22:07:38.9417759Z -- Looking for remove
Build on ubuntu-latest for linux	Configure CMake	2026-01-31T22:07:38.9941159Z -- Looking for remove - found
Build on ubuntu-latest for linux	Configure CMake	2026-01-31T22:07:38.9941879Z -- Looking for shmat
Build on ubuntu-latest for linux	Configure CMake	2026-01-31T22:07:39.0464107Z -- Looking for shmat - found
Build on ubuntu-latest for linux	Configure CMake	2026-01-31T22:07:55.4223916Z CMake Deprecation Warning at build-linux/_deps/imgui_filedialog-src/CMakeLists.txt:1 (cmake_minimum_required):
Build on ubuntu-latest for linux	Configure CMake	2026-01-31T22:07:55.4224715Z   Compatibility with CMake < 3.10 will be removed from a future version of
Build on ubuntu-latest for linux	Configure CMake	2026-01-31T22:07:55.4225116Z   CMake.
Build on ubuntu-latest for linux	Configure CMake	2026-01-31T22:07:55.4225218Z 
Build on ubuntu-latest for linux	Configure CMake	2026-01-31T22:07:55.4225427Z   Update the VERSION argument <min> value.  Or, use the <min>...<max> syntax
Build on ubuntu-latest for linux	Configure CMake	2026-01-31T22:07:55.4226164Z   to tell CMake that the project requires at least <min> but has been updated
Build on ubuntu-latest for linux	Configure CMake	2026-01-31T22:07:55.4226882Z   to work with policies introduced by <max> or earlier.
Build on ubuntu-latest for linux	Configure CMake	2026-01-31T22:07:55.4227246Z 
Build on ubuntu-latest for linux	Configure CMake	2026-01-31T22:07:55.4227269Z 
Build on ubuntu-latest for linux	Configure CMake	2026-01-31T22:07:55.4311726Z -- Found OpenGL: /usr/lib/x86_64-linux-gnu/libOpenGL.so
Build on ubuntu-latest for linux	Configure CMake	2026-01-31T22:07:55.4342075Z -- Configuring done (29.1s)
Build on ubuntu-latest for linux	Configure CMake	2026-01-31T22:07:55.4527285Z -- Generating done (0.0s)
Build on ubuntu-latest for linux	Configure CMake	2026-01-31T22:07:55.4533572Z -- Build files have been written to: /home/runner/work/motor-curve-control/motor-curve-control/build-linux
Build on ubuntu-latest for linux	Build	ï»¿2026-01-31T22:07:55.4635676Z ##[group]Run cmake --build build-linux --config Release -j$(nproc)
Build on ubuntu-latest for linux	Build	2026-01-31T22:07:55.4636461Z [36;1mcmake --build build-linux --config Release -j$(nproc)[0m
Build on ubuntu-latest for linux	Build	2026-01-31T22:07:55.4668244Z shell: /usr/bin/bash -e {0}
Build on ubuntu-latest for linux	Build	2026-01-31T22:07:55.4668484Z ##[endgroup]
Build on ubuntu-latest for linux	Build	2026-01-31T22:07:55.4917287Z [  3%] Building CXX object CMakeFiles/imgui.dir/_deps/imgui-src/imgui.cpp.o
Build on ubuntu-latest for linux	Build	2026-01-31T22:07:55.4920567Z [ 10%] Building CXX object _deps/imgui_filedialog-build/CMakeFiles/ImGuiFileDialog.dir/ImGuiFileDialog.cpp.o
Build on ubuntu-latest for linux	Build	2026-01-31T22:07:55.4921621Z [ 10%] Building CXX object CMakeFiles/imgui.dir/_deps/imgui-src/imgui_demo.cpp.o
Build on ubuntu-latest for linux	Build	2026-01-31T22:07:55.4926977Z [ 13%] Building C object _deps/glfw-build/src/CMakeFiles/glfw.dir/context.c.o
Build on ubuntu-latest for linux	Build	2026-01-31T22:07:55.5015691Z In file included from /home/runner/work/motor-curve-control/motor-curve-control/build-linux/_deps/imgui_filedialog-src/ImGuiFileDialog.cpp:32:
Build on ubuntu-latest for linux	Build	2026-01-31T22:07:55.5023345Z /home/runner/work/motor-curve-control/motor-curve-control/build-linux/_deps/imgui_filedialog-src/ImGuiFileDialog.h:1025:10: fatal error: imgui.h: No such file or directory
Build on ubuntu-latest for linux	Build	2026-01-31T22:07:55.5024681Z  1025 | #include <imgui.h>
Build on ubuntu-latest for linux	Build	2026-01-31T22:07:55.5025019Z       |          ^~~~~~~~~
Build on ubuntu-latest for linux	Build	2026-01-31T22:07:55.5025482Z compilation terminated.
Build on ubuntu-latest for linux	Build	2026-01-31T22:07:55.5028286Z gmake[2]: *** [_deps/imgui_filedialog-build/CMakeFiles/ImGuiFileDialog.dir/build.make:79: _deps/imgui_filedialog-build/CMakeFiles/ImGuiFileDialog.dir/ImGuiFileDialog.cpp.o] Error 1
Build on ubuntu-latest for linux	Build	2026-01-31T22:07:55.5031225Z gmake[1]: *** [CMakeFiles/Makefile2:284: _deps/imgui_filedialog-build/CMakeFiles/ImGuiFileDialog.dir/all] Error 2
Build on ubuntu-latest for linux	Build	2026-01-31T22:07:55.5033020Z gmake[1]: *** Waiting for unfinished jobs....
Build on ubuntu-latest for linux	Build	2026-01-31T22:07:55.5054451Z [ 16%] Building C object _deps/glfw-build/src/CMakeFiles/glfw.dir/init.c.o
Build on ubuntu-latest for linux	Build	2026-01-31T22:07:55.6978079Z [ 20%] Building C object _deps/glfw-build/src/CMakeFiles/glfw.dir/input.c.o
Build on ubuntu-latest for linux	Build	2026-01-31T22:07:55.7531134Z [ 23%] Building CXX object CMakeFiles/imgui.dir/_deps/imgui-src/imgui_draw.cpp.o
Build on ubuntu-latest for linux	Build	2026-01-31T22:07:56.1990034Z [ 26%] Building C object _deps/glfw-build/src/CMakeFiles/glfw.dir/monitor.c.o
Build on ubuntu-latest for linux	Build	2026-01-31T22:07:56.4473123Z [ 30%] Building C object _deps/glfw-build/src/CMakeFiles/glfw.dir/vulkan.c.o
Build on ubuntu-latest for linux	Build	2026-01-31T22:07:56.5944586Z [ 33%] Building C object _deps/glfw-build/src/CMakeFiles/glfw.dir/window.c.o
Build on ubuntu-latest for linux	Build	2026-01-31T22:07:56.8851902Z [ 36%] Building C object _deps/glfw-build/src/CMakeFiles/glfw.dir/x11_init.c.o
Build on ubuntu-latest for linux	Build	2026-01-31T22:07:57.2489288Z [ 40%] Building C object _deps/glfw-build/src/CMakeFiles/glfw.dir/x11_monitor.c.o
Build on ubuntu-latest for linux	Build	2026-01-31T22:07:57.5123472Z [ 43%] Building C object _deps/glfw-build/src/CMakeFiles/glfw.dir/x11_window.c.o
Build on ubuntu-latest for linux	Build	2026-01-31T22:07:58.4393136Z [ 46%] Building C object _deps/glfw-build/src/CMakeFiles/glfw.dir/xkb_unicode.c.o
Build on ubuntu-latest for linux	Build	2026-01-31T22:07:58.5282160Z [ 50%] Building C object _deps/glfw-build/src/CMakeFiles/glfw.dir/posix_time.c.o
Build on ubuntu-latest for linux	Build	2026-01-31T22:07:58.6117716Z [ 53%] Building C object _deps/glfw-build/src/CMakeFiles/glfw.dir/posix_thread.c.o
Build on ubuntu-latest for linux	Build	2026-01-31T22:07:58.7052132Z [ 56%] Building C object _deps/glfw-build/src/CMakeFiles/glfw.dir/glx_context.c.o
Build on ubuntu-latest for linux	Build	2026-01-31T22:07:58.9439795Z [ 60%] Building C object _deps/glfw-build/src/CMakeFiles/glfw.dir/egl_context.c.o
Build on ubuntu-latest for linux	Build	2026-01-31T22:07:59.2058206Z [ 63%] Building C object _deps/glfw-build/src/CMakeFiles/glfw.dir/osmesa_context.c.o
Build on ubuntu-latest for linux	Build	2026-01-31T22:07:59.3554645Z [ 66%] Building C object _deps/glfw-build/src/CMakeFiles/glfw.dir/linux_joystick.c.o
Build on ubuntu-latest for linux	Build	2026-01-31T22:07:59.5806475Z [ 70%] Linking C shared library libglfw.so
Build on ubuntu-latest for linux	Build	2026-01-31T22:07:59.6355011Z [ 70%] Built target glfw
Build on ubuntu-latest for linux	Build	2026-01-31T22:07:59.6386118Z [ 73%] Building CXX object CMakeFiles/imgui.dir/_deps/imgui-src/imgui_tables.cpp.o
Build on ubuntu-latest for linux	Build	2026-01-31T22:07:59.7258372Z [ 76%] Building CXX object CMakeFiles/imgui.dir/_deps/imgui-src/imgui_widgets.cpp.o
Build on ubuntu-latest for linux	Build	2026-01-31T22:08:01.4497463Z [ 80%] Building CXX object CMakeFiles/imgui.dir/_deps/imgui-src/backends/imgui_impl_glfw.cpp.o
Build on ubuntu-latest for linux	Build	2026-01-31T22:08:01.7083065Z [ 83%] Building CXX object CMakeFiles/imgui.dir/_deps/imgui-src/backends/imgui_impl_opengl3.cpp.o
Build on ubuntu-latest for linux	Build	2026-01-31T22:08:01.9909648Z [ 86%] Building CXX object CMakeFiles/imgui.dir/_deps/imgui_filedialog-src/ImGuiFileDialog.cpp.o
Build on ubuntu-latest for linux	Build	2026-01-31T22:08:09.5056797Z [ 90%] Linking CXX static library libimgui.a
Build on ubuntu-latest for linux	Build	2026-01-31T22:08:10.1188713Z [ 90%] Built target imgui
Build on ubuntu-latest for linux	Build	2026-01-31T22:08:10.1194543Z gmake: *** [Makefile:91: all] Error 2
Build on ubuntu-latest for linux	Build	2026-01-31T22:08:10.1218050Z ##[error]Process completed with exit code 2.
Build on ubuntu-latest for linux	Post Checkout code	ï»¿2026-01-31T22:08:10.1318066Z Post job cleanup.
Build on ubuntu-latest for linux	Post Checkout code	2026-01-31T22:08:10.2250359Z [command]/usr/bin/git version
Build on ubuntu-latest for linux	Post Checkout code	2026-01-31T22:08:10.2285774Z git version 2.52.0
Build on ubuntu-latest for linux	Post Checkout code	2026-01-31T22:08:10.2327500Z Temporarily overriding HOME='/home/runner/work/_temp/52753b70-b24f-4fe0-87a3-62a3cf0fb045' before making global git config changes
Build on ubuntu-latest for linux	Post Checkout code	2026-01-31T22:08:10.2328719Z Adding repository directory to the temporary git global config as a safe directory
Build on ubuntu-latest for linux	Post Checkout code	2026-01-31T22:08:10.2332999Z [command]/usr/bin/git config --global --add safe.directory /home/runner/work/motor-curve-control/motor-curve-control
Build on ubuntu-latest for linux	Post Checkout code	2026-01-31T22:08:10.2373050Z [command]/usr/bin/git config --local --name-only --get-regexp core\.sshCommand
Build on ubuntu-latest for linux	Post Checkout code	2026-01-31T22:08:10.2404422Z [command]/usr/bin/git submodule foreach --recursive sh -c "git config --local --name-only --get-regexp 'core\.sshCommand' && git config --local --unset-all 'core.sshCommand' || :"
Build on ubuntu-latest for linux	Post Checkout code	2026-01-31T22:08:10.2626320Z [command]/usr/bin/git config --local --name-only --get-regexp http\.https\:\/\/github\.com\/\.extraheader
Build on ubuntu-latest for linux	Post Checkout code	2026-01-31T22:08:10.2646952Z http.https://github.com/.extraheader
Build on ubuntu-latest for linux	Post Checkout code	2026-01-31T22:08:10.2659564Z [command]/usr/bin/git config --local --unset-all http.https://github.com/.extraheader
Build on ubuntu-latest for linux	Post Checkout code	2026-01-31T22:08:10.2689825Z [command]/usr/bin/git submodule foreach --recursive sh -c "git config --local --name-only --get-regexp 'http\.https\:\/\/github\.com\/\.extraheader' && git config --local --unset-all 'http.https://github.com/.extraheader' || :"
Build on ubuntu-latest for linux	Post Checkout code	2026-01-31T22:08:10.2909436Z [command]/usr/bin/git config --local --name-only --get-regexp ^includeIf\.gitdir:
Build on ubuntu-latest for linux	Post Checkout code	2026-01-31T22:08:10.2939877Z [command]/usr/bin/git submodule foreach --recursive git config --local --show-origin --name-only --get-regexp remote.origin.url
Build on ubuntu-latest for linux	Complete job	ï»¿2026-01-31T22:08:10.3258041Z Cleaning up orphan processes
Build on ubuntu-latest for windows	Set up job	ï»¿2026-01-31T22:07:08.2645424Z Current runner version: '2.331.0'
Build on ubuntu-latest for windows	Set up job	2026-01-31T22:07:08.2669024Z ##[group]Runner Image Provisioner
Build on ubuntu-latest for windows	Set up job	2026-01-31T22:07:08.2669798Z Hosted Compute Agent
Build on ubuntu-latest for windows	Set up job	2026-01-31T22:07:08.2670346Z Version: 20260123.484
Build on ubuntu-latest for windows	Set up job	2026-01-31T22:07:08.2670860Z Commit: 6bd6555ca37d84114959e1c76d2c01448ff61c5d
Build on ubuntu-latest for windows	Set up job	2026-01-31T22:07:08.2671477Z Build Date: 2026-01-23T19:41:17Z
Build on ubuntu-latest for windows	Set up job	2026-01-31T22:07:08.2672047Z Worker ID: {f258ef85-dcdf-40b8-bf68-dc49cd249050}
Build on ubuntu-latest for windows	Set up job	2026-01-31T22:07:08.2672715Z Azure Region: westcentralus
Build on ubuntu-latest for windows	Set up job	2026-01-31T22:07:08.2673206Z ##[endgroup]
Build on ubuntu-latest for windows	Set up job	2026-01-31T22:07:08.2674701Z ##[group]Operating System
Build on ubuntu-latest for windows	Set up job	2026-01-31T22:07:08.2675255Z Ubuntu
Build on ubuntu-latest for windows	Set up job	2026-01-31T22:07:08.2675644Z 24.04.3
Build on ubuntu-latest for windows	Set up job	2026-01-31T22:07:08.2676078Z LTS
Build on ubuntu-latest for windows	Set up job	2026-01-31T22:07:08.2676502Z ##[endgroup]
Build on ubuntu-latest for windows	Set up job	2026-01-31T22:07:08.2676942Z ##[group]Runner Image
Build on ubuntu-latest for windows	Set up job	2026-01-31T22:07:08.2677361Z Image: ubuntu-24.04
Build on ubuntu-latest for windows	Set up job	2026-01-31T22:07:08.2677842Z Version: 20260126.10.1
Build on ubuntu-latest for windows	Set up job	2026-01-31T22:07:08.2678672Z Included Software: https://github.com/actions/runner-images/blob/ubuntu24/20260126.10/images/ubuntu/Ubuntu2404-Readme.md
Build on ubuntu-latest for windows	Set up job	2026-01-31T22:07:08.2680149Z Image Release: https://github.com/actions/runner-images/releases/tag/ubuntu24%2F20260126.10
Build on ubuntu-latest for windows	Set up job	2026-01-31T22:07:08.2680938Z ##[endgroup]
Build on ubuntu-latest for windows	Set up job	2026-01-31T22:07:08.2681845Z ##[group]GITHUB_TOKEN Permissions
Build on ubuntu-latest for windows	Set up job	2026-01-31T22:07:08.2683728Z Contents: write
Build on ubuntu-latest for windows	Set up job	2026-01-31T22:07:08.2684186Z Metadata: read
Build on ubuntu-latest for windows	Set up job	2026-01-31T22:07:08.2684730Z ##[endgroup]
Build on ubuntu-latest for windows	Set up job	2026-01-31T22:07:08.2686749Z Secret source: Actions
Build on ubuntu-latest for windows	Set up job	2026-01-31T22:07:08.2687368Z Prepare workflow directory
Build on ubuntu-latest for windows	Set up job	2026-01-31T22:07:08.3040646Z Prepare all required actions
Build on ubuntu-latest for windows	Set up job	2026-01-31T22:07:08.3082558Z Getting action download info
Build on ubuntu-latest for windows	Set up job	2026-01-31T22:07:08.6697514Z Download action repository 'actions/checkout@v4' (SHA:34e114876b0b11c390a56381ad16ebd13914f8d5)
Build on ubuntu-latest for windows	Set up job	2026-01-31T22:07:08.7368947Z Download action repository 'actions/upload-artifact@v4' (SHA:ea165f8d65b6e75b540449e92b4886f43607fa02)
Build on ubuntu-latest for windows	Set up job	2026-01-31T22:07:08.9096150Z Complete job name: Build on ubuntu-latest for windows
Build on ubuntu-latest for windows	Checkout code	ï»¿2026-01-31T22:07:08.9698726Z ##[group]Run actions/checkout@v4
Build on ubuntu-latest for windows	Checkout code	2026-01-31T22:07:08.9699542Z with:
Build on ubuntu-latest for windows	Checkout code	2026-01-31T22:07:08.9699987Z   submodules: recursive
Build on ubuntu-latest for windows	Checkout code	2026-01-31T22:07:08.9700437Z   repository: oudeis01/motor-curve-control
Build on ubuntu-latest for windows	Checkout code	2026-01-31T22:07:08.9701231Z   token: ***
Build on ubuntu-latest for windows	Checkout code	2026-01-31T22:07:08.9701668Z   ssh-strict: true
Build on ubuntu-latest for windows	Checkout code	2026-01-31T22:07:08.9702039Z   ssh-user: git
Build on ubuntu-latest for windows	Checkout code	2026-01-31T22:07:08.9702511Z   persist-credentials: true
Build on ubuntu-latest for windows	Checkout code	2026-01-31T22:07:08.9702957Z   clean: true
Build on ubuntu-latest for windows	Checkout code	2026-01-31T22:07:08.9703364Z   sparse-checkout-cone-mode: true
Build on ubuntu-latest for windows	Checkout code	2026-01-31T22:07:08.9703994Z   fetch-depth: 1
Build on ubuntu-latest for windows	Checkout code	2026-01-31T22:07:08.9704400Z   fetch-tags: false
Build on ubuntu-latest for windows	Checkout code	2026-01-31T22:07:08.9704810Z   show-progress: true
Build on ubuntu-latest for windows	Checkout code	2026-01-31T22:07:08.9705256Z   lfs: false
Build on ubuntu-latest for windows	Checkout code	2026-01-31T22:07:08.9705659Z   set-safe-directory: true
Build on ubuntu-latest for windows	Checkout code	2026-01-31T22:07:08.9706342Z ##[endgroup]
Build on ubuntu-latest for windows	Checkout code	2026-01-31T22:07:09.0693556Z Syncing repository: oudeis01/motor-curve-control
Build on ubuntu-latest for windows	Checkout code	2026-01-31T22:07:09.0695702Z ##[group]Getting Git version info
Build on ubuntu-latest for windows	Checkout code	2026-01-31T22:07:09.0696565Z Working directory is '/home/runner/work/motor-curve-control/motor-curve-control'
Build on ubuntu-latest for windows	Checkout code	2026-01-31T22:07:09.0697800Z [command]/usr/bin/git version
Build on ubuntu-latest for windows	Checkout code	2026-01-31T22:07:09.0746084Z git version 2.52.0
Build on ubuntu-latest for windows	Checkout code	2026-01-31T22:07:09.0768667Z ##[endgroup]
Build on ubuntu-latest for windows	Checkout code	2026-01-31T22:07:09.0791651Z Temporarily overriding HOME='/home/runner/work/_temp/30de0fdf-c9e9-4ffd-98d8-b446ba2554bd' before making global git config changes
Build on ubuntu-latest for windows	Checkout code	2026-01-31T22:07:09.0793306Z Adding repository directory to the temporary git global config as a safe directory
Build on ubuntu-latest for windows	Checkout code	2026-01-31T22:07:09.0797321Z [command]/usr/bin/git config --global --add safe.directory /home/runner/work/motor-curve-control/motor-curve-control
Build on ubuntu-latest for windows	Checkout code	2026-01-31T22:07:09.0830443Z Deleting the contents of '/home/runner/work/motor-curve-control/motor-curve-control'
Build on ubuntu-latest for windows	Checkout code	2026-01-31T22:07:09.0833120Z ##[group]Initializing the repository
Build on ubuntu-latest for windows	Checkout code	2026-01-31T22:07:09.0837356Z [command]/usr/bin/git init /home/runner/work/motor-curve-control/motor-curve-control
Build on ubuntu-latest for windows	Checkout code	2026-01-31T22:07:09.0892804Z hint: Using 'master' as the name for the initial branch. This default branch name
Build on ubuntu-latest for windows	Checkout code	2026-01-31T22:07:09.0894845Z hint: will change to "main" in Git 3.0. To configure the initial branch name
Build on ubuntu-latest for windows	Checkout code	2026-01-31T22:07:09.0896528Z hint: to use in all of your new repositories, which will suppress this warning,
Build on ubuntu-latest for windows	Checkout code	2026-01-31T22:07:09.0897298Z hint: call:
Build on ubuntu-latest for windows	Checkout code	2026-01-31T22:07:09.0897669Z hint:
Build on ubuntu-latest for windows	Checkout code	2026-01-31T22:07:09.0898145Z hint: 	git config --global init.defaultBranch <name>
Build on ubuntu-latest for windows	Checkout code	2026-01-31T22:07:09.0898715Z hint:
Build on ubuntu-latest for windows	Checkout code	2026-01-31T22:07:09.0899270Z hint: Names commonly chosen instead of 'master' are 'main', 'trunk' and
Build on ubuntu-latest for windows	Checkout code	2026-01-31T22:07:09.0900359Z hint: 'development'. The just-created branch can be renamed via this command:
Build on ubuntu-latest for windows	Checkout code	2026-01-31T22:07:09.0901339Z hint:
Build on ubuntu-latest for windows	Checkout code	2026-01-31T22:07:09.0901722Z hint: 	git branch -m <name>
Build on ubuntu-latest for windows	Checkout code	2026-01-31T22:07:09.0902176Z hint:
Build on ubuntu-latest for windows	Checkout code	2026-01-31T22:07:09.0902797Z hint: Disable this message with "git config set advice.defaultBranchName false"
Build on ubuntu-latest for windows	Checkout code	2026-01-31T22:07:09.0904044Z Initialized empty Git repository in /home/runner/work/motor-curve-control/motor-curve-control/.git/
Build on ubuntu-latest for windows	Checkout code	2026-01-31T22:07:09.0906099Z [command]/usr/bin/git remote add origin https://github.com/oudeis01/motor-curve-control
Build on ubuntu-latest for windows	Checkout code	2026-01-31T22:07:09.0932956Z ##[endgroup]
Build on ubuntu-latest for windows	Checkout code	2026-01-31T22:07:09.0934050Z ##[group]Disabling automatic garbage collection
Build on ubuntu-latest for windows	Checkout code	2026-01-31T22:07:09.0936794Z [command]/usr/bin/git config --local gc.auto 0
Build on ubuntu-latest for windows	Checkout code	2026-01-31T22:07:09.0960348Z ##[endgroup]
Build on ubuntu-latest for windows	Checkout code	2026-01-31T22:07:09.0961071Z ##[group]Setting up auth
Build on ubuntu-latest for windows	Checkout code	2026-01-31T22:07:09.0966894Z [command]/usr/bin/git config --local --name-only --get-regexp core\.sshCommand
Build on ubuntu-latest for windows	Checkout code	2026-01-31T22:07:09.0992038Z [command]/usr/bin/git submodule foreach --recursive sh -c "git config --local --name-only --get-regexp 'core\.sshCommand' && git config --local --unset-all 'core.sshCommand' || :"
Build on ubuntu-latest for windows	Checkout code	2026-01-31T22:07:09.1254493Z [command]/usr/bin/git config --local --name-only --get-regexp http\.https\:\/\/github\.com\/\.extraheader
Build on ubuntu-latest for windows	Checkout code	2026-01-31T22:07:09.1277718Z [command]/usr/bin/git submodule foreach --recursive sh -c "git config --local --name-only --get-regexp 'http\.https\:\/\/github\.com\/\.extraheader' && git config --local --unset-all 'http.https://github.com/.extraheader' || :"
Build on ubuntu-latest for windows	Checkout code	2026-01-31T22:07:09.1449105Z [command]/usr/bin/git config --local --name-only --get-regexp ^includeIf\.gitdir:
Build on ubuntu-latest for windows	Checkout code	2026-01-31T22:07:09.1476359Z [command]/usr/bin/git submodule foreach --recursive git config --local --show-origin --name-only --get-regexp remote.origin.url
Build on ubuntu-latest for windows	Checkout code	2026-01-31T22:07:09.1644669Z [command]/usr/bin/git config --local http.https://github.com/.extraheader AUTHORIZATION: basic ***
Build on ubuntu-latest for windows	Checkout code	2026-01-31T22:07:09.1671746Z ##[endgroup]
Build on ubuntu-latest for windows	Checkout code	2026-01-31T22:07:09.1672960Z ##[group]Fetching the repository
Build on ubuntu-latest for windows	Checkout code	2026-01-31T22:07:09.1680654Z [command]/usr/bin/git -c protocol.version=2 fetch --no-tags --prune --no-recurse-submodules --depth=1 origin +810083f43d5bb3ddd867efdbb105ea24d55b2d15:refs/tags/v1.0.2
Build on ubuntu-latest for windows	Checkout code	2026-01-31T22:07:09.5026144Z From https://github.com/oudeis01/motor-curve-control
Build on ubuntu-latest for windows	Checkout code	2026-01-31T22:07:09.5027077Z  * [new ref]         810083f43d5bb3ddd867efdbb105ea24d55b2d15 -> v1.0.2
Build on ubuntu-latest for windows	Checkout code	2026-01-31T22:07:09.5049212Z ##[endgroup]
Build on ubuntu-latest for windows	Checkout code	2026-01-31T22:07:09.5050294Z ##[group]Determining the checkout info
Build on ubuntu-latest for windows	Checkout code	2026-01-31T22:07:09.5051829Z ##[endgroup]
Build on ubuntu-latest for windows	Checkout code	2026-01-31T22:07:09.5057243Z [command]/usr/bin/git sparse-checkout disable
Build on ubuntu-latest for windows	Checkout code	2026-01-31T22:07:09.5094633Z [command]/usr/bin/git config --local --unset-all extensions.worktreeConfig
Build on ubuntu-latest for windows	Checkout code	2026-01-31T22:07:09.5116655Z ##[group]Checking out the ref
Build on ubuntu-latest for windows	Checkout code	2026-01-31T22:07:09.5121004Z [command]/usr/bin/git checkout --progress --force refs/tags/v1.0.2
Build on ubuntu-latest for windows	Checkout code	2026-01-31T22:07:09.5627296Z Note: switching to 'refs/tags/v1.0.2'.
Build on ubuntu-latest for windows	Checkout code	2026-01-31T22:07:09.5628021Z 
Build on ubuntu-latest for windows	Checkout code	2026-01-31T22:07:09.5628455Z You are in 'detached HEAD' state. You can look around, make experimental
Build on ubuntu-latest for windows	Checkout code	2026-01-31T22:07:09.5629235Z changes and commit them, and you can discard any commits you make in this
Build on ubuntu-latest for windows	Checkout code	2026-01-31T22:07:09.5630188Z state without impacting any branches by switching back to a branch.
Build on ubuntu-latest for windows	Checkout code	2026-01-31T22:07:09.5630619Z 
Build on ubuntu-latest for windows	Checkout code	2026-01-31T22:07:09.5630914Z If you want to create a new branch to retain commits you create, you may
Build on ubuntu-latest for windows	Checkout code	2026-01-31T22:07:09.5631621Z do so (now or later) by using -c with the switch command. Example:
Build on ubuntu-latest for windows	Checkout code	2026-01-31T22:07:09.5632020Z 
Build on ubuntu-latest for windows	Checkout code	2026-01-31T22:07:09.5632226Z   git switch -c <new-branch-name>
Build on ubuntu-latest for windows	Checkout code	2026-01-31T22:07:09.5632515Z 
Build on ubuntu-latest for windows	Checkout code	2026-01-31T22:07:09.5632871Z Or undo this operation with:
Build on ubuntu-latest for windows	Checkout code	2026-01-31T22:07:09.5633125Z 
Build on ubuntu-latest for windows	Checkout code	2026-01-31T22:07:09.5633283Z   git switch -
Build on ubuntu-latest for windows	Checkout code	2026-01-31T22:07:09.5633479Z 
Build on ubuntu-latest for windows	Checkout code	2026-01-31T22:07:09.5634014Z Turn off this advice by setting config variable advice.detachedHead to false
Build on ubuntu-latest for windows	Checkout code	2026-01-31T22:07:09.5634499Z 
Build on ubuntu-latest for windows	Checkout code	2026-01-31T22:07:09.5634918Z HEAD is now at 810083f fix: restore missing imgui_filedialog declaration and simplify FetchContent
Build on ubuntu-latest for windows	Checkout code	2026-01-31T22:07:09.5828752Z ##[endgroup]
Build on ubuntu-latest for windows	Checkout code	2026-01-31T22:07:09.5829529Z ##[group]Setting up auth for fetching submodules
Build on ubuntu-latest for windows	Checkout code	2026-01-31T22:07:09.5834004Z [command]/usr/bin/git config --global http.https://github.com/.extraheader AUTHORIZATION: basic ***
Build on ubuntu-latest for windows	Checkout code	2026-01-31T22:07:09.5863418Z [command]/usr/bin/git config --global --unset-all url.https://github.com/.insteadOf
Build on ubuntu-latest for windows	Checkout code	2026-01-31T22:07:09.5885620Z [command]/usr/bin/git config --global --add url.https://github.com/.insteadOf git@github.com:
Build on ubuntu-latest for windows	Checkout code	2026-01-31T22:07:09.5907111Z [command]/usr/bin/git config --global --add url.https://github.com/.insteadOf org-181175220@github.com:
Build on ubuntu-latest for windows	Checkout code	2026-01-31T22:07:09.5926469Z ##[endgroup]
Build on ubuntu-latest for windows	Checkout code	2026-01-31T22:07:09.5927067Z ##[group]Fetching submodules
Build on ubuntu-latest for windows	Checkout code	2026-01-31T22:07:09.5929859Z [command]/usr/bin/git submodule sync --recursive
Build on ubuntu-latest for windows	Checkout code	2026-01-31T22:07:09.6098201Z [command]/usr/bin/git -c protocol.version=2 submodule update --init --force --depth=1 --recursive
Build on ubuntu-latest for windows	Checkout code	2026-01-31T22:07:09.6265287Z [command]/usr/bin/git submodule foreach --recursive git config --local gc.auto 0
Build on ubuntu-latest for windows	Checkout code	2026-01-31T22:07:09.6428880Z ##[endgroup]
Build on ubuntu-latest for windows	Checkout code	2026-01-31T22:07:09.6429567Z ##[group]Persisting credentials for submodules
Build on ubuntu-latest for windows	Checkout code	2026-01-31T22:07:09.6435470Z [command]/usr/bin/git submodule foreach --recursive sh -c "git config --local --name-only --get-regexp 'url\.https\:\/\/github\.com\/\.insteadOf' && git config --local --unset-all 'url.https://github.com/.insteadOf' || :"
Build on ubuntu-latest for windows	Checkout code	2026-01-31T22:07:09.6597387Z [command]/usr/bin/git submodule foreach --recursive sh -c "git config --local 'http.https://github.com/.extraheader' 'AUTHORIZATION: basic ***' && git config --local --show-origin --name-only --get-regexp remote.origin.url"
Build on ubuntu-latest for windows	Checkout code	2026-01-31T22:07:09.6765488Z [command]/usr/bin/git submodule foreach --recursive git config --local --add 'url.https://github.com/.insteadOf' 'git@github.com:'
Build on ubuntu-latest for windows	Checkout code	2026-01-31T22:07:09.6931476Z [command]/usr/bin/git submodule foreach --recursive git config --local --add 'url.https://github.com/.insteadOf' 'org-181175220@github.com:'
Build on ubuntu-latest for windows	Checkout code	2026-01-31T22:07:09.7089722Z ##[endgroup]
Build on ubuntu-latest for windows	Checkout code	2026-01-31T22:07:09.7117039Z [command]/usr/bin/git log -1 --format=%H
Build on ubuntu-latest for windows	Checkout code	2026-01-31T22:07:09.7133964Z 810083f43d5bb3ddd867efdbb105ea24d55b2d15
Build on ubuntu-latest for windows	Install Dependencies (Windows Cross-compile)	ï»¿2026-01-31T22:07:09.7304469Z ##[group]Run sudo apt-get update
Build on ubuntu-latest for windows	Install Dependencies (Windows Cross-compile)	2026-01-31T22:07:09.7305011Z [36;1msudo apt-get update[0m
Build on ubuntu-latest for windows	Install Dependencies (Windows Cross-compile)	2026-01-31T22:07:09.7305453Z [36;1msudo apt-get install -y mingw-w64[0m
Build on ubuntu-latest for windows	Install Dependencies (Windows Cross-compile)	2026-01-31T22:07:09.7327101Z shell: /usr/bin/bash -e {0}
Build on ubuntu-latest for windows	Install Dependencies (Windows Cross-compile)	2026-01-31T22:07:09.7327562Z ##[endgroup]
Build on ubuntu-latest for windows	Install Dependencies (Windows Cross-compile)	2026-01-31T22:07:09.7952156Z Get:1 file:/etc/apt/apt-mirrors.txt Mirrorlist [144 B]
Build on ubuntu-latest for windows	Install Dependencies (Windows Cross-compile)	2026-01-31T22:07:09.8268540Z Hit:2 http://azure.archive.ubuntu.com/ubuntu noble InRelease
Build on ubuntu-latest for windows	Install Dependencies (Windows Cross-compile)	2026-01-31T22:07:09.8288442Z Get:3 http://azure.archive.ubuntu.com/ubuntu noble-updates InRelease [126 kB]
Build on ubuntu-latest for windows	Install Dependencies (Windows Cross-compile)	2026-01-31T22:07:09.8333107Z Get:4 http://azure.archive.ubuntu.com/ubuntu noble-backports InRelease [126 kB]
Build on ubuntu-latest for windows	Install Dependencies (Windows Cross-compile)	2026-01-31T22:07:09.8359431Z Get:5 http://azure.archive.ubuntu.com/ubuntu noble-security InRelease [126 kB]
Build on ubuntu-latest for windows	Install Dependencies (Windows Cross-compile)	2026-01-31T22:07:09.8463246Z Hit:6 https://packages.microsoft.com/repos/azure-cli noble InRelease
Build on ubuntu-latest for windows	Install Dependencies (Windows Cross-compile)	2026-01-31T22:07:09.8512096Z Get:7 https://packages.microsoft.com/ubuntu/24.04/prod noble InRelease [3600 B]
Build on ubuntu-latest for windows	Install Dependencies (Windows Cross-compile)	2026-01-31T22:07:09.9309176Z Get:8 http://azure.archive.ubuntu.com/ubuntu noble-updates/main amd64 Packages [1717 kB]
Build on ubuntu-latest for windows	Install Dependencies (Windows Cross-compile)	2026-01-31T22:07:09.9437586Z Get:9 http://azure.archive.ubuntu.com/ubuntu noble-updates/main Translation-en [317 kB]
Build on ubuntu-latest for windows	Install Dependencies (Windows Cross-compile)	2026-01-31T22:07:09.9464115Z Get:10 http://azure.archive.ubuntu.com/ubuntu noble-updates/main amd64 Components [175 kB]
Build on ubuntu-latest for windows	Install Dependencies (Windows Cross-compile)	2026-01-31T22:07:09.9480746Z Get:11 http://azure.archive.ubuntu.com/ubuntu noble-updates/main amd64 c-n-f Metadata [16.0 kB]
Build on ubuntu-latest for windows	Install Dependencies (Windows Cross-compile)	2026-01-31T22:07:09.9492081Z Get:12 http://azure.archive.ubuntu.com/ubuntu noble-updates/universe amd64 Packages [1525 kB]
Build on ubuntu-latest for windows	Install Dependencies (Windows Cross-compile)	2026-01-31T22:07:09.9568268Z Get:13 http://azure.archive.ubuntu.com/ubuntu noble-updates/universe Translation-en [312 kB]
Build on ubuntu-latest for windows	Install Dependencies (Windows Cross-compile)	2026-01-31T22:07:09.9590791Z Get:14 http://azure.archive.ubuntu.com/ubuntu noble-updates/universe amd64 Components [386 kB]
Build on ubuntu-latest for windows	Install Dependencies (Windows Cross-compile)	2026-01-31T22:07:09.9618944Z Get:15 http://azure.archive.ubuntu.com/ubuntu noble-updates/universe amd64 c-n-f Metadata [31.8 kB]
Build on ubuntu-latest for windows	Install Dependencies (Windows Cross-compile)	2026-01-31T22:07:09.9644512Z Get:16 http://azure.archive.ubuntu.com/ubuntu noble-updates/restricted amd64 Packages [2536 kB]
Build on ubuntu-latest for windows	Install Dependencies (Windows Cross-compile)	2026-01-31T22:07:09.9762717Z Get:17 http://azure.archive.ubuntu.com/ubuntu noble-updates/restricted Translation-en [580 kB]
Build on ubuntu-latest for windows	Install Dependencies (Windows Cross-compile)	2026-01-31T22:07:10.0231687Z Get:18 http://azure.archive.ubuntu.com/ubuntu noble-updates/restricted amd64 Components [212 B]
Build on ubuntu-latest for windows	Install Dependencies (Windows Cross-compile)	2026-01-31T22:07:10.0240311Z Get:19 http://azure.archive.ubuntu.com/ubuntu noble-updates/restricted amd64 c-n-f Metadata [556 B]
Build on ubuntu-latest for windows	Install Dependencies (Windows Cross-compile)	2026-01-31T22:07:10.0249453Z Get:20 http://azure.archive.ubuntu.com/ubuntu noble-updates/multiverse amd64 Packages [32.1 kB]
Build on ubuntu-latest for windows	Install Dependencies (Windows Cross-compile)	2026-01-31T22:07:10.0259201Z Get:21 http://azure.archive.ubuntu.com/ubuntu noble-updates/multiverse Translation-en [6816 B]
Build on ubuntu-latest for windows	Install Dependencies (Windows Cross-compile)	2026-01-31T22:07:10.0269993Z Get:22 http://azure.archive.ubuntu.com/ubuntu noble-updates/multiverse amd64 Components [940 B]
Build on ubuntu-latest for windows	Install Dependencies (Windows Cross-compile)	2026-01-31T22:07:10.0279157Z Get:23 http://azure.archive.ubuntu.com/ubuntu noble-updates/multiverse amd64 c-n-f Metadata [496 B]
Build on ubuntu-latest for windows	Install Dependencies (Windows Cross-compile)	2026-01-31T22:07:10.0288198Z Get:24 http://azure.archive.ubuntu.com/ubuntu noble-backports/main amd64 Components [7300 B]
Build on ubuntu-latest for windows	Install Dependencies (Windows Cross-compile)	2026-01-31T22:07:10.0298634Z Get:25 http://azure.archive.ubuntu.com/ubuntu noble-backports/universe amd64 Components [10.5 kB]
Build on ubuntu-latest for windows	Install Dependencies (Windows Cross-compile)	2026-01-31T22:07:10.0306618Z Get:26 http://azure.archive.ubuntu.com/ubuntu noble-backports/restricted amd64 Components [216 B]
Build on ubuntu-latest for windows	Install Dependencies (Windows Cross-compile)	2026-01-31T22:07:10.0314776Z Get:27 http://azure.archive.ubuntu.com/ubuntu noble-backports/multiverse amd64 Components [212 B]
Build on ubuntu-latest for windows	Install Dependencies (Windows Cross-compile)	2026-01-31T22:07:10.0326764Z Get:28 http://azure.archive.ubuntu.com/ubuntu noble-security/main amd64 Packages [1410 kB]
Build on ubuntu-latest for windows	Install Dependencies (Windows Cross-compile)	2026-01-31T22:07:10.0393766Z Get:29 http://azure.archive.ubuntu.com/ubuntu noble-security/main Translation-en [229 kB]
Build on ubuntu-latest for windows	Install Dependencies (Windows Cross-compile)	2026-01-31T22:07:10.0410987Z Get:30 http://azure.archive.ubuntu.com/ubuntu noble-security/main amd64 Components [21.5 kB]
Build on ubuntu-latest for windows	Install Dependencies (Windows Cross-compile)	2026-01-31T22:07:10.0422646Z Get:31 http://azure.archive.ubuntu.com/ubuntu noble-security/main amd64 c-n-f Metadata [9820 B]
Build on ubuntu-latest for windows	Install Dependencies (Windows Cross-compile)	2026-01-31T22:07:10.0929538Z Get:32 http://azure.archive.ubuntu.com/ubuntu noble-security/universe amd64 Packages [925 kB]
Build on ubuntu-latest for windows	Install Dependencies (Windows Cross-compile)	2026-01-31T22:07:10.0933965Z Get:44 https://packages.microsoft.com/ubuntu/24.04/prod noble/main arm64 Packages [67.6 kB]
Build on ubuntu-latest for windows	Install Dependencies (Windows Cross-compile)	2026-01-31T22:07:10.0957218Z Get:45 https://packages.microsoft.com/ubuntu/24.04/prod noble/main amd64 Packages [87.8 kB]
Build on ubuntu-latest for windows	Install Dependencies (Windows Cross-compile)	2026-01-31T22:07:10.0962784Z Get:33 http://azure.archive.ubuntu.com/ubuntu noble-security/universe Translation-en [209 kB]
Build on ubuntu-latest for windows	Install Dependencies (Windows Cross-compile)	2026-01-31T22:07:10.0980723Z Get:34 http://azure.archive.ubuntu.com/ubuntu noble-security/universe amd64 Components [74.2 kB]
Build on ubuntu-latest for windows	Install Dependencies (Windows Cross-compile)	2026-01-31T22:07:10.0994083Z Get:35 http://azure.archive.ubuntu.com/ubuntu noble-security/universe amd64 c-n-f Metadata [19.7 kB]
Build on ubuntu-latest for windows	Install Dependencies (Windows Cross-compile)	2026-01-31T22:07:10.1007489Z Get:36 http://azure.archive.ubuntu.com/ubuntu noble-security/restricted amd64 Packages [2369 kB]
Build on ubuntu-latest for windows	Install Dependencies (Windows Cross-compile)	2026-01-31T22:07:10.1127781Z Get:37 http://azure.archive.ubuntu.com/ubuntu noble-security/restricted Translation-en [543 kB]
Build on ubuntu-latest for windows	Install Dependencies (Windows Cross-compile)	2026-01-31T22:07:10.1141757Z Get:38 http://azure.archive.ubuntu.com/ubuntu noble-security/restricted amd64 Components [208 B]
Build on ubuntu-latest for windows	Install Dependencies (Windows Cross-compile)	2026-01-31T22:07:10.1151923Z Get:39 http://azure.archive.ubuntu.com/ubuntu noble-security/restricted amd64 c-n-f Metadata [536 B]
Build on ubuntu-latest for windows	Install Dependencies (Windows Cross-compile)	2026-01-31T22:07:10.1161702Z Get:40 http://azure.archive.ubuntu.com/ubuntu noble-security/multiverse amd64 Packages [28.8 kB]
Build on ubuntu-latest for windows	Install Dependencies (Windows Cross-compile)	2026-01-31T22:07:10.1172071Z Get:41 http://azure.archive.ubuntu.com/ubuntu noble-security/multiverse Translation-en [6492 B]
Build on ubuntu-latest for windows	Install Dependencies (Windows Cross-compile)	2026-01-31T22:07:10.1187051Z Get:42 http://azure.archive.ubuntu.com/ubuntu noble-security/multiverse amd64 Components [212 B]
Build on ubuntu-latest for windows	Install Dependencies (Windows Cross-compile)	2026-01-31T22:07:10.1193345Z Get:43 http://azure.archive.ubuntu.com/ubuntu noble-security/multiverse amd64 c-n-f Metadata [396 B]
Build on ubuntu-latest for windows	Install Dependencies (Windows Cross-compile)	2026-01-31T22:07:18.1093527Z Fetched 14.0 MB in 2s (9004 kB/s)
Build on ubuntu-latest for windows	Install Dependencies (Windows Cross-compile)	2026-01-31T22:07:18.9144663Z Reading package lists...
Build on ubuntu-latest for windows	Install Dependencies (Windows Cross-compile)	2026-01-31T22:07:18.9474185Z Reading package lists...
Build on ubuntu-latest for windows	Install Dependencies (Windows Cross-compile)	2026-01-31T22:07:19.1205143Z Building dependency tree...
Build on ubuntu-latest for windows	Install Dependencies (Windows Cross-compile)	2026-01-31T22:07:19.1210251Z Reading state information...
Build on ubuntu-latest for windows	Install Dependencies (Windows Cross-compile)	2026-01-31T22:07:19.2800806Z The following additional packages will be installed:
Build on ubuntu-latest for windows	Install Dependencies (Windows Cross-compile)	2026-01-31T22:07:19.2802158Z   binutils-mingw-w64-i686 binutils-mingw-w64-x86-64 g++-mingw-w64
Build on ubuntu-latest for windows	Install Dependencies (Windows Cross-compile)	2026-01-31T22:07:19.2807282Z   g++-mingw-w64-i686 g++-mingw-w64-i686-posix g++-mingw-w64-i686-win32
Build on ubuntu-latest for windows	Install Dependencies (Windows Cross-compile)	2026-01-31T22:07:19.2808025Z   g++-mingw-w64-x86-64 g++-mingw-w64-x86-64-posix g++-mingw-w64-x86-64-win32
Build on ubuntu-latest for windows	Install Dependencies (Windows Cross-compile)	2026-01-31T22:07:19.2808782Z   gcc-mingw-w64 gcc-mingw-w64-base gcc-mingw-w64-i686 gcc-mingw-w64-i686-posix
Build on ubuntu-latest for windows	Install Dependencies (Windows Cross-compile)	2026-01-31T22:07:19.2809526Z   gcc-mingw-w64-i686-posix-runtime gcc-mingw-w64-i686-win32
Build on ubuntu-latest for windows	Install Dependencies (Windows Cross-compile)	2026-01-31T22:07:19.2810156Z   gcc-mingw-w64-i686-win32-runtime gcc-mingw-w64-x86-64
Build on ubuntu-latest for windows	Install Dependencies (Windows Cross-compile)	2026-01-31T22:07:19.2810876Z   gcc-mingw-w64-x86-64-posix gcc-mingw-w64-x86-64-posix-runtime
Build on ubuntu-latest for windows	Install Dependencies (Windows Cross-compile)	2026-01-31T22:07:19.2811561Z   gcc-mingw-w64-x86-64-win32 gcc-mingw-w64-x86-64-win32-runtime
Build on ubuntu-latest for windows	Install Dependencies (Windows Cross-compile)	2026-01-31T22:07:19.2812396Z   mingw-w64-common mingw-w64-i686-dev mingw-w64-x86-64-dev
Build on ubuntu-latest for windows	Install Dependencies (Windows Cross-compile)	2026-01-31T22:07:19.2818802Z Suggested packages:
Build on ubuntu-latest for windows	Install Dependencies (Windows Cross-compile)	2026-01-31T22:07:19.2819227Z   gcc-13-locales wine wine64
Build on ubuntu-latest for windows	Install Dependencies (Windows Cross-compile)	2026-01-31T22:07:19.2998637Z The following NEW packages will be installed:
Build on ubuntu-latest for windows	Install Dependencies (Windows Cross-compile)	2026-01-31T22:07:19.2999948Z   binutils-mingw-w64-i686 binutils-mingw-w64-x86-64 g++-mingw-w64
Build on ubuntu-latest for windows	Install Dependencies (Windows Cross-compile)	2026-01-31T22:07:19.3000682Z   g++-mingw-w64-i686 g++-mingw-w64-i686-posix g++-mingw-w64-i686-win32
Build on ubuntu-latest for windows	Install Dependencies (Windows Cross-compile)	2026-01-31T22:07:19.3001364Z   g++-mingw-w64-x86-64 g++-mingw-w64-x86-64-posix g++-mingw-w64-x86-64-win32
Build on ubuntu-latest for windows	Install Dependencies (Windows Cross-compile)	2026-01-31T22:07:19.3002052Z   gcc-mingw-w64 gcc-mingw-w64-base gcc-mingw-w64-i686 gcc-mingw-w64-i686-posix
Build on ubuntu-latest for windows	Install Dependencies (Windows Cross-compile)	2026-01-31T22:07:19.3002683Z   gcc-mingw-w64-i686-posix-runtime gcc-mingw-w64-i686-win32
Build on ubuntu-latest for windows	Install Dependencies (Windows Cross-compile)	2026-01-31T22:07:19.3003320Z   gcc-mingw-w64-i686-win32-runtime gcc-mingw-w64-x86-64
Build on ubuntu-latest for windows	Install Dependencies (Windows Cross-compile)	2026-01-31T22:07:19.3004104Z   gcc-mingw-w64-x86-64-posix gcc-mingw-w64-x86-64-posix-runtime
Build on ubuntu-latest for windows	Install Dependencies (Windows Cross-compile)	2026-01-31T22:07:19.3009179Z   gcc-mingw-w64-x86-64-win32 gcc-mingw-w64-x86-64-win32-runtime mingw-w64
Build on ubuntu-latest for windows	Install Dependencies (Windows Cross-compile)	2026-01-31T22:07:19.3012306Z   mingw-w64-common mingw-w64-i686-dev mingw-w64-x86-64-dev
Build on ubuntu-latest for windows	Install Dependencies (Windows Cross-compile)	2026-01-31T22:07:19.3178454Z 0 upgraded, 25 newly installed, 0 to remove and 86 not upgraded.
Build on ubuntu-latest for windows	Install Dependencies (Windows Cross-compile)	2026-01-31T22:07:19.3179086Z Need to get 277 MB of archives.
Build on ubuntu-latest for windows	Install Dependencies (Windows Cross-compile)	2026-01-31T22:07:19.3179711Z After this operation, 1293 MB of additional disk space will be used.
Build on ubuntu-latest for windows	Install Dependencies (Windows Cross-compile)	2026-01-31T22:07:19.3822394Z Get:1 file:/etc/apt/apt-mirrors.txt Mirrorlist [144 B]
Build on ubuntu-latest for windows	Install Dependencies (Windows Cross-compile)	2026-01-31T22:07:19.3823126Z Get:2 http://azure.archive.ubuntu.com/ubuntu noble/universe amd64 binutils-mingw-w64-i686 amd64 2.41.90.20240122-1ubuntu1+11.4 [2975 kB]
Build on ubuntu-latest for windows	Install Dependencies (Windows Cross-compile)	2026-01-31T22:07:19.4985414Z Get:3 http://azure.archive.ubuntu.com/ubuntu noble/universe amd64 mingw-w64-common all 11.0.1-3build1 [5580 kB]
Build on ubuntu-latest for windows	Install Dependencies (Windows Cross-compile)	2026-01-31T22:07:19.6135684Z Get:4 http://azure.archive.ubuntu.com/ubuntu noble/universe amd64 mingw-w64-i686-dev all 11.0.1-3build1 [3153 kB]
Build on ubuntu-latest for windows	Install Dependencies (Windows Cross-compile)	2026-01-31T22:07:19.7061933Z Get:5 http://azure.archive.ubuntu.com/ubuntu noble/universe amd64 gcc-mingw-w64-base amd64 13.2.0-6ubuntu1+26.1 [188 kB]
Build on ubuntu-latest for windows	Install Dependencies (Windows Cross-compile)	2026-01-31T22:07:19.7548016Z Get:6 http://azure.archive.ubuntu.com/ubuntu noble/universe amd64 gcc-mingw-w64-i686-posix-runtime amd64 13.2.0-6ubuntu1+26.1 [13.1 MB]
Build on ubuntu-latest for windows	Install Dependencies (Windows Cross-compile)	2026-01-31T22:07:20.0246902Z Get:7 http://azure.archive.ubuntu.com/ubuntu noble/universe amd64 gcc-mingw-w64-i686-posix amd64 13.2.0-6ubuntu1+26.1 [35.2 MB]
Build on ubuntu-latest for windows	Install Dependencies (Windows Cross-compile)	2026-01-31T22:07:20.5924139Z Get:8 http://azure.archive.ubuntu.com/ubuntu noble/universe amd64 g++-mingw-w64-i686-posix amd64 13.2.0-6ubuntu1+26.1 [14.5 MB]
Build on ubuntu-latest for windows	Install Dependencies (Windows Cross-compile)	2026-01-31T22:07:20.8497588Z Get:9 http://azure.archive.ubuntu.com/ubuntu noble/universe amd64 gcc-mingw-w64-i686-win32-runtime amd64 13.2.0-6ubuntu1+26.1 [13.3 MB]
Build on ubuntu-latest for windows	Install Dependencies (Windows Cross-compile)	2026-01-31T22:07:21.0924226Z Get:10 http://azure.archive.ubuntu.com/ubuntu noble/universe amd64 gcc-mingw-w64-i686-win32 amd64 13.2.0-6ubuntu1+26.1 [35.2 MB]
Build on ubuntu-latest for windows	Install Dependencies (Windows Cross-compile)	2026-01-31T22:07:21.6540149Z Get:11 http://azure.archive.ubuntu.com/ubuntu noble/universe amd64 g++-mingw-w64-i686-win32 amd64 13.2.0-6ubuntu1+26.1 [14.5 MB]
Build on ubuntu-latest for windows	Install Dependencies (Windows Cross-compile)	2026-01-31T22:07:21.9122736Z Get:12 http://azure.archive.ubuntu.com/ubuntu noble/universe amd64 binutils-mingw-w64-x86-64 amd64 2.41.90.20240122-1ubuntu1+11.4 [6053 kB]
Build on ubuntu-latest for windows	Install Dependencies (Windows Cross-compile)	2026-01-31T22:07:22.0468143Z Get:13 http://azure.archive.ubuntu.com/ubuntu noble/universe amd64 mingw-w64-x86-64-dev all 11.0.1-3build1 [3786 kB]
Build on ubuntu-latest for windows	Install Dependencies (Windows Cross-compile)	2026-01-31T22:07:22.1471735Z Get:14 http://azure.archive.ubuntu.com/ubuntu noble/universe amd64 gcc-mingw-w64-x86-64-posix-runtime amd64 13.2.0-6ubuntu1+26.1 [14.0 MB]
Build on ubuntu-latest for windows	Install Dependencies (Windows Cross-compile)	2026-01-31T22:07:22.3973467Z Get:15 http://azure.archive.ubuntu.com/ubuntu noble/universe amd64 gcc-mingw-w64-x86-64-posix amd64 13.2.0-6ubuntu1+26.1 [35.4 MB]
Build on ubuntu-latest for windows	Install Dependencies (Windows Cross-compile)	2026-01-31T22:07:22.9621051Z Get:16 http://azure.archive.ubuntu.com/ubuntu noble/universe amd64 g++-mingw-w64-x86-64-posix amd64 13.2.0-6ubuntu1+26.1 [14.7 MB]
Build on ubuntu-latest for windows	Install Dependencies (Windows Cross-compile)	2026-01-31T22:07:23.2256107Z Get:17 http://azure.archive.ubuntu.com/ubuntu noble/universe amd64 gcc-mingw-w64-x86-64-win32-runtime amd64 13.2.0-6ubuntu1+26.1 [14.2 MB]
Build on ubuntu-latest for windows	Install Dependencies (Windows Cross-compile)	2026-01-31T22:07:23.4794437Z Get:18 http://azure.archive.ubuntu.com/ubuntu noble/universe amd64 gcc-mingw-w64-x86-64-win32 amd64 13.2.0-6ubuntu1+26.1 [35.4 MB]
Build on ubuntu-latest for windows	Install Dependencies (Windows Cross-compile)	2026-01-31T22:07:24.0442678Z Get:19 http://azure.archive.ubuntu.com/ubuntu noble/universe amd64 g++-mingw-w64-x86-64-win32 amd64 13.2.0-6ubuntu1+26.1 [14.7 MB]
Build on ubuntu-latest for windows	Install Dependencies (Windows Cross-compile)	2026-01-31T22:07:24.3029724Z Get:20 http://azure.archive.ubuntu.com/ubuntu noble/universe amd64 g++-mingw-w64-i686 all 13.2.0-6ubuntu1+26.1 [187 kB]
Build on ubuntu-latest for windows	Install Dependencies (Windows Cross-compile)	2026-01-31T22:07:24.3525151Z Get:21 http://azure.archive.ubuntu.com/ubuntu noble/universe amd64 g++-mingw-w64-x86-64 all 13.2.0-6ubuntu1+26.1 [187 kB]
Build on ubuntu-latest for windows	Install Dependencies (Windows Cross-compile)	2026-01-31T22:07:24.4012911Z Get:22 http://azure.archive.ubuntu.com/ubuntu noble/universe amd64 g++-mingw-w64 all 13.2.0-6ubuntu1+26.1 [187 kB]
Build on ubuntu-latest for windows	Install Dependencies (Windows Cross-compile)	2026-01-31T22:07:24.4500393Z Get:23 http://azure.archive.ubuntu.com/ubuntu noble/universe amd64 gcc-mingw-w64-i686 all 13.2.0-6ubuntu1+26.1 [187 kB]
Build on ubuntu-latest for windows	Install Dependencies (Windows Cross-compile)	2026-01-31T22:07:24.4988835Z Get:24 http://azure.archive.ubuntu.com/ubuntu noble/universe amd64 gcc-mingw-w64-x86-64 all 13.2.0-6ubuntu1+26.1 [187 kB]
Build on ubuntu-latest for windows	Install Dependencies (Windows Cross-compile)	2026-01-31T22:07:24.5476467Z Get:25 http://azure.archive.ubuntu.com/ubuntu noble/universe amd64 gcc-mingw-w64 all 13.2.0-6ubuntu1+26.1 [187 kB]
Build on ubuntu-latest for windows	Install Dependencies (Windows Cross-compile)	2026-01-31T22:07:24.5962163Z Get:26 http://azure.archive.ubuntu.com/ubuntu noble/universe amd64 mingw-w64 all 11.0.1-3build1 [11.0 kB]
Build on ubuntu-latest for windows	Install Dependencies (Windows Cross-compile)	2026-01-31T22:07:24.8493048Z Fetched 277 MB in 5s (52.4 MB/s)
Build on ubuntu-latest for windows	Install Dependencies (Windows Cross-compile)	2026-01-31T22:07:24.8706662Z Selecting previously unselected package binutils-mingw-w64-i686.
Build on ubuntu-latest for windows	Install Dependencies (Windows Cross-compile)	2026-01-31T22:07:24.8884319Z (Reading database ... 
Build on ubuntu-latest for windows	Install Dependencies (Windows Cross-compile)	2026-01-31T22:07:24.8884727Z (Reading database ... 5%
Build on ubuntu-latest for windows	Install Dependencies (Windows Cross-compile)	2026-01-31T22:07:24.8885003Z (Reading database ... 10%
Build on ubuntu-latest for windows	Install Dependencies (Windows Cross-compile)	2026-01-31T22:07:24.8885290Z (Reading database ... 15%
Build on ubuntu-latest for windows	Install Dependencies (Windows Cross-compile)	2026-01-31T22:07:24.8885595Z (Reading database ... 20%
Build on ubuntu-latest for windows	Install Dependencies (Windows Cross-compile)	2026-01-31T22:07:24.8885883Z (Reading database ... 25%
Build on ubuntu-latest for windows	Install Dependencies (Windows Cross-compile)	2026-01-31T22:07:24.8886176Z (Reading database ... 30%
Build on ubuntu-latest for windows	Install Dependencies (Windows Cross-compile)	2026-01-31T22:07:24.8886484Z (Reading database ... 35%
Build on ubuntu-latest for windows	Install Dependencies (Windows Cross-compile)	2026-01-31T22:07:24.8886810Z (Reading database ... 40%
Build on ubuntu-latest for windows	Install Dependencies (Windows Cross-compile)	2026-01-31T22:07:24.8887100Z (Reading database ... 45%
Build on ubuntu-latest for windows	Install Dependencies (Windows Cross-compile)	2026-01-31T22:07:24.8887283Z (Reading database ... 50%
Build on ubuntu-latest for windows	Install Dependencies (Windows Cross-compile)	2026-01-31T22:07:24.8962110Z (Reading database ... 55%
Build on ubuntu-latest for windows	Install Dependencies (Windows Cross-compile)	2026-01-31T22:07:25.0419241Z (Reading database ... 60%
Build on ubuntu-latest for windows	Install Dependencies (Windows Cross-compile)	2026-01-31T22:07:25.1139962Z (Reading database ... 65%
Build on ubuntu-latest for windows	Install Dependencies (Windows Cross-compile)	2026-01-31T22:07:25.1877880Z (Reading database ... 70%
Build on ubuntu-latest for windows	Install Dependencies (Windows Cross-compile)	2026-01-31T22:07:25.2940949Z (Reading database ... 75%
Build on ubuntu-latest for windows	Install Dependencies (Windows Cross-compile)	2026-01-31T22:07:25.4388613Z (Reading database ... 80%
Build on ubuntu-latest for windows	Install Dependencies (Windows Cross-compile)	2026-01-31T22:07:25.5459873Z (Reading database ... 85%
Build on ubuntu-latest for windows	Install Dependencies (Windows Cross-compile)	2026-01-31T22:07:25.6407733Z (Reading database ... 90%
Build on ubuntu-latest for windows	Install Dependencies (Windows Cross-compile)	2026-01-31T22:07:25.7495701Z (Reading database ... 95%
Build on ubuntu-latest for windows	Install Dependencies (Windows Cross-compile)	2026-01-31T22:07:25.7496262Z (Reading database ... 100%
Build on ubuntu-latest for windows	Install Dependencies (Windows Cross-compile)	2026-01-31T22:07:25.7496818Z (Reading database ... 217639 files and directories currently installed.)
Build on ubuntu-latest for windows	Install Dependencies (Windows Cross-compile)	2026-01-31T22:07:25.7543114Z Preparing to unpack .../00-binutils-mingw-w64-i686_2.41.90.20240122-1ubuntu1+11.4_amd64.deb ...
Build on ubuntu-latest for windows	Install Dependencies (Windows Cross-compile)	2026-01-31T22:07:25.7563973Z Unpacking binutils-mingw-w64-i686 (2.41.90.20240122-1ubuntu1+11.4) ...
Build on ubuntu-latest for windows	Install Dependencies (Windows Cross-compile)	2026-01-31T22:07:25.8476784Z Selecting previously unselected package mingw-w64-common.
Build on ubuntu-latest for windows	Install Dependencies (Windows Cross-compile)	2026-01-31T22:07:25.8592347Z Preparing to unpack .../01-mingw-w64-common_11.0.1-3build1_all.deb ...
Build on ubuntu-latest for windows	Install Dependencies (Windows Cross-compile)	2026-01-31T22:07:25.8600257Z Unpacking mingw-w64-common (11.0.1-3build1) ...
Build on ubuntu-latest for windows	Install Dependencies (Windows Cross-compile)	2026-01-31T22:07:26.1584433Z Selecting previously unselected package mingw-w64-i686-dev.
Build on ubuntu-latest for windows	Install Dependencies (Windows Cross-compile)	2026-01-31T22:07:26.1707291Z Preparing to unpack .../02-mingw-w64-i686-dev_11.0.1-3build1_all.deb ...
Build on ubuntu-latest for windows	Install Dependencies (Windows Cross-compile)	2026-01-31T22:07:26.1715517Z Unpacking mingw-w64-i686-dev (11.0.1-3build1) ...
Build on ubuntu-latest for windows	Install Dependencies (Windows Cross-compile)	2026-01-31T22:07:26.4517916Z Selecting previously unselected package gcc-mingw-w64-base:amd64.
Build on ubuntu-latest for windows	Install Dependencies (Windows Cross-compile)	2026-01-31T22:07:26.4645945Z Preparing to unpack .../03-gcc-mingw-w64-base_13.2.0-6ubuntu1+26.1_amd64.deb ...
Build on ubuntu-latest for windows	Install Dependencies (Windows Cross-compile)	2026-01-31T22:07:26.4654753Z Unpacking gcc-mingw-w64-base:amd64 (13.2.0-6ubuntu1+26.1) ...
Build on ubuntu-latest for windows	Install Dependencies (Windows Cross-compile)	2026-01-31T22:07:26.4828555Z Selecting previously unselected package gcc-mingw-w64-i686-posix-runtime.
Build on ubuntu-latest for windows	Install Dependencies (Windows Cross-compile)	2026-01-31T22:07:26.4948316Z Preparing to unpack .../04-gcc-mingw-w64-i686-posix-runtime_13.2.0-6ubuntu1+26.1_amd64.deb ...
Build on ubuntu-latest for windows	Install Dependencies (Windows Cross-compile)	2026-01-31T22:07:26.4957105Z Unpacking gcc-mingw-w64-i686-posix-runtime (13.2.0-6ubuntu1+26.1) ...
Build on ubuntu-latest for windows	Install Dependencies (Windows Cross-compile)	2026-01-31T22:07:26.6789159Z Selecting previously unselected package gcc-mingw-w64-i686-posix.
Build on ubuntu-latest for windows	Install Dependencies (Windows Cross-compile)	2026-01-31T22:07:26.6906460Z Preparing to unpack .../05-gcc-mingw-w64-i686-posix_13.2.0-6ubuntu1+26.1_amd64.deb ...
Build on ubuntu-latest for windows	Install Dependencies (Windows Cross-compile)	2026-01-31T22:07:26.6914291Z Unpacking gcc-mingw-w64-i686-posix (13.2.0-6ubuntu1+26.1) ...
Build on ubuntu-latest for windows	Install Dependencies (Windows Cross-compile)	2026-01-31T22:07:27.1507583Z Selecting previously unselected package g++-mingw-w64-i686-posix.
Build on ubuntu-latest for windows	Install Dependencies (Windows Cross-compile)	2026-01-31T22:07:27.1628433Z Preparing to unpack .../06-g++-mingw-w64-i686-posix_13.2.0-6ubuntu1+26.1_amd64.deb ...
Build on ubuntu-latest for windows	Install Dependencies (Windows Cross-compile)	2026-01-31T22:07:27.1637475Z Unpacking g++-mingw-w64-i686-posix (13.2.0-6ubuntu1+26.1) ...
Build on ubuntu-latest for windows	Install Dependencies (Windows Cross-compile)	2026-01-31T22:07:27.4349517Z Selecting previously unselected package gcc-mingw-w64-i686-win32-runtime.
Build on ubuntu-latest for windows	Install Dependencies (Windows Cross-compile)	2026-01-31T22:07:27.4476071Z Preparing to unpack .../07-gcc-mingw-w64-i686-win32-runtime_13.2.0-6ubuntu1+26.1_amd64.deb ...
Build on ubuntu-latest for windows	Install Dependencies (Windows Cross-compile)	2026-01-31T22:07:27.4484232Z Unpacking gcc-mingw-w64-i686-win32-runtime (13.2.0-6ubuntu1+26.1) ...
Build on ubuntu-latest for windows	Install Dependencies (Windows Cross-compile)	2026-01-31T22:07:27.6308754Z Selecting previously unselected package gcc-mingw-w64-i686-win32.
Build on ubuntu-latest for windows	Install Dependencies (Windows Cross-compile)	2026-01-31T22:07:27.6426397Z Preparing to unpack .../08-gcc-mingw-w64-i686-win32_13.2.0-6ubuntu1+26.1_amd64.deb ...
Build on ubuntu-latest for windows	Install Dependencies (Windows Cross-compile)	2026-01-31T22:07:27.6434981Z Unpacking gcc-mingw-w64-i686-win32 (13.2.0-6ubuntu1+26.1) ...
Build on ubuntu-latest for windows	Install Dependencies (Windows Cross-compile)	2026-01-31T22:07:28.1032082Z Selecting previously unselected package g++-mingw-w64-i686-win32.
Build on ubuntu-latest for windows	Install Dependencies (Windows Cross-compile)	2026-01-31T22:07:28.1158260Z Preparing to unpack .../09-g++-mingw-w64-i686-win32_13.2.0-6ubuntu1+26.1_amd64.deb ...
Build on ubuntu-latest for windows	Install Dependencies (Windows Cross-compile)	2026-01-31T22:07:28.1167363Z Unpacking g++-mingw-w64-i686-win32 (13.2.0-6ubuntu1+26.1) ...
Build on ubuntu-latest for windows	Install Dependencies (Windows Cross-compile)	2026-01-31T22:07:28.3803181Z Selecting previously unselected package binutils-mingw-w64-x86-64.
Build on ubuntu-latest for windows	Install Dependencies (Windows Cross-compile)	2026-01-31T22:07:28.3928305Z Preparing to unpack .../10-binutils-mingw-w64-x86-64_2.41.90.20240122-1ubuntu1+11.4_amd64.deb ...
Build on ubuntu-latest for windows	Install Dependencies (Windows Cross-compile)	2026-01-31T22:07:28.3938191Z Unpacking binutils-mingw-w64-x86-64 (2.41.90.20240122-1ubuntu1+11.4) ...
Build on ubuntu-latest for windows	Install Dependencies (Windows Cross-compile)	2026-01-31T22:07:28.5696772Z Selecting previously unselected package mingw-w64-x86-64-dev.
Build on ubuntu-latest for windows	Install Dependencies (Windows Cross-compile)	2026-01-31T22:07:28.5823515Z Preparing to unpack .../11-mingw-w64-x86-64-dev_11.0.1-3build1_all.deb ...
Build on ubuntu-latest for windows	Install Dependencies (Windows Cross-compile)	2026-01-31T22:07:28.5833499Z Unpacking mingw-w64-x86-64-dev (11.0.1-3build1) ...
Build on ubuntu-latest for windows	Install Dependencies (Windows Cross-compile)	2026-01-31T22:07:28.9409475Z Selecting previously unselected package gcc-mingw-w64-x86-64-posix-runtime.
Build on ubuntu-latest for windows	Install Dependencies (Windows Cross-compile)	2026-01-31T22:07:28.9539735Z Preparing to unpack .../12-gcc-mingw-w64-x86-64-posix-runtime_13.2.0-6ubuntu1+26.1_amd64.deb ...
Build on ubuntu-latest for windows	Install Dependencies (Windows Cross-compile)	2026-01-31T22:07:28.9550229Z Unpacking gcc-mingw-w64-x86-64-posix-runtime (13.2.0-6ubuntu1+26.1) ...
Build on ubuntu-latest for windows	Install Dependencies (Windows Cross-compile)	2026-01-31T22:07:29.1564413Z Selecting previously unselected package gcc-mingw-w64-x86-64-posix.
Build on ubuntu-latest for windows	Install Dependencies (Windows Cross-compile)	2026-01-31T22:07:29.1686037Z Preparing to unpack .../13-gcc-mingw-w64-x86-64-posix_13.2.0-6ubuntu1+26.1_amd64.deb ...
Build on ubuntu-latest for windows	Install Dependencies (Windows Cross-compile)	2026-01-31T22:07:29.1695409Z Unpacking gcc-mingw-w64-x86-64-posix (13.2.0-6ubuntu1+26.1) ...
Build on ubuntu-latest for windows	Install Dependencies (Windows Cross-compile)	2026-01-31T22:07:29.6283107Z Selecting previously unselected package g++-mingw-w64-x86-64-posix.
Build on ubuntu-latest for windows	Install Dependencies (Windows Cross-compile)	2026-01-31T22:07:29.6411030Z Preparing to unpack .../14-g++-mingw-w64-x86-64-posix_13.2.0-6ubuntu1+26.1_amd64.deb ...
Build on ubuntu-latest for windows	Install Dependencies (Windows Cross-compile)	2026-01-31T22:07:29.6419074Z Unpacking g++-mingw-w64-x86-64-posix (13.2.0-6ubuntu1+26.1) ...
Build on ubuntu-latest for windows	Install Dependencies (Windows Cross-compile)	2026-01-31T22:07:29.9099752Z Selecting previously unselected package gcc-mingw-w64-x86-64-win32-runtime.
Build on ubuntu-latest for windows	Install Dependencies (Windows Cross-compile)	2026-01-31T22:07:29.9223940Z Preparing to unpack .../15-gcc-mingw-w64-x86-64-win32-runtime_13.2.0-6ubuntu1+26.1_amd64.deb ...
Build on ubuntu-latest for windows	Install Dependencies (Windows Cross-compile)	2026-01-31T22:07:29.9231454Z Unpacking gcc-mingw-w64-x86-64-win32-runtime (13.2.0-6ubuntu1+26.1) ...
Build on ubuntu-latest for windows	Install Dependencies (Windows Cross-compile)	2026-01-31T22:07:30.1225952Z Selecting previously unselected package gcc-mingw-w64-x86-64-win32.
Build on ubuntu-latest for windows	Install Dependencies (Windows Cross-compile)	2026-01-31T22:07:30.1347201Z Preparing to unpack .../16-gcc-mingw-w64-x86-64-win32_13.2.0-6ubuntu1+26.1_amd64.deb ...
Build on ubuntu-latest for windows	Install Dependencies (Windows Cross-compile)	2026-01-31T22:07:30.1355807Z Unpacking gcc-mingw-w64-x86-64-win32 (13.2.0-6ubuntu1+26.1) ...
Build on ubuntu-latest for windows	Install Dependencies (Windows Cross-compile)	2026-01-31T22:07:30.5843496Z Selecting previously unselected package g++-mingw-w64-x86-64-win32.
Build on ubuntu-latest for windows	Install Dependencies (Windows Cross-compile)	2026-01-31T22:07:30.5968260Z Preparing to unpack .../17-g++-mingw-w64-x86-64-win32_13.2.0-6ubuntu1+26.1_amd64.deb ...
Build on ubuntu-latest for windows	Install Dependencies (Windows Cross-compile)	2026-01-31T22:07:30.5975852Z Unpacking g++-mingw-w64-x86-64-win32 (13.2.0-6ubuntu1+26.1) ...
Build on ubuntu-latest for windows	Install Dependencies (Windows Cross-compile)	2026-01-31T22:07:30.8819394Z Selecting previously unselected package g++-mingw-w64-i686.
Build on ubuntu-latest for windows	Install Dependencies (Windows Cross-compile)	2026-01-31T22:07:30.8946189Z Preparing to unpack .../18-g++-mingw-w64-i686_13.2.0-6ubuntu1+26.1_all.deb ...
Build on ubuntu-latest for windows	Install Dependencies (Windows Cross-compile)	2026-01-31T22:07:30.8990589Z Unpacking g++-mingw-w64-i686 (13.2.0-6ubuntu1+26.1) ...
Build on ubuntu-latest for windows	Install Dependencies (Windows Cross-compile)	2026-01-31T22:07:30.9154987Z Selecting previously unselected package g++-mingw-w64-x86-64.
Build on ubuntu-latest for windows	Install Dependencies (Windows Cross-compile)	2026-01-31T22:07:30.9277056Z Preparing to unpack .../19-g++-mingw-w64-x86-64_13.2.0-6ubuntu1+26.1_all.deb ...
Build on ubuntu-latest for windows	Install Dependencies (Windows Cross-compile)	2026-01-31T22:07:30.9319435Z Unpacking g++-mingw-w64-x86-64 (13.2.0-6ubuntu1+26.1) ...
Build on ubuntu-latest for windows	Install Dependencies (Windows Cross-compile)	2026-01-31T22:07:30.9483141Z Selecting previously unselected package g++-mingw-w64.
Build on ubuntu-latest for windows	Install Dependencies (Windows Cross-compile)	2026-01-31T22:07:30.9604626Z Preparing to unpack .../20-g++-mingw-w64_13.2.0-6ubuntu1+26.1_all.deb ...
Build on ubuntu-latest for windows	Install Dependencies (Windows Cross-compile)	2026-01-31T22:07:30.9646856Z Unpacking g++-mingw-w64 (13.2.0-6ubuntu1+26.1) ...
Build on ubuntu-latest for windows	Install Dependencies (Windows Cross-compile)	2026-01-31T22:07:30.9807693Z Selecting previously unselected package gcc-mingw-w64-i686.
Build on ubuntu-latest for windows	Install Dependencies (Windows Cross-compile)	2026-01-31T22:07:30.9928378Z Preparing to unpack .../21-gcc-mingw-w64-i686_13.2.0-6ubuntu1+26.1_all.deb ...
Build on ubuntu-latest for windows	Install Dependencies (Windows Cross-compile)	2026-01-31T22:07:30.9969991Z Unpacking gcc-mingw-w64-i686 (13.2.0-6ubuntu1+26.1) ...
Build on ubuntu-latest for windows	Install Dependencies (Windows Cross-compile)	2026-01-31T22:07:31.0137494Z Selecting previously unselected package gcc-mingw-w64-x86-64.
Build on ubuntu-latest for windows	Install Dependencies (Windows Cross-compile)	2026-01-31T22:07:31.0259424Z Preparing to unpack .../22-gcc-mingw-w64-x86-64_13.2.0-6ubuntu1+26.1_all.deb ...
Build on ubuntu-latest for windows	Install Dependencies (Windows Cross-compile)	2026-01-31T22:07:31.0301401Z Unpacking gcc-mingw-w64-x86-64 (13.2.0-6ubuntu1+26.1) ...
Build on ubuntu-latest for windows	Install Dependencies (Windows Cross-compile)	2026-01-31T22:07:31.0460785Z Selecting previously unselected package gcc-mingw-w64.
Build on ubuntu-latest for windows	Install Dependencies (Windows Cross-compile)	2026-01-31T22:07:31.0581013Z Preparing to unpack .../23-gcc-mingw-w64_13.2.0-6ubuntu1+26.1_all.deb ...
Build on ubuntu-latest for windows	Install Dependencies (Windows Cross-compile)	2026-01-31T22:07:31.0625522Z Unpacking gcc-mingw-w64 (13.2.0-6ubuntu1+26.1) ...
Build on ubuntu-latest for windows	Install Dependencies (Windows Cross-compile)	2026-01-31T22:07:31.0786426Z Selecting previously unselected package mingw-w64.
Build on ubuntu-latest for windows	Install Dependencies (Windows Cross-compile)	2026-01-31T22:07:31.0909260Z Preparing to unpack .../24-mingw-w64_11.0.1-3build1_all.deb ...
Build on ubuntu-latest for windows	Install Dependencies (Windows Cross-compile)	2026-01-31T22:07:31.0918226Z Unpacking mingw-w64 (11.0.1-3build1) ...
Build on ubuntu-latest for windows	Install Dependencies (Windows Cross-compile)	2026-01-31T22:07:31.1230778Z Setting up binutils-mingw-w64-x86-64 (2.41.90.20240122-1ubuntu1+11.4) ...
Build on ubuntu-latest for windows	Install Dependencies (Windows Cross-compile)	2026-01-31T22:07:31.1258633Z Setting up gcc-mingw-w64-base:amd64 (13.2.0-6ubuntu1+26.1) ...
Build on ubuntu-latest for windows	Install Dependencies (Windows Cross-compile)	2026-01-31T22:07:31.1280250Z Setting up gcc-mingw-w64-i686-posix-runtime (13.2.0-6ubuntu1+26.1) ...
Build on ubuntu-latest for windows	Install Dependencies (Windows Cross-compile)	2026-01-31T22:07:31.1301348Z Setting up binutils-mingw-w64-i686 (2.41.90.20240122-1ubuntu1+11.4) ...
Build on ubuntu-latest for windows	Install Dependencies (Windows Cross-compile)	2026-01-31T22:07:31.1320722Z Setting up gcc-mingw-w64-x86-64-win32-runtime (13.2.0-6ubuntu1+26.1) ...
Build on ubuntu-latest for windows	Install Dependencies (Windows Cross-compile)	2026-01-31T22:07:31.1340022Z Setting up gcc-mingw-w64-i686-win32-runtime (13.2.0-6ubuntu1+26.1) ...
Build on ubuntu-latest for windows	Install Dependencies (Windows Cross-compile)	2026-01-31T22:07:31.1358982Z Setting up mingw-w64-common (11.0.1-3build1) ...
Build on ubuntu-latest for windows	Install Dependencies (Windows Cross-compile)	2026-01-31T22:07:31.1378065Z Setting up mingw-w64-x86-64-dev (11.0.1-3build1) ...
Build on ubuntu-latest for windows	Install Dependencies (Windows Cross-compile)	2026-01-31T22:07:31.1396574Z Setting up gcc-mingw-w64-x86-64-posix-runtime (13.2.0-6ubuntu1+26.1) ...
Build on ubuntu-latest for windows	Install Dependencies (Windows Cross-compile)	2026-01-31T22:07:31.1415025Z Setting up gcc-mingw-w64-x86-64-posix (13.2.0-6ubuntu1+26.1) ...
Build on ubuntu-latest for windows	Install Dependencies (Windows Cross-compile)	2026-01-31T22:07:31.1465814Z update-alternatives: using /usr/bin/x86_64-w64-mingw32-gcc-posix to provide /usr/bin/x86_64-w64-mingw32-gcc (x86_64-w64-mingw32-gcc) in auto mode
Build on ubuntu-latest for windows	Install Dependencies (Windows Cross-compile)	2026-01-31T22:07:31.1486233Z Setting up gcc-mingw-w64-x86-64-win32 (13.2.0-6ubuntu1+26.1) ...
Build on ubuntu-latest for windows	Install Dependencies (Windows Cross-compile)	2026-01-31T22:07:31.1532978Z update-alternatives: using /usr/bin/x86_64-w64-mingw32-gcc-win32 to provide /usr/bin/x86_64-w64-mingw32-gcc (x86_64-w64-mingw32-gcc) in auto mode
Build on ubuntu-latest for windows	Install Dependencies (Windows Cross-compile)	2026-01-31T22:07:31.1550602Z Setting up gcc-mingw-w64-x86-64 (13.2.0-6ubuntu1+26.1) ...
Build on ubuntu-latest for windows	Install Dependencies (Windows Cross-compile)	2026-01-31T22:07:31.1596311Z Setting up mingw-w64-i686-dev (11.0.1-3build1) ...
Build on ubuntu-latest for windows	Install Dependencies (Windows Cross-compile)	2026-01-31T22:07:31.1614839Z Setting up gcc-mingw-w64-i686-win32 (13.2.0-6ubuntu1+26.1) ...
Build on ubuntu-latest for windows	Install Dependencies (Windows Cross-compile)	2026-01-31T22:07:31.1661028Z update-alternatives: using /usr/bin/i686-w64-mingw32-gcc-win32 to provide /usr/bin/i686-w64-mingw32-gcc (i686-w64-mingw32-gcc) in auto mode
Build on ubuntu-latest for windows	Install Dependencies (Windows Cross-compile)	2026-01-31T22:07:31.1681521Z Setting up g++-mingw-w64-i686-win32 (13.2.0-6ubuntu1+26.1) ...
Build on ubuntu-latest for windows	Install Dependencies (Windows Cross-compile)	2026-01-31T22:07:31.1726023Z update-alternatives: using /usr/bin/i686-w64-mingw32-g++-win32 to provide /usr/bin/i686-w64-mingw32-g++ (i686-w64-mingw32-g++) in auto mode
Build on ubuntu-latest for windows	Install Dependencies (Windows Cross-compile)	2026-01-31T22:07:31.1744693Z Setting up g++-mingw-w64-x86-64-win32 (13.2.0-6ubuntu1+26.1) ...
Build on ubuntu-latest for windows	Install Dependencies (Windows Cross-compile)	2026-01-31T22:07:31.1789562Z update-alternatives: using /usr/bin/x86_64-w64-mingw32-g++-win32 to provide /usr/bin/x86_64-w64-mingw32-g++ (x86_64-w64-mingw32-g++) in auto mode
Build on ubuntu-latest for windows	Install Dependencies (Windows Cross-compile)	2026-01-31T22:07:31.1804448Z Setting up gcc-mingw-w64-i686-posix (13.2.0-6ubuntu1+26.1) ...
Build on ubuntu-latest for windows	Install Dependencies (Windows Cross-compile)	2026-01-31T22:07:31.1861236Z Setting up g++-mingw-w64-x86-64-posix (13.2.0-6ubuntu1+26.1) ...
Build on ubuntu-latest for windows	Install Dependencies (Windows Cross-compile)	2026-01-31T22:07:31.1918409Z Setting up gcc-mingw-w64-i686 (13.2.0-6ubuntu1+26.1) ...
Build on ubuntu-latest for windows	Install Dependencies (Windows Cross-compile)	2026-01-31T22:07:31.1962795Z Setting up g++-mingw-w64-x86-64 (13.2.0-6ubuntu1+26.1) ...
Build on ubuntu-latest for windows	Install Dependencies (Windows Cross-compile)	2026-01-31T22:07:31.2003943Z Setting up gcc-mingw-w64 (13.2.0-6ubuntu1+26.1) ...
Build on ubuntu-latest for windows	Install Dependencies (Windows Cross-compile)	2026-01-31T22:07:31.2046446Z Setting up g++-mingw-w64-i686-posix (13.2.0-6ubuntu1+26.1) ...
Build on ubuntu-latest for windows	Install Dependencies (Windows Cross-compile)	2026-01-31T22:07:31.2109873Z Setting up g++-mingw-w64-i686 (13.2.0-6ubuntu1+26.1) ...
Build on ubuntu-latest for windows	Install Dependencies (Windows Cross-compile)	2026-01-31T22:07:31.2153766Z Setting up g++-mingw-w64 (13.2.0-6ubuntu1+26.1) ...
Build on ubuntu-latest for windows	Install Dependencies (Windows Cross-compile)	2026-01-31T22:07:31.2195732Z Setting up mingw-w64 (11.0.1-3build1) ...
Build on ubuntu-latest for windows	Install Dependencies (Windows Cross-compile)	2026-01-31T22:07:31.2220378Z Processing triggers for man-db (2.12.0-4build2) ...
Build on ubuntu-latest for windows	Install Dependencies (Windows Cross-compile)	2026-01-31T22:07:31.2241266Z Not building database; man-db/auto-update is not 'true'.
Build on ubuntu-latest for windows	Install Dependencies (Windows Cross-compile)	2026-01-31T22:07:31.7522761Z 
Build on ubuntu-latest for windows	Install Dependencies (Windows Cross-compile)	2026-01-31T22:07:31.7523407Z Running kernel seems to be up-to-date.
Build on ubuntu-latest for windows	Install Dependencies (Windows Cross-compile)	2026-01-31T22:07:31.7523857Z 
Build on ubuntu-latest for windows	Install Dependencies (Windows Cross-compile)	2026-01-31T22:07:31.7523996Z No services need to be restarted.
Build on ubuntu-latest for windows	Install Dependencies (Windows Cross-compile)	2026-01-31T22:07:31.7524271Z 
Build on ubuntu-latest for windows	Install Dependencies (Windows Cross-compile)	2026-01-31T22:07:31.7524408Z No containers need to be restarted.
Build on ubuntu-latest for windows	Install Dependencies (Windows Cross-compile)	2026-01-31T22:07:31.7524679Z 
Build on ubuntu-latest for windows	Install Dependencies (Windows Cross-compile)	2026-01-31T22:07:31.7524870Z No user sessions are running outdated binaries.
Build on ubuntu-latest for windows	Install Dependencies (Windows Cross-compile)	2026-01-31T22:07:31.7525386Z 
Build on ubuntu-latest for windows	Install Dependencies (Windows Cross-compile)	2026-01-31T22:07:31.7525554Z No VM guests are running outdated hypervisor (qemu) binaries on this host.
Build on ubuntu-latest for windows	Configure CMake	ï»¿2026-01-31T22:07:32.6689468Z ##[group]Run cmake -B build-windows -S . -DCMAKE_TOOLCHAIN_FILE=windows_toolchain.cmake -DBUILD_STATIC_WIN=ON -DCMAKE_BUILD_TYPE=Release
Build on ubuntu-latest for windows	Configure CMake	2026-01-31T22:07:32.6690321Z [36;1mcmake -B build-windows -S . -DCMAKE_TOOLCHAIN_FILE=windows_toolchain.cmake -DBUILD_STATIC_WIN=ON -DCMAKE_BUILD_TYPE=Release[0m
Build on ubuntu-latest for windows	Configure CMake	2026-01-31T22:07:32.6709961Z shell: /usr/bin/bash -e {0}
Build on ubuntu-latest for windows	Configure CMake	2026-01-31T22:07:32.6710202Z ##[endgroup]
Build on ubuntu-latest for windows	Configure CMake	2026-01-31T22:07:33.3799493Z -- The C compiler identification is GNU 13.0.0
Build on ubuntu-latest for windows	Configure CMake	2026-01-31T22:07:33.4939167Z -- The CXX compiler identification is GNU 13.0.0
Build on ubuntu-latest for windows	Configure CMake	2026-01-31T22:07:33.6727765Z -- Detecting C compiler ABI info
Build on ubuntu-latest for windows	Configure CMake	2026-01-31T22:07:34.3261659Z -- Detecting C compiler ABI info - done
Build on ubuntu-latest for windows	Configure CMake	2026-01-31T22:07:34.3409913Z -- Check for working C compiler: /usr/bin/x86_64-w64-mingw32-gcc - skipped
Build on ubuntu-latest for windows	Configure CMake	2026-01-31T22:07:34.3465741Z -- Detecting C compile features
Build on ubuntu-latest for windows	Configure CMake	2026-01-31T22:07:34.3517040Z -- Detecting C compile features - done
Build on ubuntu-latest for windows	Configure CMake	2026-01-31T22:07:34.3696019Z -- Detecting CXX compiler ABI info
Build on ubuntu-latest for windows	Configure CMake	2026-01-31T22:07:34.4593951Z -- Detecting CXX compiler ABI info - done
Build on ubuntu-latest for windows	Configure CMake	2026-01-31T22:07:34.4744512Z -- Check for working CXX compiler: /usr/bin/x86_64-w64-mingw32-g++ - skipped
Build on ubuntu-latest for windows	Configure CMake	2026-01-31T22:07:34.4747316Z -- Detecting CXX compile features
Build on ubuntu-latest for windows	Configure CMake	2026-01-31T22:07:34.4752911Z -- Detecting CXX compile features - done
Build on ubuntu-latest for windows	Configure CMake	2026-01-31T22:07:34.6730480Z -- Downloading Korean font...
Build on ubuntu-latest for windows	Configure CMake	2026-01-31T22:07:35.9910093Z -- [download 0% complete]
Build on ubuntu-latest for windows	Configure CMake	2026-01-31T22:07:36.0144251Z -- [download 1% complete]
Build on ubuntu-latest for windows	Configure CMake	2026-01-31T22:07:36.0323288Z -- [download 2% complete]
Build on ubuntu-latest for windows	Configure CMake	2026-01-31T22:07:36.0445950Z -- [download 3% complete]
Build on ubuntu-latest for windows	Configure CMake	2026-01-31T22:07:36.0498128Z -- [download 4% complete]
Build on ubuntu-latest for windows	Configure CMake	2026-01-31T22:07:36.0593101Z -- [download 5% complete]
Build on ubuntu-latest for windows	Configure CMake	2026-01-31T22:07:36.0618026Z -- [download 6% complete]
Build on ubuntu-latest for windows	Configure CMake	2026-01-31T22:07:36.0643041Z -- [download 7% complete]
Build on ubuntu-latest for windows	Configure CMake	2026-01-31T22:07:36.0664745Z -- [download 8% complete]
Build on ubuntu-latest for windows	Configure CMake	2026-01-31T22:07:36.0737435Z -- [download 9% complete]
Build on ubuntu-latest for windows	Configure CMake	2026-01-31T22:07:36.0761212Z -- [download 10% complete]
Build on ubuntu-latest for windows	Configure CMake	2026-01-31T22:07:36.0777271Z -- [download 11% complete]
Build on ubuntu-latest for windows	Configure CMake	2026-01-31T22:07:36.0793162Z -- [download 12% complete]
Build on ubuntu-latest for windows	Configure CMake	2026-01-31T22:07:36.0808904Z -- [download 13% complete]
Build on ubuntu-latest for windows	Configure CMake	2026-01-31T22:07:36.0824627Z -- [download 14% complete]
Build on ubuntu-latest for windows	Configure CMake	2026-01-31T22:07:36.0840125Z -- [download 15% complete]
Build on ubuntu-latest for windows	Configure CMake	2026-01-31T22:07:36.0880263Z -- [download 16% complete]
Build on ubuntu-latest for windows	Configure CMake	2026-01-31T22:07:36.0899048Z -- [download 17% complete]
Build on ubuntu-latest for windows	Configure CMake	2026-01-31T22:07:36.0914309Z -- [download 18% complete]
Build on ubuntu-latest for windows	Configure CMake	2026-01-31T22:07:36.0929647Z -- [download 19% complete]
Build on ubuntu-latest for windows	Configure CMake	2026-01-31T22:07:36.0945555Z -- [download 20% complete]
Build on ubuntu-latest for windows	Configure CMake	2026-01-31T22:07:36.0961798Z -- [download 21% complete]
Build on ubuntu-latest for windows	Configure CMake	2026-01-31T22:07:36.0978066Z -- [download 22% complete]
Build on ubuntu-latest for windows	Configure CMake	2026-01-31T22:07:36.0994641Z -- [download 23% complete]
Build on ubuntu-latest for windows	Configure CMake	2026-01-31T22:07:36.1009347Z -- [download 24% complete]
Build on ubuntu-latest for windows	Configure CMake	2026-01-31T22:07:36.1023699Z -- [download 25% complete]
Build on ubuntu-latest for windows	Configure CMake	2026-01-31T22:07:36.1038300Z -- [download 26% complete]
Build on ubuntu-latest for windows	Configure CMake	2026-01-31T22:07:36.1053263Z -- [download 27% complete]
Build on ubuntu-latest for windows	Configure CMake	2026-01-31T22:07:36.1069441Z -- [download 28% complete]
Build on ubuntu-latest for windows	Configure CMake	2026-01-31T22:07:36.1085319Z -- [download 29% complete]
Build on ubuntu-latest for windows	Configure CMake	2026-01-31T22:07:36.1101825Z -- [download 30% complete]
Build on ubuntu-latest for windows	Configure CMake	2026-01-31T22:07:36.1117249Z -- [download 31% complete]
Build on ubuntu-latest for windows	Configure CMake	2026-01-31T22:07:36.1132307Z -- [download 32% complete]
Build on ubuntu-latest for windows	Configure CMake	2026-01-31T22:07:36.1148433Z -- [download 33% complete]
Build on ubuntu-latest for windows	Configure CMake	2026-01-31T22:07:36.1163069Z -- [download 34% complete]
Build on ubuntu-latest for windows	Configure CMake	2026-01-31T22:07:36.1178804Z -- [download 35% complete]
Build on ubuntu-latest for windows	Configure CMake	2026-01-31T22:07:36.1193059Z -- [download 36% complete]
Build on ubuntu-latest for windows	Configure CMake	2026-01-31T22:07:36.1208917Z -- [download 37% complete]
Build on ubuntu-latest for windows	Configure CMake	2026-01-31T22:07:36.1223874Z -- [download 38% complete]
Build on ubuntu-latest for windows	Configure CMake	2026-01-31T22:07:36.1238690Z -- [download 39% complete]
Build on ubuntu-latest for windows	Configure CMake	2026-01-31T22:07:36.1254430Z -- [download 40% complete]
Build on ubuntu-latest for windows	Configure CMake	2026-01-31T22:07:36.1269777Z -- [download 41% complete]
Build on ubuntu-latest for windows	Configure CMake	2026-01-31T22:07:36.1284782Z -- [download 42% complete]
Build on ubuntu-latest for windows	Configure CMake	2026-01-31T22:07:36.1300311Z -- [download 43% complete]
Build on ubuntu-latest for windows	Configure CMake	2026-01-31T22:07:36.1314740Z -- [download 44% complete]
Build on ubuntu-latest for windows	Configure CMake	2026-01-31T22:07:36.1330617Z -- [download 45% complete]
Build on ubuntu-latest for windows	Configure CMake	2026-01-31T22:07:36.1345090Z -- [download 46% complete]
Build on ubuntu-latest for windows	Configure CMake	2026-01-31T22:07:36.1359281Z -- [download 47% complete]
Build on ubuntu-latest for windows	Configure CMake	2026-01-31T22:07:36.1374036Z -- [download 48% complete]
Build on ubuntu-latest for windows	Configure CMake	2026-01-31T22:07:36.1390819Z -- [download 49% complete]
Build on ubuntu-latest for windows	Configure CMake	2026-01-31T22:07:36.1405990Z -- [download 50% complete]
Build on ubuntu-latest for windows	Configure CMake	2026-01-31T22:07:36.1421161Z -- [download 51% complete]
Build on ubuntu-latest for windows	Configure CMake	2026-01-31T22:07:36.1436664Z -- [download 52% complete]
Build on ubuntu-latest for windows	Configure CMake	2026-01-31T22:07:36.1451743Z -- [download 53% complete]
Build on ubuntu-latest for windows	Configure CMake	2026-01-31T22:07:36.1467462Z -- [download 54% complete]
Build on ubuntu-latest for windows	Configure CMake	2026-01-31T22:07:36.1482807Z -- [download 55% complete]
Build on ubuntu-latest for windows	Configure CMake	2026-01-31T22:07:36.1497773Z -- [download 56% complete]
Build on ubuntu-latest for windows	Configure CMake	2026-01-31T22:07:36.1512681Z -- [download 57% complete]
Build on ubuntu-latest for windows	Configure CMake	2026-01-31T22:07:36.1528088Z -- [download 58% complete]
Build on ubuntu-latest for windows	Configure CMake	2026-01-31T22:07:36.1542671Z -- [download 59% complete]
Build on ubuntu-latest for windows	Configure CMake	2026-01-31T22:07:36.1558883Z -- [download 60% complete]
Build on ubuntu-latest for windows	Configure CMake	2026-01-31T22:07:36.1573971Z -- [download 61% complete]
Build on ubuntu-latest for windows	Configure CMake	2026-01-31T22:07:36.1589136Z -- [download 62% complete]
Build on ubuntu-latest for windows	Configure CMake	2026-01-31T22:07:36.1604369Z -- [download 63% complete]
Build on ubuntu-latest for windows	Configure CMake	2026-01-31T22:07:36.1619770Z -- [download 64% complete]
Build on ubuntu-latest for windows	Configure CMake	2026-01-31T22:07:36.1635695Z -- [download 65% complete]
Build on ubuntu-latest for windows	Configure CMake	2026-01-31T22:07:36.1650849Z -- [download 66% complete]
Build on ubuntu-latest for windows	Configure CMake	2026-01-31T22:07:36.1666035Z -- [download 67% complete]
Build on ubuntu-latest for windows	Configure CMake	2026-01-31T22:07:36.1680467Z -- [download 68% complete]
Build on ubuntu-latest for windows	Configure CMake	2026-01-31T22:07:36.1695990Z -- [download 69% complete]
Build on ubuntu-latest for windows	Configure CMake	2026-01-31T22:07:36.1711865Z -- [download 70% complete]
Build on ubuntu-latest for windows	Configure CMake	2026-01-31T22:07:36.1727034Z -- [download 71% complete]
Build on ubuntu-latest for windows	Configure CMake	2026-01-31T22:07:36.1742240Z -- [download 72% complete]
Build on ubuntu-latest for windows	Configure CMake	2026-01-31T22:07:36.1757922Z -- [download 73% complete]
Build on ubuntu-latest for windows	Configure CMake	2026-01-31T22:07:36.1772692Z -- [download 74% complete]
Build on ubuntu-latest for windows	Configure CMake	2026-01-31T22:07:36.1788054Z -- [download 75% complete]
Build on ubuntu-latest for windows	Configure CMake	2026-01-31T22:07:36.1802992Z -- [download 76% complete]
Build on ubuntu-latest for windows	Configure CMake	2026-01-31T22:07:36.1818466Z -- [download 77% complete]
Build on ubuntu-latest for windows	Configure CMake	2026-01-31T22:07:36.1832321Z -- [download 78% complete]
Build on ubuntu-latest for windows	Configure CMake	2026-01-31T22:07:36.1846893Z -- [download 79% complete]
Build on ubuntu-latest for windows	Configure CMake	2026-01-31T22:07:36.1862667Z -- [download 80% complete]
Build on ubuntu-latest for windows	Configure CMake	2026-01-31T22:07:36.1878209Z -- [download 81% complete]
Build on ubuntu-latest for windows	Configure CMake	2026-01-31T22:07:36.1893444Z -- [download 82% complete]
Build on ubuntu-latest for windows	Configure CMake	2026-01-31T22:07:36.1909259Z -- [download 83% complete]
Build on ubuntu-latest for windows	Configure CMake	2026-01-31T22:07:36.1924476Z -- [download 84% complete]
Build on ubuntu-latest for windows	Configure CMake	2026-01-31T22:07:36.1938611Z -- [download 85% complete]
Build on ubuntu-latest for windows	Configure CMake	2026-01-31T22:07:36.1953221Z -- [download 86% complete]
Build on ubuntu-latest for windows	Configure CMake	2026-01-31T22:07:36.1967566Z -- [download 87% complete]
Build on ubuntu-latest for windows	Configure CMake	2026-01-31T22:07:36.1981925Z -- [download 88% complete]
Build on ubuntu-latest for windows	Configure CMake	2026-01-31T22:07:36.1995987Z -- [download 89% complete]
Build on ubuntu-latest for windows	Configure CMake	2026-01-31T22:07:36.2010438Z -- [download 90% complete]
Build on ubuntu-latest for windows	Configure CMake	2026-01-31T22:07:36.2024841Z -- [download 91% complete]
Build on ubuntu-latest for windows	Configure CMake	2026-01-31T22:07:36.2040422Z -- [download 92% complete]
Build on ubuntu-latest for windows	Configure CMake	2026-01-31T22:07:36.2055046Z -- [download 93% complete]
Build on ubuntu-latest for windows	Configure CMake	2026-01-31T22:07:36.2069114Z -- [download 94% complete]
Build on ubuntu-latest for windows	Configure CMake	2026-01-31T22:07:36.2083400Z -- [download 95% complete]
Build on ubuntu-latest for windows	Configure CMake	2026-01-31T22:07:36.2097698Z -- [download 96% complete]
Build on ubuntu-latest for windows	Configure CMake	2026-01-31T22:07:36.2112226Z -- [download 97% complete]
Build on ubuntu-latest for windows	Configure CMake	2026-01-31T22:07:36.2126545Z -- [download 98% complete]
Build on ubuntu-latest for windows	Configure CMake	2026-01-31T22:07:36.2141104Z -- [download 99% complete]
Build on ubuntu-latest for windows	Configure CMake	2026-01-31T22:07:36.2155420Z -- [download 100% complete]
Build on ubuntu-latest for windows	Configure CMake	2026-01-31T22:07:36.2176602Z -- Downloading Chinese font...
Build on ubuntu-latest for windows	Configure CMake	2026-01-31T22:07:37.1707247Z -- [download 0% complete]
Build on ubuntu-latest for windows	Configure CMake	2026-01-31T22:07:37.1949101Z -- [download 1% complete]
Build on ubuntu-latest for windows	Configure CMake	2026-01-31T22:07:37.2136437Z -- [download 2% complete]
Build on ubuntu-latest for windows	Configure CMake	2026-01-31T22:07:37.2266901Z -- [download 3% complete]
Build on ubuntu-latest for windows	Configure CMake	2026-01-31T22:07:37.2327593Z -- [download 4% complete]
Build on ubuntu-latest for windows	Configure CMake	2026-01-31T22:07:37.2408507Z -- [download 5% complete]
Build on ubuntu-latest for windows	Configure CMake	2026-01-31T22:07:37.2442299Z -- [download 6% complete]
Build on ubuntu-latest for windows	Configure CMake	2026-01-31T22:07:37.2470728Z -- [download 7% complete]
Build on ubuntu-latest for windows	Configure CMake	2026-01-31T22:07:37.2545288Z -- [download 8% complete]
Build on ubuntu-latest for windows	Configure CMake	2026-01-31T22:07:37.2569405Z -- [download 9% complete]
Build on ubuntu-latest for windows	Configure CMake	2026-01-31T22:07:37.2587251Z -- [download 10% complete]
Build on ubuntu-latest for windows	Configure CMake	2026-01-31T22:07:37.2602552Z -- [download 11% complete]
Build on ubuntu-latest for windows	Configure CMake	2026-01-31T22:07:37.2620327Z -- [download 12% complete]
Build on ubuntu-latest for windows	Configure CMake	2026-01-31T22:07:37.2635240Z -- [download 13% complete]
Build on ubuntu-latest for windows	Configure CMake	2026-01-31T22:07:37.2649187Z -- [download 14% complete]
Build on ubuntu-latest for windows	Configure CMake	2026-01-31T22:07:37.2667945Z -- [download 15% complete]
Build on ubuntu-latest for windows	Configure CMake	2026-01-31T22:07:37.2723360Z -- [download 16% complete]
Build on ubuntu-latest for windows	Configure CMake	2026-01-31T22:07:37.2739377Z -- [download 17% complete]
Build on ubuntu-latest for windows	Configure CMake	2026-01-31T22:07:37.2753288Z -- [download 18% complete]
Build on ubuntu-latest for windows	Configure CMake	2026-01-31T22:07:37.2768201Z -- [download 19% complete]
Build on ubuntu-latest for windows	Configure CMake	2026-01-31T22:07:37.2783788Z -- [download 20% complete]
Build on ubuntu-latest for windows	Configure CMake	2026-01-31T22:07:37.2798321Z -- [download 21% complete]
Build on ubuntu-latest for windows	Configure CMake	2026-01-31T22:07:37.2812430Z -- [download 22% complete]
Build on ubuntu-latest for windows	Configure CMake	2026-01-31T22:07:37.2828235Z -- [download 23% complete]
Build on ubuntu-latest for windows	Configure CMake	2026-01-31T22:07:37.2841177Z -- [download 24% complete]
Build on ubuntu-latest for windows	Configure CMake	2026-01-31T22:07:37.2855082Z -- [download 25% complete]
Build on ubuntu-latest for windows	Configure CMake	2026-01-31T22:07:37.2868832Z -- [download 26% complete]
Build on ubuntu-latest for windows	Configure CMake	2026-01-31T22:07:37.2882737Z -- [download 27% complete]
Build on ubuntu-latest for windows	Configure CMake	2026-01-31T22:07:37.2896843Z -- [download 28% complete]
Build on ubuntu-latest for windows	Configure CMake	2026-01-31T22:07:37.2911650Z -- [download 29% complete]
Build on ubuntu-latest for windows	Configure CMake	2026-01-31T22:07:37.2925297Z -- [download 30% complete]
Build on ubuntu-latest for windows	Configure CMake	2026-01-31T22:07:37.2939332Z -- [download 31% complete]
Build on ubuntu-latest for windows	Configure CMake	2026-01-31T22:07:37.2953524Z -- [download 32% complete]
Build on ubuntu-latest for windows	Configure CMake	2026-01-31T22:07:37.2967945Z -- [download 33% complete]
Build on ubuntu-latest for windows	Configure CMake	2026-01-31T22:07:37.2981794Z -- [download 34% complete]
Build on ubuntu-latest for windows	Configure CMake	2026-01-31T22:07:37.2997217Z -- [download 35% complete]
Build on ubuntu-latest for windows	Configure CMake	2026-01-31T22:07:37.3011139Z -- [download 36% complete]
Build on ubuntu-latest for windows	Configure CMake	2026-01-31T22:07:37.3024905Z -- [download 37% complete]
Build on ubuntu-latest for windows	Configure CMake	2026-01-31T22:07:37.3038219Z -- [download 38% complete]
Build on ubuntu-latest for windows	Configure CMake	2026-01-31T22:07:37.3052620Z -- [download 39% complete]
Build on ubuntu-latest for windows	Configure CMake	2026-01-31T22:07:37.3067221Z -- [download 40% complete]
Build on ubuntu-latest for windows	Configure CMake	2026-01-31T22:07:37.3081432Z -- [download 41% complete]
Build on ubuntu-latest for windows	Configure CMake	2026-01-31T22:07:37.3095287Z -- [download 42% complete]
Build on ubuntu-latest for windows	Configure CMake	2026-01-31T22:07:37.3109152Z -- [download 43% complete]
Build on ubuntu-latest for windows	Configure CMake	2026-01-31T22:07:37.3123271Z -- [download 44% complete]
Build on ubuntu-latest for windows	Configure CMake	2026-01-31T22:07:37.3137550Z -- [download 45% complete]
Build on ubuntu-latest for windows	Configure CMake	2026-01-31T22:07:37.3152392Z -- [download 46% complete]
Build on ubuntu-latest for windows	Configure CMake	2026-01-31T22:07:37.3166355Z -- [download 47% complete]
Build on ubuntu-latest for windows	Configure CMake	2026-01-31T22:07:37.3180463Z -- [download 48% complete]
Build on ubuntu-latest for windows	Configure CMake	2026-01-31T22:07:37.3194746Z -- [download 49% complete]
Build on ubuntu-latest for windows	Configure CMake	2026-01-31T22:07:37.3208235Z -- [download 50% complete]
Build on ubuntu-latest for windows	Configure CMake	2026-01-31T22:07:37.3222466Z -- [download 51% complete]
Build on ubuntu-latest for windows	Configure CMake	2026-01-31T22:07:37.3236130Z -- [download 52% complete]
Build on ubuntu-latest for windows	Configure CMake	2026-01-31T22:07:37.3249995Z -- [download 53% complete]
Build on ubuntu-latest for windows	Configure CMake	2026-01-31T22:07:37.3263994Z -- [download 54% complete]
Build on ubuntu-latest for windows	Configure CMake	2026-01-31T22:07:37.3277955Z -- [download 55% complete]
Build on ubuntu-latest for windows	Configure CMake	2026-01-31T22:07:37.3291922Z -- [download 56% complete]
Build on ubuntu-latest for windows	Configure CMake	2026-01-31T22:07:37.3306358Z -- [download 57% complete]
Build on ubuntu-latest for windows	Configure CMake	2026-01-31T22:07:37.3320620Z -- [download 58% complete]
Build on ubuntu-latest for windows	Configure CMake	2026-01-31T22:07:37.3334552Z -- [download 59% complete]
Build on ubuntu-latest for windows	Configure CMake	2026-01-31T22:07:37.3348537Z -- [download 60% complete]
Build on ubuntu-latest for windows	Configure CMake	2026-01-31T22:07:37.3362457Z -- [download 61% complete]
Build on ubuntu-latest for windows	Configure CMake	2026-01-31T22:07:37.3376343Z -- [download 62% complete]
Build on ubuntu-latest for windows	Configure CMake	2026-01-31T22:07:37.3390549Z -- [download 63% complete]
Build on ubuntu-latest for windows	Configure CMake	2026-01-31T22:07:37.3404643Z -- [download 64% complete]
Build on ubuntu-latest for windows	Configure CMake	2026-01-31T22:07:37.3419237Z -- [download 65% complete]
Build on ubuntu-latest for windows	Configure CMake	2026-01-31T22:07:37.3433182Z -- [download 66% complete]
Build on ubuntu-latest for windows	Configure CMake	2026-01-31T22:07:37.3448288Z -- [download 67% complete]
Build on ubuntu-latest for windows	Configure CMake	2026-01-31T22:07:37.3462066Z -- [download 68% complete]
Build on ubuntu-latest for windows	Configure CMake	2026-01-31T22:07:37.3476064Z -- [download 69% complete]
Build on ubuntu-latest for windows	Configure CMake	2026-01-31T22:07:37.3489855Z -- [download 70% complete]
Build on ubuntu-latest for windows	Configure CMake	2026-01-31T22:07:37.3503838Z -- [download 71% complete]
Build on ubuntu-latest for windows	Configure CMake	2026-01-31T22:07:37.3517869Z -- [download 72% complete]
Build on ubuntu-latest for windows	Configure CMake	2026-01-31T22:07:37.3531772Z -- [download 73% complete]
Build on ubuntu-latest for windows	Configure CMake	2026-01-31T22:07:37.3545061Z -- [download 74% complete]
Build on ubuntu-latest for windows	Configure CMake	2026-01-31T22:07:37.3559121Z -- [download 75% complete]
Build on ubuntu-latest for windows	Configure CMake	2026-01-31T22:07:37.3573137Z -- [download 76% complete]
Build on ubuntu-latest for windows	Configure CMake	2026-01-31T22:07:37.3587511Z -- [download 77% complete]
Build on ubuntu-latest for windows	Configure CMake	2026-01-31T22:07:37.3601550Z -- [download 78% complete]
Build on ubuntu-latest for windows	Configure CMake	2026-01-31T22:07:37.3616815Z -- [download 79% complete]
Build on ubuntu-latest for windows	Configure CMake	2026-01-31T22:07:37.3630453Z -- [download 80% complete]
Build on ubuntu-latest for windows	Configure CMake	2026-01-31T22:07:37.3644347Z -- [download 81% complete]
Build on ubuntu-latest for windows	Configure CMake	2026-01-31T22:07:37.3658263Z -- [download 82% complete]
Build on ubuntu-latest for windows	Configure CMake	2026-01-31T22:07:37.3671954Z -- [download 83% complete]
Build on ubuntu-latest for windows	Configure CMake	2026-01-31T22:07:37.3686174Z -- [download 84% complete]
Build on ubuntu-latest for windows	Configure CMake	2026-01-31T22:07:37.3700081Z -- [download 85% complete]
Build on ubuntu-latest for windows	Configure CMake	2026-01-31T22:07:37.3713969Z -- [download 86% complete]
Build on ubuntu-latest for windows	Configure CMake	2026-01-31T22:07:37.3727879Z -- [download 87% complete]
Build on ubuntu-latest for windows	Configure CMake	2026-01-31T22:07:37.3741554Z -- [download 88% complete]
Build on ubuntu-latest for windows	Configure CMake	2026-01-31T22:07:37.3756236Z -- [download 89% complete]
Build on ubuntu-latest for windows	Configure CMake	2026-01-31T22:07:37.3769675Z -- [download 90% complete]
Build on ubuntu-latest for windows	Configure CMake	2026-01-31T22:07:37.3783487Z -- [download 91% complete]
Build on ubuntu-latest for windows	Configure CMake	2026-01-31T22:07:37.3796972Z -- [download 92% complete]
Build on ubuntu-latest for windows	Configure CMake	2026-01-31T22:07:37.3812266Z -- [download 93% complete]
Build on ubuntu-latest for windows	Configure CMake	2026-01-31T22:07:37.3825944Z -- [download 94% complete]
Build on ubuntu-latest for windows	Configure CMake	2026-01-31T22:07:37.3839071Z -- [download 95% complete]
Build on ubuntu-latest for windows	Configure CMake	2026-01-31T22:07:37.3853821Z -- [download 96% complete]
Build on ubuntu-latest for windows	Configure CMake	2026-01-31T22:07:37.3868145Z -- [download 97% complete]
Build on ubuntu-latest for windows	Configure CMake	2026-01-31T22:07:37.3882683Z -- [download 98% complete]
Build on ubuntu-latest for windows	Configure CMake	2026-01-31T22:07:37.3894776Z -- [download 99% complete]
Build on ubuntu-latest for windows	Configure CMake	2026-01-31T22:07:37.3908712Z -- [download 100% complete]
Build on ubuntu-latest for windows	Configure CMake	2026-01-31T22:07:37.5230827Z -- Found Python3: /usr/bin/python3.12 (found version "3.12.3") found components: Interpreter
Build on ubuntu-latest for windows	Configure CMake	2026-01-31T22:07:47.9299701Z -- Performing Test CMAKE_HAVE_LIBC_PTHREAD
Build on ubuntu-latest for windows	Configure CMake	2026-01-31T22:07:48.0169608Z -- Performing Test CMAKE_HAVE_LIBC_PTHREAD - Failed
Build on ubuntu-latest for windows	Configure CMake	2026-01-31T22:07:48.0170156Z -- Looking for pthread_create in pthreads
Build on ubuntu-latest for windows	Configure CMake	2026-01-31T22:07:48.1027306Z -- Looking for pthread_create in pthreads - not found
Build on ubuntu-latest for windows	Configure CMake	2026-01-31T22:07:48.1027868Z -- Looking for pthread_create in pthread
Build on ubuntu-latest for windows	Configure CMake	2026-01-31T22:07:48.1847465Z -- Looking for pthread_create in pthread - found
Build on ubuntu-latest for windows	Configure CMake	2026-01-31T22:07:48.1856647Z -- Found Threads: TRUE
Build on ubuntu-latest for windows	Configure CMake	2026-01-31T22:07:48.2072955Z -- Could NOT find Doxygen (missing: DOXYGEN_EXECUTABLE) 
Build on ubuntu-latest for windows	Configure CMake	2026-01-31T22:07:48.2078881Z -- Looking for dinput.h
Build on ubuntu-latest for windows	Configure CMake	2026-01-31T22:07:48.8290121Z -- Looking for dinput.h - found
Build on ubuntu-latest for windows	Configure CMake	2026-01-31T22:07:48.8290646Z -- Looking for xinput.h
Build on ubuntu-latest for windows	Configure CMake	2026-01-31T22:07:49.1856330Z -- Looking for xinput.h - found
Build on ubuntu-latest for windows	Configure CMake	2026-01-31T22:07:49.2023336Z -- Performing Test _GLFW_HAS_DEP
Build on ubuntu-latest for windows	Configure CMake	2026-01-31T22:07:49.2815875Z -- Performing Test _GLFW_HAS_DEP - Success
Build on ubuntu-latest for windows	Configure CMake	2026-01-31T22:07:49.2823543Z -- Performing Test _GLFW_HAS_ASLR
Build on ubuntu-latest for windows	Configure CMake	2026-01-31T22:07:49.3628472Z -- Performing Test _GLFW_HAS_ASLR - Success
Build on ubuntu-latest for windows	Configure CMake	2026-01-31T22:07:49.3636458Z -- Performing Test _GLFW_HAS_64ASLR
Build on ubuntu-latest for windows	Configure CMake	2026-01-31T22:07:49.4439368Z -- Performing Test _GLFW_HAS_64ASLR - Success
Build on ubuntu-latest for windows	Configure CMake	2026-01-31T22:07:49.4439928Z -- Using Win32 for window creation
Build on ubuntu-latest for windows	Configure CMake	2026-01-31T22:08:09.2207199Z CMake Deprecation Warning at build-windows/_deps/imgui_filedialog-src/CMakeLists.txt:1 (cmake_minimum_required):
Build on ubuntu-latest for windows	Configure CMake	2026-01-31T22:08:09.2208497Z   Compatibility with CMake < 3.10 will be removed from a future version of
Build on ubuntu-latest for windows	Configure CMake	2026-01-31T22:08:09.2209061Z   CMake.
Build on ubuntu-latest for windows	Configure CMake	2026-01-31T22:08:09.2209201Z 
Build on ubuntu-latest for windows	Configure CMake	2026-01-31T22:08:09.2209507Z   Update the VERSION argument <min> value.  Or, use the <min>...<max> syntax
Build on ubuntu-latest for windows	Configure CMake	2026-01-31T22:08:09.2210308Z   to tell CMake that the project requires at least <min> but has been updated
Build on ubuntu-latest for windows	Configure CMake	2026-01-31T22:08:09.2211038Z   to work with policies introduced by <max> or earlier.
Build on ubuntu-latest for windows	Configure CMake	2026-01-31T22:08:09.2211411Z 
Build on ubuntu-latest for windows	Configure CMake	2026-01-31T22:08:09.2211426Z 
Build on ubuntu-latest for windows	Configure CMake	2026-01-31T22:08:09.2579524Z -- Found OpenGL: opengl32
Build on ubuntu-latest for windows	Configure CMake	2026-01-31T22:08:09.2585385Z -- Configuring done (36.2s)
Build on ubuntu-latest for windows	Configure CMake	2026-01-31T22:08:09.2974203Z CMake Warning:
Build on ubuntu-latest for windows	Configure CMake	2026-01-31T22:08:09.2974549Z   Manually-specified variables were not used by the project:
Build on ubuntu-latest for windows	Configure CMake	2026-01-31T22:08:09.2974785Z 
Build on ubuntu-latest for windows	Configure CMake	2026-01-31T22:08:09.2974858Z     BUILD_STATIC_WIN
Build on ubuntu-latest for windows	Configure CMake	2026-01-31T22:08:09.2974987Z 
Build on ubuntu-latest for windows	Configure CMake	2026-01-31T22:08:09.2974991Z 
Build on ubuntu-latest for windows	Configure CMake	2026-01-31T22:08:09.2975073Z -- Generating done (0.0s)
Build on ubuntu-latest for windows	Configure CMake	2026-01-31T22:08:09.2976937Z -- Build files have been written to: /home/runner/work/motor-curve-control/motor-curve-control/build-windows
Build on ubuntu-latest for windows	Build	ï»¿2026-01-31T22:08:09.3061210Z ##[group]Run cmake --build build-windows --config Release -j$(nproc)
Build on ubuntu-latest for windows	Build	2026-01-31T22:08:09.3061647Z [36;1mcmake --build build-windows --config Release -j$(nproc)[0m
Build on ubuntu-latest for windows	Build	2026-01-31T22:08:09.3082459Z shell: /usr/bin/bash -e {0}
Build on ubuntu-latest for windows	Build	2026-01-31T22:08:09.3082707Z ##[endgroup]
Build on ubuntu-latest for windows	Build	2026-01-31T22:08:09.3281914Z [  3%] Building C object _deps/glfw-build/src/CMakeFiles/glfw.dir/context.c.obj
Build on ubuntu-latest for windows	Build	2026-01-31T22:08:09.3283122Z [  6%] Building C object _deps/glfw-build/src/CMakeFiles/glfw.dir/init.c.obj
Build on ubuntu-latest for windows	Build	2026-01-31T22:08:09.3288291Z [ 13%] Building CXX object _deps/imgui_filedialog-build/CMakeFiles/ImGuiFileDialog.dir/ImGuiFileDialog.cpp.obj
Build on ubuntu-latest for windows	Build	2026-01-31T22:08:09.3289318Z [ 13%] Building CXX object CMakeFiles/imgui.dir/_deps/imgui-src/imgui.cpp.obj
Build on ubuntu-latest for windows	Build	2026-01-31T22:08:09.3397315Z In file included from /home/runner/work/motor-curve-control/motor-curve-control/build-windows/_deps/imgui_filedialog-src/ImGuiFileDialog.cpp:32:
Build on ubuntu-latest for windows	Build	2026-01-31T22:08:09.3399320Z /home/runner/work/motor-curve-control/motor-curve-control/build-windows/_deps/imgui_filedialog-src/ImGuiFileDialog.h:1025:10: fatal error: imgui.h: No such file or directory
Build on ubuntu-latest for windows	Build	2026-01-31T22:08:09.3400714Z  1025 | #include <imgui.h>
Build on ubuntu-latest for windows	Build	2026-01-31T22:08:09.3401083Z       |          ^~~~~~~~~
Build on ubuntu-latest for windows	Build	2026-01-31T22:08:09.3401464Z compilation terminated.
Build on ubuntu-latest for windows	Build	2026-01-31T22:08:09.3416385Z gmake[2]: *** [_deps/imgui_filedialog-build/CMakeFiles/ImGuiFileDialog.dir/build.make:80: _deps/imgui_filedialog-build/CMakeFiles/ImGuiFileDialog.dir/ImGuiFileDialog.cpp.obj] Error 1
Build on ubuntu-latest for windows	Build	2026-01-31T22:08:09.3422923Z gmake[1]: *** [CMakeFiles/Makefile2:284: _deps/imgui_filedialog-build/CMakeFiles/ImGuiFileDialog.dir/all] Error 2
Build on ubuntu-latest for windows	Build	2026-01-31T22:08:09.3424032Z gmake[1]: *** Waiting for unfinished jobs....
Build on ubuntu-latest for windows	Build	2026-01-31T22:08:09.3451141Z [ 17%] Building C object _deps/glfw-build/src/CMakeFiles/glfw.dir/input.c.obj
Build on ubuntu-latest for windows	Build	2026-01-31T22:08:10.3901579Z [ 20%] Building CXX object CMakeFiles/imgui.dir/_deps/imgui-src/imgui_demo.cpp.obj
Build on ubuntu-latest for windows	Build	2026-01-31T22:08:10.4737055Z [ 24%] Building CXX object CMakeFiles/imgui.dir/_deps/imgui-src/imgui_draw.cpp.obj
Build on ubuntu-latest for windows	Build	2026-01-31T22:08:10.7711815Z [ 27%] Building C object _deps/glfw-build/src/CMakeFiles/glfw.dir/monitor.c.obj
Build on ubuntu-latest for windows	Build	2026-01-31T22:08:11.9178727Z [ 31%] Building C object _deps/glfw-build/src/CMakeFiles/glfw.dir/vulkan.c.obj
Build on ubuntu-latest for windows	Build	2026-01-31T22:08:13.1541330Z [ 34%] Building C object _deps/glfw-build/src/CMakeFiles/glfw.dir/window.c.obj
Build on ubuntu-latest for windows	Build	2026-01-31T22:08:14.7745201Z [ 37%] Building C object _deps/glfw-build/src/CMakeFiles/glfw.dir/win32_init.c.obj
Build on ubuntu-latest for windows	Build	2026-01-31T22:08:15.1773442Z [ 41%] Building C object _deps/glfw-build/src/CMakeFiles/glfw.dir/win32_joystick.c.obj
Build on ubuntu-latest for windows	Build	2026-01-31T22:08:15.8936297Z [ 44%] Building CXX object CMakeFiles/imgui.dir/_deps/imgui-src/imgui_tables.cpp.obj
Build on ubuntu-latest for windows	Build	2026-01-31T22:08:16.3013213Z [ 48%] Building C object _deps/glfw-build/src/CMakeFiles/glfw.dir/win32_monitor.c.obj
Build on ubuntu-latest for windows	Build	2026-01-31T22:08:17.5557506Z [ 51%] Building C object _deps/glfw-build/src/CMakeFiles/glfw.dir/win32_time.c.obj
Build on ubuntu-latest for windows	Build	2026-01-31T22:08:17.6713714Z [ 55%] Building C object _deps/glfw-build/src/CMakeFiles/glfw.dir/win32_thread.c.obj
Build on ubuntu-latest for windows	Build	2026-01-31T22:08:18.4982218Z [ 58%] Building CXX object CMakeFiles/imgui.dir/_deps/imgui-src/imgui_widgets.cpp.obj
Build on ubuntu-latest for windows	Build	2026-01-31T22:08:18.6303200Z [ 62%] Building C object _deps/glfw-build/src/CMakeFiles/glfw.dir/win32_window.c.obj
Build on ubuntu-latest for windows	Build	2026-01-31T22:08:19.5710586Z [ 65%] Building C object _deps/glfw-build/src/CMakeFiles/glfw.dir/wgl_context.c.obj
Build on ubuntu-latest for windows	Build	2026-01-31T22:08:20.1822810Z [ 68%] Building CXX object CMakeFiles/imgui.dir/_deps/imgui-src/backends/imgui_impl_glfw.cpp.obj
Build on ubuntu-latest for windows	Build	2026-01-31T22:08:20.7580730Z [ 72%] Building C object _deps/glfw-build/src/CMakeFiles/glfw.dir/egl_context.c.obj
Build on ubuntu-latest for windows	Build	2026-01-31T22:08:21.8726563Z [ 75%] Building C object _deps/glfw-build/src/CMakeFiles/glfw.dir/osmesa_context.c.obj
Build on ubuntu-latest for windows	Build	2026-01-31T22:08:21.9139766Z [ 79%] Building CXX object CMakeFiles/imgui.dir/_deps/imgui-src/backends/imgui_impl_opengl3.cpp.obj
Build on ubuntu-latest for windows	Build	2026-01-31T22:08:22.0879595Z [ 82%] Building CXX object CMakeFiles/imgui.dir/_deps/imgui_filedialog-src/ImGuiFileDialog.cpp.obj
Build on ubuntu-latest for windows	Build	2026-01-31T22:08:22.8883451Z [ 86%] Linking C shared library glfw3.dll
Build on ubuntu-latest for windows	Build	2026-01-31T22:08:22.9919765Z [ 86%] Built target glfw
Build on ubuntu-latest for windows	Build	2026-01-31T22:08:24.3419039Z ##[error]The operation was canceled.
Build on ubuntu-latest for windows	Post Checkout code	ï»¿2026-01-31T22:08:24.3564691Z Post job cleanup.
Build on ubuntu-latest for windows	Post Checkout code	2026-01-31T22:08:24.4963544Z [command]/usr/bin/git version
Build on ubuntu-latest for windows	Post Checkout code	2026-01-31T22:08:24.5016015Z git version 2.52.0
Build on ubuntu-latest for windows	Post Checkout code	2026-01-31T22:08:24.5077348Z Temporarily overriding HOME='/home/runner/work/_temp/d6b71303-e693-4f6a-ad38-55c15ce3435c' before making global git config changes
Build on ubuntu-latest for windows	Post Checkout code	2026-01-31T22:08:24.5079717Z Adding repository directory to the temporary git global config as a safe directory
Build on ubuntu-latest for windows	Post Checkout code	2026-01-31T22:08:24.5084557Z [command]/usr/bin/git config --global --add safe.directory /home/runner/work/motor-curve-control/motor-curve-control
Build on ubuntu-latest for windows	Post Checkout code	2026-01-31T22:08:24.5132439Z [command]/usr/bin/git config --local --name-only --get-regexp core\.sshCommand
Build on ubuntu-latest for windows	Post Checkout code	2026-01-31T22:08:24.5171007Z [command]/usr/bin/git submodule foreach --recursive sh -c "git config --local --name-only --get-regexp 'core\.sshCommand' && git config --local --unset-all 'core.sshCommand' || :"
Build on ubuntu-latest for windows	Post Checkout code	2026-01-31T22:08:24.5422091Z [command]/usr/bin/git config --local --name-only --get-regexp http\.https\:\/\/github\.com\/\.extraheader
Build on ubuntu-latest for windows	Post Checkout code	2026-01-31T22:08:24.5457841Z http.https://github.com/.extraheader
Build on ubuntu-latest for windows	Post Checkout code	2026-01-31T22:08:24.5476625Z [command]/usr/bin/git config --local --unset-all http.https://github.com/.extraheader
Build on ubuntu-latest for windows	Post Checkout code	2026-01-31T22:08:24.5528856Z [command]/usr/bin/git submodule foreach --recursive sh -c "git config --local --name-only --get-regexp 'http\.https\:\/\/github\.com\/\.extraheader' && git config --local --unset-all 'http.https://github.com/.extraheader' || :"
Build on ubuntu-latest for windows	Post Checkout code	2026-01-31T22:08:24.5796552Z [command]/usr/bin/git config --local --name-only --get-regexp ^includeIf\.gitdir:
Build on ubuntu-latest for windows	Post Checkout code	2026-01-31T22:08:24.5838255Z [command]/usr/bin/git submodule foreach --recursive git config --local --show-origin --name-only --get-regexp remote.origin.url
Build on ubuntu-latest for windows	Complete job	ï»¿2026-01-31T22:08:24.6252974Z Cleaning up orphan processes
Build on ubuntu-latest for windows	Complete job	2026-01-31T22:08:24.6668887Z Terminate orphan process: pid (3749) (cmake)
Build on ubuntu-latest for windows	Complete job	2026-01-31T22:08:24.6696481Z Terminate orphan process: pid (3750) (gmake)
Build on ubuntu-latest for windows	Complete job	2026-01-31T22:08:24.6722839Z Terminate orphan process: pid (3753) (gmake)
Build on ubuntu-latest for windows	Complete job	2026-01-31T22:08:24.6749735Z Terminate orphan process: pid (3764) (gmake)
Build on ubuntu-latest for windows	Complete job	2026-01-31T22:08:24.6776332Z Terminate orphan process: pid (3858) (x86_64-w64-mingw32-g++)
Build on ubuntu-latest for windows	Complete job	2026-01-31T22:08:24.6807879Z Terminate orphan process: pid (3859) (cc1plus)
Build on ubuntu-latest for windows	Complete job	2026-01-31T22:08:24.6834731Z Terminate orphan process: pid (3897) (x86_64-w64-mingw32-g++)
Build on ubuntu-latest for windows	Complete job	2026-01-31T22:08:24.6868096Z Terminate orphan process: pid (3898) (cc1plus)
